#
# There is insufficient memory for the Java Runtime Environment to continue.
# Native memory allocation (malloc) failed to allocate 1365296 bytes for Chunk::new
# Possible reasons:
#   The system is out of physical RAM or swap space
#   The process is running with CompressedOops enabled, and the Java Heap may be blocking the growth of the native heap
# Possible solutions:
#   Reduce memory load on the system
#   Increase physical memory or swap space
#   Check if swap backing store is full
#   Decrease Java heap size (-Xmx/-Xms)
#   Decrease number of Java threads
#   Decrease Java thread stack sizes (-Xss)
#   Set larger code cache with -XX:ReservedCodeCacheSize=
#   JVM is running with Unscaled Compressed Oops mode in which the Java heap is
#     placed in the first 4GB address space. The Java Heap base address is the
#     maximum limit for the native heap growth. Please use -XX:HeapBaseMinAddress
#     to set the Java Heap base and to place the Java Heap above 4GB virtual address.
# This output file may be truncated or incomplete.
#
#  Out of Memory Error (./src/hotspot/share/memory/arena.cpp:197), pid=24460, tid=7936
#
# JRE version: OpenJDK Runtime Environment (11.0.12+7) (build 11.0.12+7-b1504.28-7817840)
# Java VM: OpenJDK 64-Bit Server VM (11.0.12+7-b1504.28-7817840, mixed mode, tiered, compressed oops, g1 gc, windows-amd64)
# No core dump will be written. Minidumps are not enabled by default on client versions of Windows
#

---------------  S U M M A R Y ------------

Command Line: --add-opens=java.base/java.util=ALL-UNNAMED --add-opens=java.base/java.lang=ALL-UNNAMED --add-opens=java.base/java.lang.invoke=ALL-UNNAMED --add-opens=java.base/java.util=ALL-UNNAMED --add-opens=java.prefs/java.util.prefs=ALL-UNNAMED --add-opens=java.prefs/java.util.prefs=ALL-UNNAMED --add-opens=java.base/java.nio.charset=ALL-UNNAMED --add-opens=java.base/java.net=ALL-UNNAMED --add-opens=java.base/java.util.concurrent.atomic=ALL-UNNAMED -Xmx2048m -Dfile.encoding=UTF-8 -Duser.country=GB -Duser.language=en -Duser.variant org.gradle.launcher.daemon.bootstrap.GradleDaemon 7.3.3

Host: Intel(R) Core(TM) i5-6200U CPU @ 2.30GHz, 4 cores, 7G,  Windows 10 , 64 bit Build 19041 (10.0.19041.1889)
Time: Thu Sep  8 14:56:04 2022 SA Pacific Standard Time elapsed time: 630.929370 seconds (0d 0h 10m 30s)

---------------  T H R E A D  ---------------

Current thread (0x00000283ff63b000):  JavaThread "C2 CompilerThread1" daemon [_thread_in_native, id=7936, stack(0x000000ace5a00000,0x000000ace5b00000)]


Current CompileTask:
C2: 630929 16533       4       java.io.ObjectOutputStream::writeClassDesc (60 bytes)

Stack: [0x000000ace5a00000,0x000000ace5b00000]
Native frames: (J=compiled Java code, j=interpreted, Vv=VM code, C=native code)
V  [jvm.dll+0x5fbcea]
V  [jvm.dll+0x731905]
V  [jvm.dll+0x732f1d]
V  [jvm.dll+0x7335d3]
V  [jvm.dll+0x247bf8]
V  [jvm.dll+0xc018c]
V  [jvm.dll+0xc06cc]
V  [jvm.dll+0x35b31d]
V  [jvm.dll+0x19d0bc]
V  [jvm.dll+0x20070e]
V  [jvm.dll+0x1ff794]
V  [jvm.dll+0x18868c]
V  [jvm.dll+0x20e0d7]
V  [jvm.dll+0x20c901]
V  [jvm.dll+0x6f9b7f]
V  [jvm.dll+0x6f26a5]
V  [jvm.dll+0x5fabf6]
C  [ucrtbase.dll+0x21bb2]
C  [KERNEL32.DLL+0x17034]
C  [ntdll.dll+0x52651]


---------------  P R O C E S S  ---------------

Threads class SMR info:
_java_thread_list=0x00000283ff953470, length=94, elements={
0x00000283e1956000, 0x00000283fb541800, 0x00000283fb545000, 0x00000283fb55f000,
0x00000283fb55f800, 0x00000283fb561800, 0x00000283fb567000, 0x00000283fb573000,
0x00000283fb58c000, 0x00000283fc01a800, 0x00000283fe0cf000, 0x00000283fcd0f800,
0x00000283fe8b9000, 0x00000283fe910000, 0x00000283fe913800, 0x00000283fe911000,
0x00000283fe911800, 0x00000283fe912800, 0x00000283ff725000, 0x00000283ff723000,
0x00000283ff724000, 0x00000283ff725800, 0x00000283ff729000, 0x00000283ff63a800,
0x00000283ff637000, 0x00000283836ef800, 0x00000283836ed800, 0x00000283836f4000,
0x00000283836f0800, 0x00000283836f8000, 0x00000283ff634800, 0x00000283ff62f800,
0x00000283ff631800, 0x00000283ff632000, 0x00000283ff633000, 0x00000283ff630800,
0x00000283ff635800, 0x00000283ff636000, 0x00000283ff638000, 0x00000283ff638800,
0x00000283ff634000, 0x00000283ff63b000, 0x00000283ff639800, 0x00000283ff63c000,
0x00000283ff63d000, 0x00000283ff63e800, 0x00000283836f1800, 0x00000283836ee000,
0x00000283836f2000, 0x00000283836f4800, 0x00000283836ef000, 0x00000283836f5800,
0x00000283836f8800, 0x00000283836f3000, 0x00000283836fc000, 0x00000283836f9800,
0x00000283836fa800, 0x00000283836f7000, 0x00000283836fb000, 0x00000283836f6800,
0x00000283ff726800, 0x00000283ff722800, 0x00000283ff720800, 0x00000283ff72d000,
0x00000283ff72c000, 0x00000283ff72b800, 0x00000283ff729800, 0x00000283ff727000,
0x00000283ff72d800, 0x00000283ff728000, 0x00000283ff72a800, 0x00000283fe90d800,
0x00000283fe914000, 0x00000283fe90e800, 0x00000283fe90f000, 0x00000283fe1bc800,
0x00000283fe1bd800, 0x00000283fe1c0800, 0x00000283fe1be800, 0x00000283fe1c1800,
0x00000283fe1bf000, 0x00000283fe1bc000, 0x00000283fe1c5000, 0x00000283fe1c0000,
0x00000283fe1c5800, 0x00000283fe1c3000, 0x00000283fe1c7000, 0x00000283fe1c8000,
0x00000283fe1c2800, 0x00000283fe1c9000, 0x00000283fe1c4000, 0x00000283fe1ca800,
0x00000283fe1c6800, 0x00000283fe6b3000
}

Java Threads: ( => current thread )
  0x00000283e1956000 JavaThread "main" [_thread_blocked, id=18912, stack(0x000000ace3500000,0x000000ace3600000)]
  0x00000283fb541800 JavaThread "Reference Handler" daemon [_thread_blocked, id=3128, stack(0x000000ace3c00000,0x000000ace3d00000)]
  0x00000283fb545000 JavaThread "Finalizer" daemon [_thread_blocked, id=21020, stack(0x000000ace3d00000,0x000000ace3e00000)]
  0x00000283fb55f000 JavaThread "Signal Dispatcher" daemon [_thread_blocked, id=18436, stack(0x000000ace3e00000,0x000000ace3f00000)]
  0x00000283fb55f800 JavaThread "Attach Listener" daemon [_thread_blocked, id=24552, stack(0x000000ace3f00000,0x000000ace4000000)]
  0x00000283fb561800 JavaThread "Service Thread" daemon [_thread_blocked, id=16032, stack(0x000000ace4000000,0x000000ace4100000)]
  0x00000283fb567000 JavaThread "C2 CompilerThread0" daemon [_thread_blocked, id=18656, stack(0x000000ace4100000,0x000000ace4200000)]
  0x00000283fb573000 JavaThread "C1 CompilerThread0" daemon [_thread_blocked, id=14592, stack(0x000000ace4200000,0x000000ace4300000)]
  0x00000283fb58c000 JavaThread "Sweeper thread" daemon [_thread_blocked, id=13528, stack(0x000000ace4300000,0x000000ace4400000)]
  0x00000283fc01a800 JavaThread "Common-Cleaner" daemon [_thread_blocked, id=7252, stack(0x000000ace4400000,0x000000ace4500000)]
  0x00000283fe0cf000 JavaThread "Daemon health stats" [_thread_blocked, id=19228, stack(0x000000ace4900000,0x000000ace4a00000)]
  0x00000283fcd0f800 JavaThread "Incoming local TCP Connector on port 63009" [_thread_in_native, id=23916, stack(0x000000ace4600000,0x000000ace4700000)]
  0x00000283fe8b9000 JavaThread "Daemon periodic checks" [_thread_blocked, id=15660, stack(0x000000ace4a00000,0x000000ace4b00000)]
  0x00000283fe910000 JavaThread "Cache worker for journal cache (C:\Users\renzo\.gradle\caches\journal-1)" [_thread_blocked, id=20680, stack(0x000000ace5300000,0x000000ace5400000)]
  0x00000283fe913800 JavaThread "File lock request listener" [_thread_in_native, id=7000, stack(0x000000ace5400000,0x000000ace5500000)]
  0x00000283fe911000 JavaThread "Cache worker for file hash cache (C:\Users\renzo\.gradle\caches\7.3.3\fileHashes)" [_thread_blocked, id=18820, stack(0x000000ace5500000,0x000000ace5600000)]
  0x00000283fe911800 JavaThread "File watcher server" daemon [_thread_in_native, id=4676, stack(0x000000ace5800000,0x000000ace5900000)]
  0x00000283fe912800 JavaThread "File watcher consumer" daemon [_thread_blocked, id=16544, stack(0x000000ace5900000,0x000000ace5a00000)]
  0x00000283ff725000 JavaThread "Cache worker for execution history cache (C:\Users\renzo\.gradle\caches\7.3.3\executionHistory)" [_thread_blocked, id=1772, stack(0x000000ace5c00000,0x000000ace5d00000)]
  0x00000283ff723000 JavaThread "jar transforms" [_thread_blocked, id=9972, stack(0x000000ace5e00000,0x000000ace5f00000)]
  0x00000283ff724000 JavaThread "Cache worker for file content cache (C:\Users\renzo\.gradle\caches\7.3.3\fileContent)" [_thread_blocked, id=9292, stack(0x000000ace5f00000,0x000000ace6000000)]
  0x00000283ff725800 JavaThread "jar transforms Thread 2" [_thread_blocked, id=16980, stack(0x000000ace6000000,0x000000ace6100000)]
  0x00000283ff729000 JavaThread "jar transforms Thread 3" [_thread_blocked, id=2916, stack(0x000000ace6200000,0x000000ace6300000)]
  0x00000283ff63a800 JavaThread "jar transforms Thread 4" [_thread_blocked, id=19500, stack(0x000000ace8c00000,0x000000ace8d00000)]
  0x00000283ff637000 JavaThread "Memory manager" [_thread_blocked, id=14136, stack(0x000000ace8d00000,0x000000ace8e00000)]
  0x00000283836ef800 JavaThread "RMI Scheduler(0)" daemon [_thread_blocked, id=13296, stack(0x000000ace3200000,0x000000ace3300000)]
  0x00000283836ed800 JavaThread "RMI GC Daemon" daemon [_thread_blocked, id=1320, stack(0x000000ace9400000,0x000000ace9500000)]
  0x00000283836f4000 JavaThread "RMI TCP Accept-0" daemon [_thread_in_native, id=9100, stack(0x000000ace9500000,0x000000ace9600000)]
  0x00000283836f0800 JavaThread "RMI Reaper" [_thread_blocked, id=5136, stack(0x000000ace9600000,0x000000ace9700000)]
  0x00000283836f8000 JavaThread "ForkJoinPool.commonPool-worker-5" daemon [_thread_blocked, id=10528, stack(0x000000ace9e00000,0x000000ace9f00000)]
  0x00000283ff634800 JavaThread "Daemon Thread 2" [_thread_blocked, id=6284, stack(0x000000ace3300000,0x000000ace3400000)]
  0x00000283ff62f800 JavaThread "Daemon worker Thread 2" [_thread_blocked, id=9984, stack(0x000000ace4c00000,0x000000ace4d00000)]
  0x00000283ff631800 JavaThread "Handler for socket connection from /127.0.0.1:63009 to /127.0.0.1:49735" [_thread_in_native, id=19876, stack(0x000000ace3400000,0x000000ace3500000)]
  0x00000283ff632000 JavaThread "Cancel handler" [_thread_blocked, id=19376, stack(0x000000ace4b00000,0x000000ace4c00000)]
  0x00000283ff633000 JavaThread "Asynchronous log dispatcher for DefaultDaemonConnection: socket connection from /127.0.0.1:63009 to /127.0.0.1:49735" [_thread_blocked, id=12452, stack(0x000000ace4d00000,0x000000ace4e00000)]
  0x00000283ff630800 JavaThread "Stdin handler" [_thread_blocked, id=244, stack(0x000000ace4e00000,0x000000ace4f00000)]
  0x00000283ff635800 JavaThread "Daemon client event forwarder" [_thread_blocked, id=12928, stack(0x000000ace4f00000,0x000000ace5000000)]
  0x00000283ff636000 JavaThread "Cache worker for file hash cache (D:\renzo\Dev\UPC-CICLO-VI\Mobile Apps\GeoQuiz\.gradle\7.3.3\fileHashes)" [_thread_blocked, id=11156, stack(0x000000ace5000000,0x000000ace5100000)]
  0x00000283ff638000 JavaThread "Cache worker for checksums cache (D:\renzo\Dev\UPC-CICLO-VI\Mobile Apps\GeoQuiz\.gradle\7.3.3\checksums)" [_thread_blocked, id=18892, stack(0x000000ace5100000,0x000000ace5200000)]
  0x00000283ff638800 JavaThread "Cache worker for cache directory md-supplier (C:\Users\renzo\.gradle\caches\7.3.3\md-supplier)" [_thread_blocked, id=10776, stack(0x000000ace5600000,0x000000ace5700000)]
  0x00000283ff634000 JavaThread "Cache worker for cache directory md-rule (C:\Users\renzo\.gradle\caches\7.3.3\md-rule)" [_thread_blocked, id=4568, stack(0x000000ace5700000,0x000000ace5800000)]
=>0x00000283ff63b000 JavaThread "C2 CompilerThread1" daemon [_thread_in_native, id=7936, stack(0x000000ace5a00000,0x000000ace5b00000)]
  0x00000283ff639800 JavaThread "Cache worker for dependencies-accessors (D:\renzo\Dev\UPC-CICLO-VI\Mobile Apps\GeoQuiz\.gradle\7.3.3\dependencies-accessors)" [_thread_blocked, id=11652, stack(0x000000ace5b00000,0x000000ace5c00000)]
  0x00000283ff63c000 JavaThread "Cache worker for Build Output Cleanup Cache (D:\renzo\Dev\UPC-CICLO-VI\Mobile Apps\GeoQuiz\.gradle\buildOutputCleanup)" [_thread_blocked, id=20956, stack(0x000000ace5d00000,0x000000ace5e00000)]
  0x00000283ff63d000 JavaThread "Unconstrained build operations" [_thread_blocked, id=14912, stack(0x000000ace6100000,0x000000ace6200000)]
  0x00000283ff63e800 JavaThread "Unconstrained build operations Thread 2" [_thread_blocked, id=21776, stack(0x000000ace6300000,0x000000ace6400000)]
  0x00000283836f1800 JavaThread "Unconstrained build operations Thread 3" [_thread_blocked, id=15016, stack(0x000000ace6400000,0x000000ace6500000)]
  0x00000283836ee000 JavaThread "Unconstrained build operations Thread 4" [_thread_blocked, id=20628, stack(0x000000ace6500000,0x000000ace6600000)]
  0x00000283836f2000 JavaThread "Unconstrained build operations Thread 5" [_thread_blocked, id=1136, stack(0x000000ace6600000,0x000000ace6700000)]
  0x00000283836f4800 JavaThread "Unconstrained build operations Thread 6" [_thread_blocked, id=9072, stack(0x000000ace6700000,0x000000ace6800000)]
  0x00000283836ef000 JavaThread "Unconstrained build operations Thread 7" [_thread_blocked, id=9476, stack(0x000000ace6800000,0x000000ace6900000)]
  0x00000283836f5800 JavaThread "Unconstrained build operations Thread 8" [_thread_blocked, id=14012, stack(0x000000ace6900000,0x000000ace6a00000)]
  0x00000283836f8800 JavaThread "Unconstrained build operations Thread 9" [_thread_blocked, id=18680, stack(0x000000ace6a00000,0x000000ace6b00000)]
  0x00000283836f3000 JavaThread "Unconstrained build operations Thread 10" [_thread_blocked, id=24228, stack(0x000000ace6b00000,0x000000ace6c00000)]
  0x00000283836fc000 JavaThread "Unconstrained build operations Thread 11" [_thread_blocked, id=11692, stack(0x000000ace6c00000,0x000000ace6d00000)]
  0x00000283836f9800 JavaThread "Unconstrained build operations Thread 12" [_thread_blocked, id=11476, stack(0x000000ace6d00000,0x000000ace6e00000)]
  0x00000283836fa800 JavaThread "Unconstrained build operations Thread 13" [_thread_blocked, id=14432, stack(0x000000ace6e00000,0x000000ace6f00000)]
  0x00000283836f7000 JavaThread "Unconstrained build operations Thread 14" [_thread_blocked, id=19768, stack(0x000000ace6f00000,0x000000ace7000000)]
  0x00000283836fb000 JavaThread "Unconstrained build operations Thread 15" [_thread_blocked, id=15040, stack(0x000000ace7000000,0x000000ace7100000)]
  0x00000283836f6800 JavaThread "Unconstrained build operations Thread 16" [_thread_blocked, id=23608, stack(0x000000ace7100000,0x000000ace7200000)]
  0x00000283ff726800 JavaThread "Unconstrained build operations Thread 17" [_thread_blocked, id=16496, stack(0x000000ace7200000,0x000000ace7300000)]
  0x00000283ff722800 JavaThread "Unconstrained build operations Thread 18" [_thread_blocked, id=768, stack(0x000000ace7300000,0x000000ace7400000)]
  0x00000283ff720800 JavaThread "Unconstrained build operations Thread 19" [_thread_blocked, id=5524, stack(0x000000ace7400000,0x000000ace7500000)]
  0x00000283ff72d000 JavaThread "Unconstrained build operations Thread 20" [_thread_blocked, id=15920, stack(0x000000ace7500000,0x000000ace7600000)]
  0x00000283ff72c000 JavaThread "Unconstrained build operations Thread 21" [_thread_blocked, id=13692, stack(0x000000ace7600000,0x000000ace7700000)]
  0x00000283ff72b800 JavaThread "Unconstrained build operations Thread 22" [_thread_blocked, id=14028, stack(0x000000ace7700000,0x000000ace7800000)]
  0x00000283ff729800 JavaThread "Unconstrained build operations Thread 23" [_thread_blocked, id=22372, stack(0x000000ace7800000,0x000000ace7900000)]
  0x00000283ff727000 JavaThread "Unconstrained build operations Thread 24" [_thread_blocked, id=13300, stack(0x000000ace7900000,0x000000ace7a00000)]
  0x00000283ff72d800 JavaThread "Unconstrained build operations Thread 25" [_thread_blocked, id=11928, stack(0x000000ace7a00000,0x000000ace7b00000)]
  0x00000283ff728000 JavaThread "Unconstrained build operations Thread 26" [_thread_blocked, id=22480, stack(0x000000ace7b00000,0x000000ace7c00000)]
  0x00000283ff72a800 JavaThread "Unconstrained build operations Thread 27" [_thread_blocked, id=3336, stack(0x000000ace7c00000,0x000000ace7d00000)]
  0x00000283fe90d800 JavaThread "Unconstrained build operations Thread 28" [_thread_blocked, id=19480, stack(0x000000ace7d00000,0x000000ace7e00000)]
  0x00000283fe914000 JavaThread "Unconstrained build operations Thread 29" [_thread_blocked, id=17056, stack(0x000000ace7e00000,0x000000ace7f00000)]
  0x00000283fe90e800 JavaThread "Unconstrained build operations Thread 30" [_thread_blocked, id=21876, stack(0x000000ace7f00000,0x000000ace8000000)]
  0x00000283fe90f000 JavaThread "Unconstrained build operations Thread 31" [_thread_blocked, id=11348, stack(0x000000ace8000000,0x000000ace8100000)]
  0x00000283fe1bc800 JavaThread "Unconstrained build operations Thread 32" [_thread_blocked, id=16080, stack(0x000000ace8100000,0x000000ace8200000)]
  0x00000283fe1bd800 JavaThread "Unconstrained build operations Thread 33" [_thread_blocked, id=7404, stack(0x000000ace8200000,0x000000ace8300000)]
  0x00000283fe1c0800 JavaThread "Unconstrained build operations Thread 34" [_thread_blocked, id=5452, stack(0x000000ace8300000,0x000000ace8400000)]
  0x00000283fe1be800 JavaThread "Unconstrained build operations Thread 35" [_thread_blocked, id=21028, stack(0x000000ace8400000,0x000000ace8500000)]
  0x00000283fe1c1800 JavaThread "Unconstrained build operations Thread 36" [_thread_blocked, id=13848, stack(0x000000ace8500000,0x000000ace8600000)]
  0x00000283fe1bf000 JavaThread "Unconstrained build operations Thread 37" [_thread_blocked, id=1952, stack(0x000000ace8600000,0x000000ace8700000)]
  0x00000283fe1bc000 JavaThread "Unconstrained build operations Thread 38" [_thread_blocked, id=11096, stack(0x000000ace8700000,0x000000ace8800000)]
  0x00000283fe1c5000 JavaThread "Unconstrained build operations Thread 39" [_thread_blocked, id=3436, stack(0x000000ace8800000,0x000000ace8900000)]
  0x00000283fe1c0000 JavaThread "Unconstrained build operations Thread 40" [_thread_blocked, id=20620, stack(0x000000ace8900000,0x000000ace8a00000)]
  0x00000283fe1c5800 JavaThread "build event listener" [_thread_blocked, id=15376, stack(0x000000ace8a00000,0x000000ace8b00000)]
  0x00000283fe1c3000 JavaThread "build event listener" [_thread_blocked, id=13664, stack(0x000000ace8b00000,0x000000ace8c00000)]
  0x00000283fe1c7000 JavaThread "Execution worker for ':'" [_thread_blocked, id=22208, stack(0x000000ace8e00000,0x000000ace8f00000)]
  0x00000283fe1c8000 JavaThread "Execution worker for ':' Thread 2" [_thread_blocked, id=7372, stack(0x000000ace8f00000,0x000000ace9000000)]
  0x00000283fe1c2800 JavaThread "Execution worker for ':' Thread 3" [_thread_blocked, id=7288, stack(0x000000ace9000000,0x000000ace9100000)]
  0x00000283fe1c9000 JavaThread "Cache worker for execution history cache (D:\renzo\Dev\UPC-CICLO-VI\Mobile Apps\GeoQuiz\.gradle\7.3.3\executionHistory)" [_thread_blocked, id=23272, stack(0x000000ace9100000,0x000000ace9200000)]
  0x00000283fe1c4000 JavaThread "WorkerExecutor Queue" [_thread_blocked, id=22036, stack(0x000000ace9200000,0x000000ace9300000)]
  0x00000283fe1ca800 JavaThread "pool-12-thread-1" [_thread_blocked, id=16600, stack(0x000000ace9300000,0x000000ace9400000)]
  0x00000283fe1c6800 JavaThread "stderr" [_thread_in_native, id=24368, stack(0x000000ace9800000,0x000000ace9900000)]
  0x00000283fe6b3000 JavaThread "stdout" [_thread_in_native, id=19124, stack(0x000000ace9a00000,0x000000ace9b00000)]

Other Threads:
  0x00000283fb53e000 VMThread "VM Thread" [stack: 0x000000ace3b00000,0x000000ace3c00000] [id=11352]
  0x00000283fc023000 WatcherThread [stack: 0x000000ace4500000,0x000000ace4600000] [id=16368]
  0x00000283e196a800 GCTaskThread "GC Thread#0" [stack: 0x000000ace3600000,0x000000ace3700000] [id=19324]
  0x00000283fca50000 GCTaskThread "GC Thread#1" [stack: 0x000000ace4700000,0x000000ace4800000] [id=20020]
  0x00000283fc934800 GCTaskThread "GC Thread#2" [stack: 0x000000ace4800000,0x000000ace4900000] [id=11880]
  0x00000283fe0c3000 GCTaskThread "GC Thread#3" [stack: 0x000000ace5200000,0x000000ace5300000] [id=9136]
  0x00000283e199a000 ConcurrentGCThread "G1 Main Marker" [stack: 0x000000ace3700000,0x000000ace3800000] [id=22308]
  0x00000283e199b800 ConcurrentGCThread "G1 Conc#0" [stack: 0x000000ace3800000,0x000000ace3900000] [id=7212]
  0x00000283e1a2a800 ConcurrentGCThread "G1 Refine#0" [stack: 0x000000ace3900000,0x000000ace3a00000] [id=18612]
  0x00000283e1a2b800 ConcurrentGCThread "G1 Young RemSet Sampling" [stack: 0x000000ace3a00000,0x000000ace3b00000] [id=22972]

Threads with active compile tasks:
C2 CompilerThread1 631013 16533       4       java.io.ObjectOutputStream::writeClassDesc (60 bytes)

VM state:not at safepoint (normal execution)

VM Mutex/Monitor currently owned by a thread: None

Heap address: 0x0000000080000000, size: 2048 MB, Compressed Oops mode: 32-bit
Narrow klass base: 0x0000000000000000, Narrow klass shift: 3
Compressed class space size: 1073741824 Address: 0x0000000100000000

Heap:
 garbage-first heap   total 187392K, used 108195K [0x0000000080000000, 0x0000000100000000)
  region size 1024K, 8 young (8192K), 5 survivors (5120K)
 Metaspace       used 118400K, capacity 121822K, committed 122152K, reserved 1155072K
  class space    used 15383K, capacity 16733K, committed 16844K, reserved 1048576K
Heap Regions: E=young(eden), S=young(survivor), O=old, HS=humongous(starts), HC=humongous(continues), CS=collection set, F=free, A=archive, TAMS=top-at-mark-start (previous, next)
|   0|0x0000000080000000, 0x0000000080100000, 0x0000000080100000|100%| O|  |TAMS 0x0000000080100000, 0x0000000080000000| Untracked 
|   1|0x0000000080100000, 0x0000000080200000, 0x0000000080200000|100%| O|  |TAMS 0x0000000080200000, 0x0000000080100000| Untracked 
|   2|0x0000000080200000, 0x0000000080300000, 0x0000000080300000|100%| O|  |TAMS 0x0000000080300000, 0x0000000080200000| Untracked 
|   3|0x0000000080300000, 0x0000000080400000, 0x0000000080400000|100%|HS|  |TAMS 0x0000000080400000, 0x0000000080300000| Complete 
|   4|0x0000000080400000, 0x0000000080500000, 0x0000000080500000|100%|HC|  |TAMS 0x0000000080500000, 0x0000000080400000| Complete 
|   5|0x0000000080500000, 0x0000000080600000, 0x0000000080600000|100%|HC|  |TAMS 0x0000000080600000, 0x0000000080500000| Complete 
|   6|0x0000000080600000, 0x0000000080700000, 0x0000000080700000|100%| O|  |TAMS 0x0000000080700000, 0x0000000080600000| Untracked 
|   7|0x0000000080700000, 0x0000000080800000, 0x0000000080800000|100%| O|  |TAMS 0x0000000080800000, 0x0000000080700000| Untracked 
|   8|0x0000000080800000, 0x0000000080900000, 0x0000000080900000|100%| O|  |TAMS 0x0000000080900000, 0x0000000080800000| Untracked 
|   9|0x0000000080900000, 0x0000000080a00000, 0x0000000080a00000|100%| O|  |TAMS 0x0000000080a00000, 0x0000000080900000| Untracked 
|  10|0x0000000080a00000, 0x0000000080b00000, 0x0000000080b00000|100%| O|  |TAMS 0x0000000080b00000, 0x0000000080a00000| Untracked 
|  11|0x0000000080b00000, 0x0000000080c00000, 0x0000000080c00000|100%| O|  |TAMS 0x0000000080c00000, 0x0000000080b00000| Untracked 
|  12|0x0000000080c00000, 0x0000000080d00000, 0x0000000080d00000|100%| O|  |TAMS 0x0000000080d00000, 0x0000000080c00000| Untracked 
|  13|0x0000000080d00000, 0x0000000080e00000, 0x0000000080e00000|100%| O|  |TAMS 0x0000000080e00000, 0x0000000080d00000| Untracked 
|  14|0x0000000080e00000, 0x0000000080f00000, 0x0000000080f00000|100%| O|  |TAMS 0x0000000080f00000, 0x0000000080e00000| Untracked 
|  15|0x0000000080f00000, 0x0000000081000000, 0x0000000081000000|100%| O|  |TAMS 0x0000000081000000, 0x0000000080f00000| Untracked 
|  16|0x0000000081000000, 0x0000000081100000, 0x0000000081100000|100%| O|  |TAMS 0x0000000081100000, 0x0000000081000000| Untracked 
|  17|0x0000000081100000, 0x0000000081200000, 0x0000000081200000|100%|HS|  |TAMS 0x0000000081200000, 0x0000000081100000| Complete 
|  18|0x0000000081200000, 0x0000000081300000, 0x0000000081300000|100%| O|  |TAMS 0x0000000081300000, 0x0000000081200000| Untracked 
|  19|0x0000000081300000, 0x0000000081400000, 0x0000000081400000|100%| O|  |TAMS 0x0000000081400000, 0x0000000081300000| Untracked 
|  20|0x0000000081400000, 0x0000000081500000, 0x0000000081500000|100%| O|  |TAMS 0x0000000081500000, 0x0000000081400000| Untracked 
|  21|0x0000000081500000, 0x0000000081600000, 0x0000000081600000|100%| O|  |TAMS 0x0000000081600000, 0x0000000081500000| Untracked 
|  22|0x0000000081600000, 0x0000000081700000, 0x0000000081700000|100%| O|  |TAMS 0x0000000081700000, 0x0000000081600000| Untracked 
|  23|0x0000000081700000, 0x0000000081800000, 0x0000000081800000|100%| O|  |TAMS 0x0000000081800000, 0x0000000081700000| Untracked 
|  24|0x0000000081800000, 0x0000000081900000, 0x0000000081900000|100%| O|  |TAMS 0x0000000081900000, 0x0000000081800000| Untracked 
|  25|0x0000000081900000, 0x0000000081a00000, 0x0000000081a00000|100%| O|  |TAMS 0x0000000081a00000, 0x0000000081900000| Untracked 
|  26|0x0000000081a00000, 0x0000000081b00000, 0x0000000081b00000|100%| O|  |TAMS 0x0000000081b00000, 0x0000000081a00000| Untracked 
|  27|0x0000000081b00000, 0x0000000081c00000, 0x0000000081c00000|100%| O|  |TAMS 0x0000000081c00000, 0x0000000081b00000| Untracked 
|  28|0x0000000081c00000, 0x0000000081d00000, 0x0000000081d00000|100%|HS|  |TAMS 0x0000000081d00000, 0x0000000081c00000| Complete 
|  29|0x0000000081d00000, 0x0000000081e00000, 0x0000000081e00000|100%|HS|  |TAMS 0x0000000081e00000, 0x0000000081d00000| Complete 
|  30|0x0000000081e00000, 0x0000000081f00000, 0x0000000081f00000|100%|HS|  |TAMS 0x0000000081f00000, 0x0000000081e00000| Complete 
|  31|0x0000000081f00000, 0x0000000082000000, 0x0000000082000000|100%|HC|  |TAMS 0x0000000082000000, 0x0000000081f00000| Complete 
|  32|0x0000000082000000, 0x0000000082100000, 0x0000000082100000|100%|HC|  |TAMS 0x0000000082100000, 0x0000000082000000| Complete 
|  33|0x0000000082100000, 0x0000000082200000, 0x0000000082200000|100%|HS|  |TAMS 0x0000000082200000, 0x0000000082100000| Complete 
|  34|0x0000000082200000, 0x0000000082300000, 0x0000000082300000|100%|HC|  |TAMS 0x0000000082300000, 0x0000000082200000| Complete 
|  35|0x0000000082300000, 0x0000000082400000, 0x0000000082400000|100%| O|  |TAMS 0x0000000082300000, 0x0000000082300000| Untracked 
|  36|0x0000000082400000, 0x0000000082500000, 0x0000000082500000|100%| O|  |TAMS 0x0000000082500000, 0x0000000082400000| Untracked 
|  37|0x0000000082500000, 0x0000000082600000, 0x0000000082600000|100%| O|  |TAMS 0x0000000082600000, 0x0000000082500000| Untracked 
|  38|0x0000000082600000, 0x0000000082700000, 0x0000000082700000|100%| O|  |TAMS 0x0000000082700000, 0x0000000082600000| Untracked 
|  39|0x0000000082700000, 0x0000000082800000, 0x0000000082800000|100%| O|  |TAMS 0x0000000082800000, 0x0000000082700000| Untracked 
|  40|0x0000000082800000, 0x0000000082900000, 0x0000000082900000|100%| O|  |TAMS 0x0000000082900000, 0x0000000082800000| Untracked 
|  41|0x0000000082900000, 0x0000000082a00000, 0x0000000082a00000|100%| O|  |TAMS 0x0000000082a00000, 0x0000000082900000| Untracked 
|  42|0x0000000082a00000, 0x0000000082b00000, 0x0000000082b00000|100%| O|  |TAMS 0x0000000082b00000, 0x0000000082a00000| Untracked 
|  43|0x0000000082b00000, 0x0000000082c00000, 0x0000000082c00000|100%| O|  |TAMS 0x0000000082c00000, 0x0000000082b00000| Untracked 
|  44|0x0000000082c00000, 0x0000000082d00000, 0x0000000082d00000|100%| O|  |TAMS 0x0000000082d00000, 0x0000000082c00000| Untracked 
|  45|0x0000000082d00000, 0x0000000082e00000, 0x0000000082e00000|100%| O|  |TAMS 0x0000000082e00000, 0x0000000082d00000| Untracked 
|  46|0x0000000082e00000, 0x0000000082f00000, 0x0000000082f00000|100%| O|  |TAMS 0x0000000082f00000, 0x0000000082e00000| Untracked 
|  47|0x0000000082f00000, 0x0000000083000000, 0x0000000083000000|100%| O|  |TAMS 0x0000000083000000, 0x0000000082f00000| Untracked 
|  48|0x0000000083000000, 0x0000000083100000, 0x0000000083100000|100%| O|  |TAMS 0x0000000083100000, 0x0000000083000000| Untracked 
|  49|0x0000000083100000, 0x0000000083200000, 0x0000000083200000|100%| O|  |TAMS 0x0000000083200000, 0x0000000083100000| Untracked 
|  50|0x0000000083200000, 0x0000000083300000, 0x0000000083300000|100%| O|  |TAMS 0x0000000083300000, 0x0000000083200000| Untracked 
|  51|0x0000000083300000, 0x0000000083400000, 0x0000000083400000|100%| O|  |TAMS 0x0000000083400000, 0x0000000083300000| Untracked 
|  52|0x0000000083400000, 0x0000000083500000, 0x0000000083500000|100%| O|  |TAMS 0x0000000083500000, 0x0000000083400000| Untracked 
|  53|0x0000000083500000, 0x0000000083600000, 0x0000000083600000|100%| O|  |TAMS 0x0000000083600000, 0x0000000083500000| Untracked 
|  54|0x0000000083600000, 0x0000000083700000, 0x0000000083700000|100%| O|  |TAMS 0x0000000083700000, 0x0000000083600000| Untracked 
|  55|0x0000000083700000, 0x0000000083800000, 0x0000000083800000|100%| O|  |TAMS 0x0000000083800000, 0x0000000083700000| Untracked 
|  56|0x0000000083800000, 0x0000000083900000, 0x0000000083900000|100%| O|  |TAMS 0x0000000083900000, 0x0000000083800000| Untracked 
|  57|0x0000000083900000, 0x0000000083a00000, 0x0000000083a00000|100%| O|  |TAMS 0x0000000083a00000, 0x0000000083900000| Untracked 
|  58|0x0000000083a00000, 0x0000000083b00000, 0x0000000083b00000|100%| O|  |TAMS 0x0000000083a00000, 0x0000000083a00000| Untracked 
|  59|0x0000000083b00000, 0x0000000083c00000, 0x0000000083c00000|100%| O|  |TAMS 0x0000000083c00000, 0x0000000083b00000| Untracked 
|  60|0x0000000083c00000, 0x0000000083d00000, 0x0000000083d00000|100%| O|  |TAMS 0x0000000083d00000, 0x0000000083c00000| Untracked 
|  61|0x0000000083d00000, 0x0000000083e00000, 0x0000000083e00000|100%| O|  |TAMS 0x0000000083e00000, 0x0000000083d00000| Untracked 
|  62|0x0000000083e00000, 0x0000000083f00000, 0x0000000083f00000|100%| O|  |TAMS 0x0000000083f00000, 0x0000000083e00000| Untracked 
|  63|0x0000000083f00000, 0x0000000084000000, 0x0000000084000000|100%| O|  |TAMS 0x0000000084000000, 0x0000000083f00000| Untracked 
|  64|0x0000000084000000, 0x0000000084100000, 0x0000000084100000|100%| O|  |TAMS 0x0000000084100000, 0x0000000084000000| Untracked 
|  65|0x0000000084100000, 0x0000000084200000, 0x0000000084200000|100%| O|  |TAMS 0x0000000084200000, 0x0000000084100000| Untracked 
|  66|0x0000000084200000, 0x0000000084300000, 0x0000000084300000|100%| O|  |TAMS 0x0000000084300000, 0x0000000084200000| Untracked 
|  67|0x0000000084300000, 0x0000000084400000, 0x0000000084400000|100%| O|  |TAMS 0x0000000084400000, 0x0000000084300000| Untracked 
|  68|0x0000000084400000, 0x0000000084500000, 0x0000000084500000|100%| O|  |TAMS 0x0000000084400000, 0x0000000084400000| Untracked 
|  69|0x0000000084500000, 0x0000000084600000, 0x0000000084600000|100%| O|  |TAMS 0x0000000084600000, 0x0000000084500000| Untracked 
|  70|0x0000000084600000, 0x0000000084700000, 0x0000000084700000|100%| O|  |TAMS 0x0000000084600000, 0x0000000084600000| Untracked 
|  71|0x0000000084700000, 0x0000000084800000, 0x0000000084800000|100%| O|  |TAMS 0x0000000084800000, 0x0000000084700000| Untracked 
|  72|0x0000000084800000, 0x0000000084900000, 0x0000000084900000|100%| O|  |TAMS 0x0000000084900000, 0x0000000084800000| Untracked 
|  73|0x0000000084900000, 0x0000000084a00000, 0x0000000084a00000|100%| O|  |TAMS 0x0000000084a00000, 0x0000000084900000| Untracked 
|  74|0x0000000084a00000, 0x0000000084b00000, 0x0000000084b00000|100%| O|  |TAMS 0x0000000084b00000, 0x0000000084a00000| Untracked 
|  75|0x0000000084b00000, 0x0000000084c00000, 0x0000000084c00000|100%| O|  |TAMS 0x0000000084c00000, 0x0000000084b00000| Untracked 
|  76|0x0000000084c00000, 0x0000000084d00000, 0x0000000084d00000|100%| O|  |TAMS 0x0000000084d00000, 0x0000000084c00000| Untracked 
|  77|0x0000000084d00000, 0x0000000084e00000, 0x0000000084e00000|100%| O|  |TAMS 0x0000000084e00000, 0x0000000084d00000| Untracked 
|  78|0x0000000084e00000, 0x0000000084f00000, 0x0000000084f00000|100%| O|  |TAMS 0x0000000084f00000, 0x0000000084e00000| Untracked 
|  79|0x0000000084f00000, 0x0000000085000000, 0x0000000085000000|100%| O|  |TAMS 0x0000000085000000, 0x0000000084f00000| Untracked 
|  80|0x0000000085000000, 0x0000000085100000, 0x0000000085100000|100%| O|  |TAMS 0x0000000085100000, 0x0000000085000000| Untracked 
|  81|0x0000000085100000, 0x0000000085200000, 0x0000000085200000|100%| O|  |TAMS 0x0000000085200000, 0x0000000085100000| Untracked 
|  82|0x0000000085200000, 0x0000000085300000, 0x0000000085300000|100%| O|  |TAMS 0x0000000085300000, 0x0000000085200000| Untracked 
|  83|0x0000000085300000, 0x0000000085400000, 0x0000000085400000|100%| O|  |TAMS 0x0000000085400000, 0x0000000085300000| Untracked 
|  84|0x0000000085400000, 0x0000000085500000, 0x0000000085500000|100%| O|  |TAMS 0x0000000085500000, 0x0000000085400000| Untracked 
|  85|0x0000000085500000, 0x0000000085500000, 0x0000000085600000|  0%| F|  |TAMS 0x0000000085500000, 0x0000000085500000| Untracked 
|  86|0x0000000085600000, 0x0000000085600000, 0x0000000085700000|  0%| F|  |TAMS 0x0000000085600000, 0x0000000085600000| Untracked 
|  87|0x0000000085700000, 0x0000000085700000, 0x0000000085800000|  0%| F|  |TAMS 0x0000000085700000, 0x0000000085700000| Untracked 
|  88|0x0000000085800000, 0x0000000085800000, 0x0000000085900000|  0%| F|  |TAMS 0x0000000085800000, 0x0000000085800000| Untracked 
|  89|0x0000000085900000, 0x0000000085a00000, 0x0000000085a00000|100%| O|  |TAMS 0x0000000085a00000, 0x0000000085900000| Untracked 
|  90|0x0000000085a00000, 0x0000000085a00000, 0x0000000085b00000|  0%| F|  |TAMS 0x0000000085a00000, 0x0000000085a00000| Untracked 
|  91|0x0000000085b00000, 0x0000000085b00000, 0x0000000085c00000|  0%| F|  |TAMS 0x0000000085b00000, 0x0000000085b00000| Untracked 
|  92|0x0000000085c00000, 0x0000000085d00000, 0x0000000085d00000|100%| O|  |TAMS 0x0000000085c00000, 0x0000000085c00000| Untracked 
|  93|0x0000000085d00000, 0x0000000085e00000, 0x0000000085e00000|100%| O|  |TAMS 0x0000000085d00000, 0x0000000085d00000| Untracked 
|  94|0x0000000085e00000, 0x0000000085f00000, 0x0000000085f00000|100%| O|  |TAMS 0x0000000085f00000, 0x0000000085e00000| Untracked 
|  95|0x0000000085f00000, 0x0000000086000000, 0x0000000086000000|100%| O|  |TAMS 0x0000000086000000, 0x0000000085f00000| Untracked 
|  96|0x0000000086000000, 0x0000000086100000, 0x0000000086100000|100%| O|  |TAMS 0x0000000086100000, 0x0000000086000000| Untracked 
|  97|0x0000000086100000, 0x0000000086100000, 0x0000000086200000|  0%| F|  |TAMS 0x0000000086100000, 0x0000000086100000| Untracked 
|  98|0x0000000086200000, 0x0000000086300000, 0x0000000086300000|100%| O|  |TAMS 0x0000000086200000, 0x0000000086200000| Untracked 
|  99|0x0000000086300000, 0x0000000086400000, 0x0000000086400000|100%| O|  |TAMS 0x0000000086300000, 0x0000000086300000| Untracked 
| 100|0x0000000086400000, 0x0000000086400000, 0x0000000086500000|  0%| F|  |TAMS 0x0000000086400000, 0x0000000086400000| Untracked 
| 101|0x0000000086500000, 0x0000000086500000, 0x0000000086600000|  0%| F|  |TAMS 0x0000000086500000, 0x0000000086500000| Untracked 
| 102|0x0000000086600000, 0x0000000086600000, 0x0000000086700000|  0%| F|  |TAMS 0x0000000086600000, 0x0000000086600000| Untracked 
| 103|0x0000000086700000, 0x0000000086800000, 0x0000000086800000|100%| O|  |TAMS 0x0000000086800000, 0x0000000086700000| Untracked 
| 104|0x0000000086800000, 0x0000000086900000, 0x0000000086900000|100%| O|  |TAMS 0x0000000086800000, 0x0000000086800000| Untracked 
| 105|0x0000000086900000, 0x00000000869a8e00, 0x0000000086a00000| 65%| O|  |TAMS 0x0000000086900000, 0x0000000086900000| Untracked 
| 106|0x0000000086a00000, 0x0000000086a00000, 0x0000000086b00000|  0%| F|  |TAMS 0x0000000086a00000, 0x0000000086a00000| Untracked 
| 107|0x0000000086b00000, 0x0000000086b00000, 0x0000000086c00000|  0%| F|  |TAMS 0x0000000086b00000, 0x0000000086b00000| Untracked 
| 108|0x0000000086c00000, 0x0000000086c00000, 0x0000000086d00000|  0%| F|  |TAMS 0x0000000086c00000, 0x0000000086c00000| Untracked 
| 109|0x0000000086d00000, 0x0000000086d00000, 0x0000000086e00000|  0%| F|  |TAMS 0x0000000086d00000, 0x0000000086d00000| Untracked 
| 110|0x0000000086e00000, 0x0000000086e00000, 0x0000000086f00000|  0%| F|  |TAMS 0x0000000086e00000, 0x0000000086e00000| Untracked 
| 111|0x0000000086f00000, 0x0000000087000000, 0x0000000087000000|100%| O|  |TAMS 0x0000000087000000, 0x0000000086f00000| Untracked 
| 112|0x0000000087000000, 0x0000000087000000, 0x0000000087100000|  0%| F|  |TAMS 0x0000000087000000, 0x0000000087000000| Untracked 
| 113|0x0000000087100000, 0x0000000087200000, 0x0000000087200000|100%| O|  |TAMS 0x0000000087200000, 0x0000000087100000| Untracked 
| 114|0x0000000087200000, 0x0000000087300000, 0x0000000087300000|100%| O|  |TAMS 0x00000000872ba000, 0x0000000087200000| Untracked 
| 115|0x0000000087300000, 0x0000000087300000, 0x0000000087400000|  0%| F|  |TAMS 0x0000000087300000, 0x0000000087300000| Untracked 
| 116|0x0000000087400000, 0x0000000087400000, 0x0000000087500000|  0%| F|  |TAMS 0x0000000087400000, 0x0000000087400000| Untracked 
| 117|0x0000000087500000, 0x0000000087500000, 0x0000000087600000|  0%| F|  |TAMS 0x0000000087500000, 0x0000000087500000| Untracked 
| 118|0x0000000087600000, 0x0000000087600000, 0x0000000087700000|  0%| F|  |TAMS 0x0000000087600000, 0x0000000087600000| Untracked 
| 119|0x0000000087700000, 0x0000000087700000, 0x0000000087800000|  0%| F|  |TAMS 0x0000000087700000, 0x0000000087700000| Untracked 
| 120|0x0000000087800000, 0x0000000087800000, 0x0000000087900000|  0%| F|  |TAMS 0x0000000087800000, 0x0000000087800000| Untracked 
| 121|0x0000000087900000, 0x0000000087900000, 0x0000000087a00000|  0%| F|  |TAMS 0x0000000087900000, 0x0000000087900000| Untracked 
| 122|0x0000000087a00000, 0x0000000087a00000, 0x0000000087b00000|  0%| F|  |TAMS 0x0000000087a00000, 0x0000000087a00000| Untracked 
| 123|0x0000000087b00000, 0x0000000087b00000, 0x0000000087c00000|  0%| F|  |TAMS 0x0000000087b00000, 0x0000000087b00000| Untracked 
| 124|0x0000000087c00000, 0x0000000087c00000, 0x0000000087d00000|  0%| F|  |TAMS 0x0000000087c00000, 0x0000000087c00000| Untracked 
| 125|0x0000000087d00000, 0x0000000087d00000, 0x0000000087e00000|  0%| F|  |TAMS 0x0000000087d00000, 0x0000000087d00000| Untracked 
| 126|0x0000000087e00000, 0x0000000087e00000, 0x0000000087f00000|  0%| F|  |TAMS 0x0000000087e00000, 0x0000000087e00000| Untracked 
| 127|0x0000000087f00000, 0x0000000087f00000, 0x0000000088000000|  0%| F|  |TAMS 0x0000000087f00000, 0x0000000087f00000| Untracked 
| 128|0x0000000088000000, 0x0000000088000000, 0x0000000088100000|  0%| F|  |TAMS 0x0000000088000000, 0x0000000088000000| Untracked 
| 129|0x0000000088100000, 0x0000000088100000, 0x0000000088200000|  0%| F|  |TAMS 0x0000000088100000, 0x0000000088100000| Untracked 
| 130|0x0000000088200000, 0x0000000088200000, 0x0000000088300000|  0%| F|  |TAMS 0x0000000088200000, 0x0000000088200000| Untracked 
| 131|0x0000000088300000, 0x0000000088300000, 0x0000000088400000|  0%| F|  |TAMS 0x0000000088300000, 0x0000000088300000| Untracked 
| 132|0x0000000088400000, 0x0000000088400000, 0x0000000088500000|  0%| F|  |TAMS 0x0000000088400000, 0x0000000088400000| Untracked 
| 133|0x0000000088500000, 0x0000000088500000, 0x0000000088600000|  0%| F|  |TAMS 0x0000000088500000, 0x0000000088500000| Untracked 
| 134|0x0000000088600000, 0x0000000088600000, 0x0000000088700000|  0%| F|  |TAMS 0x0000000088600000, 0x0000000088600000| Untracked 
| 135|0x0000000088700000, 0x0000000088700000, 0x0000000088800000|  0%| F|  |TAMS 0x0000000088700000, 0x0000000088700000| Untracked 
| 136|0x0000000088800000, 0x0000000088800000, 0x0000000088900000|  0%| F|  |TAMS 0x0000000088800000, 0x0000000088800000| Untracked 
| 137|0x0000000088900000, 0x0000000088900000, 0x0000000088a00000|  0%| F|  |TAMS 0x0000000088900000, 0x0000000088900000| Untracked 
| 138|0x0000000088a00000, 0x0000000088a00000, 0x0000000088b00000|  0%| F|  |TAMS 0x0000000088a00000, 0x0000000088a00000| Untracked 
| 139|0x0000000088b00000, 0x0000000088b00000, 0x0000000088c00000|  0%| F|  |TAMS 0x0000000088b00000, 0x0000000088b00000| Untracked 
| 140|0x0000000088c00000, 0x0000000088c00000, 0x0000000088d00000|  0%| F|  |TAMS 0x0000000088c00000, 0x0000000088c00000| Untracked 
| 141|0x0000000088d00000, 0x0000000088e00000, 0x0000000088e00000|100%| S|CS|TAMS 0x0000000088d00000, 0x0000000088d00000| Complete 
| 142|0x0000000088e00000, 0x0000000088f00000, 0x0000000088f00000|100%| S|CS|TAMS 0x0000000088e00000, 0x0000000088e00000| Complete 
| 143|0x0000000088f00000, 0x0000000089000000, 0x0000000089000000|100%| S|CS|TAMS 0x0000000088f00000, 0x0000000088f00000| Complete 
| 144|0x0000000089000000, 0x0000000089100000, 0x0000000089100000|100%| S|CS|TAMS 0x0000000089000000, 0x0000000089000000| Complete 
| 145|0x0000000089100000, 0x0000000089200000, 0x0000000089200000|100%| S|CS|TAMS 0x0000000089100000, 0x0000000089100000| Complete 
| 146|0x0000000089200000, 0x0000000089200000, 0x0000000089300000|  0%| F|  |TAMS 0x0000000089200000, 0x0000000089200000| Untracked 
| 147|0x0000000089300000, 0x0000000089300000, 0x0000000089400000|  0%| F|  |TAMS 0x0000000089300000, 0x0000000089300000| Untracked 
| 148|0x0000000089400000, 0x0000000089400000, 0x0000000089500000|  0%| F|  |TAMS 0x0000000089400000, 0x0000000089400000| Untracked 
| 149|0x0000000089500000, 0x0000000089500000, 0x0000000089600000|  0%| F|  |TAMS 0x0000000089500000, 0x0000000089500000| Untracked 
| 150|0x0000000089600000, 0x0000000089600000, 0x0000000089700000|  0%| F|  |TAMS 0x0000000089600000, 0x0000000089600000| Untracked 
| 151|0x0000000089700000, 0x0000000089700000, 0x0000000089800000|  0%| F|  |TAMS 0x0000000089700000, 0x0000000089700000| Untracked 
| 152|0x0000000089800000, 0x0000000089800000, 0x0000000089900000|  0%| F|  |TAMS 0x0000000089800000, 0x0000000089800000| Untracked 
| 153|0x0000000089900000, 0x0000000089900000, 0x0000000089a00000|  0%| F|  |TAMS 0x0000000089900000, 0x0000000089900000| Untracked 
| 154|0x0000000089a00000, 0x0000000089a00000, 0x0000000089b00000|  0%| F|  |TAMS 0x0000000089a00000, 0x0000000089a00000| Untracked 
| 155|0x0000000089b00000, 0x0000000089b00000, 0x0000000089c00000|  0%| F|  |TAMS 0x0000000089b00000, 0x0000000089b00000| Untracked 
| 156|0x0000000089c00000, 0x0000000089c00000, 0x0000000089d00000|  0%| F|  |TAMS 0x0000000089c00000, 0x0000000089c00000| Untracked 
| 157|0x0000000089d00000, 0x0000000089d00000, 0x0000000089e00000|  0%| F|  |TAMS 0x0000000089d00000, 0x0000000089d00000| Untracked 
| 158|0x0000000089e00000, 0x0000000089e00000, 0x0000000089f00000|  0%| F|  |TAMS 0x0000000089e00000, 0x0000000089e00000| Untracked 
| 159|0x0000000089f00000, 0x0000000089f00000, 0x000000008a000000|  0%| F|  |TAMS 0x0000000089f00000, 0x0000000089f00000| Untracked 
| 160|0x000000008a000000, 0x000000008a000000, 0x000000008a100000|  0%| F|  |TAMS 0x000000008a000000, 0x000000008a000000| Untracked 
| 161|0x000000008a100000, 0x000000008a100000, 0x000000008a200000|  0%| F|  |TAMS 0x000000008a100000, 0x000000008a100000| Untracked 
| 162|0x000000008a200000, 0x000000008a200000, 0x000000008a300000|  0%| F|  |TAMS 0x000000008a200000, 0x000000008a200000| Untracked 
| 163|0x000000008a300000, 0x000000008a300000, 0x000000008a400000|  0%| F|  |TAMS 0x000000008a300000, 0x000000008a300000| Untracked 
| 164|0x000000008a400000, 0x000000008a400000, 0x000000008a500000|  0%| F|  |TAMS 0x000000008a400000, 0x000000008a400000| Untracked 
| 165|0x000000008a500000, 0x000000008a500000, 0x000000008a600000|  0%| F|  |TAMS 0x000000008a500000, 0x000000008a500000| Untracked 
| 166|0x000000008a600000, 0x000000008a600000, 0x000000008a700000|  0%| F|  |TAMS 0x000000008a600000, 0x000000008a600000| Untracked 
| 167|0x000000008a700000, 0x000000008a700000, 0x000000008a800000|  0%| F|  |TAMS 0x000000008a700000, 0x000000008a700000| Untracked 
| 168|0x000000008a800000, 0x000000008a800000, 0x000000008a900000|  0%| F|  |TAMS 0x000000008a800000, 0x000000008a800000| Untracked 
| 169|0x000000008a900000, 0x000000008a900000, 0x000000008aa00000|  0%| F|  |TAMS 0x000000008a900000, 0x000000008a900000| Untracked 
| 170|0x000000008aa00000, 0x000000008aa00000, 0x000000008ab00000|  0%| F|  |TAMS 0x000000008aa00000, 0x000000008aa00000| Untracked 
| 171|0x000000008ab00000, 0x000000008ab00000, 0x000000008ac00000|  0%| F|  |TAMS 0x000000008ab00000, 0x000000008ab00000| Untracked 
| 172|0x000000008ac00000, 0x000000008ac00000, 0x000000008ad00000|  0%| F|  |TAMS 0x000000008ac00000, 0x000000008ac00000| Untracked 
| 173|0x000000008ad00000, 0x000000008ad00000, 0x000000008ae00000|  0%| F|  |TAMS 0x000000008ad00000, 0x000000008ad00000| Untracked 
| 174|0x000000008ae00000, 0x000000008ae00000, 0x000000008af00000|  0%| F|  |TAMS 0x000000008ae00000, 0x000000008ae00000| Untracked 
| 175|0x000000008af00000, 0x000000008af00000, 0x000000008b000000|  0%| F|  |TAMS 0x000000008af00000, 0x000000008af00000| Untracked 
| 176|0x000000008b000000, 0x000000008b000000, 0x000000008b100000|  0%| F|  |TAMS 0x000000008b000000, 0x000000008b000000| Untracked 
| 177|0x000000008b100000, 0x000000008b100000, 0x000000008b200000|  0%| F|  |TAMS 0x000000008b100000, 0x000000008b100000| Untracked 
| 178|0x000000008b200000, 0x000000008b200000, 0x000000008b300000|  0%| F|  |TAMS 0x000000008b200000, 0x000000008b200000| Untracked 
| 179|0x000000008b300000, 0x000000008b300000, 0x000000008b400000|  0%| F|  |TAMS 0x000000008b300000, 0x000000008b300000| Untracked 
| 180|0x000000008b400000, 0x000000008b44b3a8, 0x000000008b500000| 29%| E|  |TAMS 0x000000008b400000, 0x000000008b400000| Complete 
| 181|0x000000008b500000, 0x000000008b600000, 0x000000008b600000|100%| E|CS|TAMS 0x000000008b500000, 0x000000008b500000| Complete 
| 182|0x000000008b600000, 0x000000008b700000, 0x000000008b700000|100%| E|CS|TAMS 0x000000008b600000, 0x000000008b600000| Complete 

Card table byte_map: [0x00000283f4860000,0x00000283f4c60000] _byte_map_base: 0x00000283f4460000

Marking Bits (Prev, Next): (CMBitMap*) 0x00000283e19911d8, (CMBitMap*) 0x00000283e1991210
 Prev Bits: [0x00000283f5060000, 0x00000283f7060000)
 Next Bits: [0x00000283f7060000, 0x00000283f9060000)

Polling page: 0x00000283dfae0000

Metaspace:

Usage:
  Non-class:    102.63 MB capacity,   100.60 MB ( 98%) used,     1.61 MB (  2%) free+waste,   418.44 KB ( <1%) overhead. 
      Class:     16.34 MB capacity,    15.02 MB ( 92%) used,     1.13 MB (  7%) free+waste,   191.50 KB (  1%) overhead. 
       Both:    118.97 MB capacity,   115.63 MB ( 97%) used,     2.75 MB (  2%) free+waste,   609.94 KB ( <1%) overhead. 

Virtual space:
  Non-class space:      104.00 MB reserved,     102.84 MB ( 99%) committed 
      Class space:        1.00 GB reserved,      16.45 MB (  2%) committed 
             Both:        1.10 GB reserved,     119.29 MB ( 11%) committed 

Chunk freelists:
   Non-Class:  0 bytes
       Class:  0 bytes
        Both:  0 bytes

MaxMetaspaceSize: 17179869184.00 GB
CompressedClassSpaceSize: 1.00 GB
Initial GC threshold: 20.80 MB
Current GC threshold: 197.77 MB
CDS: off

CodeHeap 'non-profiled nmethods': size=120064Kb used=10656Kb max_used=10656Kb free=109407Kb
 bounds [0x00000283ecf20000, 0x00000283ed990000, 0x00000283f4460000]
CodeHeap 'profiled nmethods': size=120000Kb used=37195Kb max_used=37195Kb free=82804Kb
 bounds [0x00000283e59f0000, 0x00000283e7e50000, 0x00000283ecf20000]
CodeHeap 'non-nmethods': size=5696Kb used=2480Kb max_used=2531Kb free=3215Kb
 bounds [0x00000283e5460000, 0x00000283e56e0000, 0x00000283e59f0000]
 total_blobs=17373 nmethods=16360 adapters=924
 compilation: enabled
              stopped_count=0, restarted_count=0
 full_count=0

Compilation events (20 events):
Event: 630.534 Thread 0x00000283fb573000 nmethod 16556 0x00000283ed97d390 code [0x00000283ed97d540, 0x00000283ed97d5f8]
Event: 630.534 Thread 0x00000283fb573000 16557       3       java.io.ObjectOutputStream::verifySubclass (95 bytes)
Event: 630.536 Thread 0x00000283fb573000 nmethod 16557 0x00000283e7e3fc90 code [0x00000283e7e3ffc0, 0x00000283e7e41498]
Event: 630.536 Thread 0x00000283fb573000 16558       3       java.io.ObjectOutputStream$BlockDataOutputStream::<init> (57 bytes)
Event: 630.537 Thread 0x00000283fb573000 nmethod 16558 0x00000283e7e41b90 code [0x00000283e7e41da0, 0x00000283e7e42758]
Event: 630.540 Thread 0x00000283fb567000 nmethod 16525 0x00000283ed97d690 code [0x00000283ed97d9c0, 0x00000283ed9803a8]
Event: 630.540 Thread 0x00000283fb567000 16555       4       org.gradle.internal.serialize.kryo.KryoBackedEncoder::flush (8 bytes)
Event: 630.542 Thread 0x00000283fb567000 nmethod 16555 0x00000283ed982a10 code [0x00000283ed982ba0, 0x00000283ed982c98]
Event: 630.542 Thread 0x00000283fb567000 16529       4       jdk.internal.reflect.NativeMethodAccessorImpl::invoke (104 bytes)
Event: 630.580 Thread 0x00000283fb573000 16560       3       com.google.common.collect.CollectSpliterators$1WithCharacteristics::characteristics (9 bytes)
Event: 630.581 Thread 0x00000283fb573000 nmethod 16560 0x00000283e7e42990 code [0x00000283e7e42b40, 0x00000283e7e42c38]
Event: 630.586 Thread 0x00000283fb567000 nmethod 16529 0x00000283ed982d90 code [0x00000283ed982f80, 0x00000283ed9837c8]
Event: 630.587 Thread 0x00000283fb567000 16559       4       org.gradle.internal.fingerprint.impl.DefaultCurrentFileCollectionFingerprint::from (96 bytes)
Event: 630.720 Thread 0x00000283fb567000 nmethod 16559 0x00000283ed983d10 code [0x00000283ed984020, 0x00000283ed9860f0]
Event: 630.720 Thread 0x00000283fb567000 16535       4       java.io.ObjectOutputStream::annotateClass (1 bytes)
Event: 630.721 Thread 0x00000283fb567000 nmethod 16535 0x00000283ed987a90 code [0x00000283ed987c20, 0x00000283ed987c78]
Event: 630.721 Thread 0x00000283fb567000 16527       4       org.gradle.api.internal.project.taskfactory.TaskIdentity::hashCode (14 bytes)
Event: 630.721 Thread 0x00000283fb567000 nmethod 16527 0x00000283ed987d90 code [0x00000283ed987f20, 0x00000283ed987f98]
Event: 630.799 Thread 0x00000283fb567000 16561       4       com.google.common.collect.ObjectArrays::checkElementNotNull (36 bytes)
Event: 630.800 Thread 0x00000283fb567000 nmethod 16561 0x00000283ed988090 code [0x00000283ed988220, 0x00000283ed988278]

GC Heap History (20 events):
Event: 529.026 GC heap before
{Heap before GC invocations=36 (full 0):
 garbage-first heap   total 187392K, used 137086K [0x0000000080000000, 0x0000000100000000)
  region size 1024K, 33 young (33792K), 2 survivors (2048K)
 Metaspace       used 113496K, capacity 116636K, committed 116904K, reserved 1150976K
  class space    used 14914K, capacity 16153K, committed 16204K, reserved 1048576K
}
Event: 529.058 GC heap after
{Heap after GC invocations=37 (full 0):
 garbage-first heap   total 187392K, used 118582K [0x0000000080000000, 0x0000000100000000)
  region size 1024K, 5 young (5120K), 5 survivors (5120K)
 Metaspace       used 113496K, capacity 116636K, committed 116904K, reserved 1150976K
  class space    used 14914K, capacity 16153K, committed 16204K, reserved 1048576K
}
Event: 529.639 GC heap before
{Heap before GC invocations=38 (full 0):
 garbage-first heap   total 187392K, used 144182K [0x0000000080000000, 0x0000000100000000)
  region size 1024K, 16 young (16384K), 5 survivors (5120K)
 Metaspace       used 114883K, capacity 118019K, committed 118312K, reserved 1150976K
  class space    used 15051K, capacity 16289K, committed 16332K, reserved 1048576K
}
Event: 529.662 GC heap after
{Heap after GC invocations=39 (full 0):
 garbage-first heap   total 187392K, used 119363K [0x0000000080000000, 0x0000000100000000)
  region size 1024K, 1 young (1024K), 1 survivors (1024K)
 Metaspace       used 114883K, capacity 118019K, committed 118312K, reserved 1150976K
  class space    used 15051K, capacity 16289K, committed 16332K, reserved 1048576K
}
Event: 529.877 GC heap before
{Heap before GC invocations=39 (full 0):
 garbage-first heap   total 187392K, used 126531K [0x0000000080000000, 0x0000000100000000)
  region size 1024K, 9 young (9216K), 1 survivors (1024K)
 Metaspace       used 115881K, capacity 119113K, committed 119208K, reserved 1153024K
  class space    used 15142K, capacity 16418K, committed 16460K, reserved 1048576K
}
Event: 529.894 GC heap after
{Heap after GC invocations=40 (full 0):
 garbage-first heap   total 187392K, used 118155K [0x0000000080000000, 0x0000000100000000)
  region size 1024K, 1 young (1024K), 1 survivors (1024K)
 Metaspace       used 115881K, capacity 119113K, committed 119208K, reserved 1153024K
  class space    used 15142K, capacity 16418K, committed 16460K, reserved 1048576K
}
Event: 534.114 GC heap before
{Heap before GC invocations=40 (full 0):
 garbage-first heap   total 187392K, used 141707K [0x0000000080000000, 0x0000000100000000)
  region size 1024K, 24 young (24576K), 1 survivors (1024K)
 Metaspace       used 117068K, capacity 120311K, committed 120360K, reserved 1153024K
  class space    used 15276K, capacity 16557K, committed 16588K, reserved 1048576K
}
Event: 534.120 GC heap after
{Heap after GC invocations=41 (full 0):
 garbage-first heap   total 187392K, used 119291K [0x0000000080000000, 0x0000000100000000)
  region size 1024K, 2 young (2048K), 2 survivors (2048K)
 Metaspace       used 117068K, capacity 120311K, committed 120360K, reserved 1153024K
  class space    used 15276K, capacity 16557K, committed 16588K, reserved 1048576K
}
Event: 567.981 GC heap before
{Heap before GC invocations=42 (full 0):
 garbage-first heap   total 187392K, used 143867K [0x0000000080000000, 0x0000000100000000)
  region size 1024K, 27 young (27648K), 2 survivors (2048K)
 Metaspace       used 117534K, capacity 120907K, committed 121000K, reserved 1153024K
  class space    used 15330K, capacity 16647K, committed 16716K, reserved 1048576K
}
Event: 567.995 GC heap after
{Heap after GC invocations=43 (full 0):
 garbage-first heap   total 187392K, used 121073K [0x0000000080000000, 0x0000000100000000)
  region size 1024K, 4 young (4096K), 4 survivors (4096K)
 Metaspace       used 117534K, capacity 120907K, committed 121000K, reserved 1153024K
  class space    used 15330K, capacity 16647K, committed 16716K, reserved 1048576K
}
Event: 568.089 GC heap before
{Heap before GC invocations=43 (full 0):
 garbage-first heap   total 187392K, used 126193K [0x0000000080000000, 0x0000000100000000)
  region size 1024K, 9 young (9216K), 4 survivors (4096K)
 Metaspace       used 117558K, capacity 120978K, committed 121256K, reserved 1155072K
  class space    used 15331K, capacity 16648K, committed 16716K, reserved 1048576K
}
Event: 568.109 GC heap after
{Heap after GC invocations=44 (full 0):
 garbage-first heap   total 187392K, used 103725K [0x0000000080000000, 0x0000000100000000)
  region size 1024K, 1 young (1024K), 1 survivors (1024K)
 Metaspace       used 117558K, capacity 120978K, committed 121256K, reserved 1155072K
  class space    used 15331K, capacity 16648K, committed 16716K, reserved 1048576K
}
Event: 569.299 GC heap before
{Heap before GC invocations=44 (full 0):
 garbage-first heap   total 187392K, used 136493K [0x0000000080000000, 0x0000000100000000)
  region size 1024K, 33 young (33792K), 1 survivors (1024K)
 Metaspace       used 117899K, capacity 121305K, committed 121512K, reserved 1155072K
  class space    used 15346K, capacity 16666K, committed 16716K, reserved 1048576K
}
Event: 569.332 GC heap after
{Heap after GC invocations=45 (full 0):
 garbage-first heap   total 187392K, used 108264K [0x0000000080000000, 0x0000000100000000)
  region size 1024K, 5 young (5120K), 5 survivors (5120K)
 Metaspace       used 117899K, capacity 121305K, committed 121512K, reserved 1155072K
  class space    used 15346K, capacity 16666K, committed 16716K, reserved 1048576K
}
Event: 629.367 GC heap before
{Heap before GC invocations=46 (full 0):
 garbage-first heap   total 187392K, used 138984K [0x0000000080000000, 0x0000000100000000)
  region size 1024K, 37 young (37888K), 5 survivors (5120K)
 Metaspace       used 118066K, capacity 121454K, committed 121512K, reserved 1155072K
  class space    used 15358K, capacity 16688K, committed 16716K, reserved 1048576K
}
Event: 629.383 GC heap after
{Heap after GC invocations=47 (full 0):
 garbage-first heap   total 187392K, used 109336K [0x0000000080000000, 0x0000000100000000)
  region size 1024K, 3 young (3072K), 3 survivors (3072K)
 Metaspace       used 118066K, capacity 121454K, committed 121512K, reserved 1155072K
  class space    used 15358K, capacity 16688K, committed 16716K, reserved 1048576K
}
Event: 629.494 GC heap before
{Heap before GC invocations=47 (full 0):
 garbage-first heap   total 187392K, used 114456K [0x0000000080000000, 0x0000000100000000)
  region size 1024K, 9 young (9216K), 3 survivors (3072K)
 Metaspace       used 118081K, capacity 121457K, committed 121512K, reserved 1155072K
  class space    used 15359K, capacity 16689K, committed 16716K, reserved 1048576K
}
Event: 629.511 GC heap after
{Heap after GC invocations=48 (full 0):
 garbage-first heap   total 187392K, used 101408K [0x0000000080000000, 0x0000000100000000)
  region size 1024K, 1 young (1024K), 1 survivors (1024K)
 Metaspace       used 118081K, capacity 121457K, committed 121512K, reserved 1155072K
  class space    used 15359K, capacity 16689K, committed 16716K, reserved 1048576K
}
Event: 630.545 GC heap before
{Heap before GC invocations=48 (full 0):
 garbage-first heap   total 187392K, used 137248K [0x0000000080000000, 0x0000000100000000)
  region size 1024K, 37 young (37888K), 1 survivors (1024K)
 Metaspace       used 118392K, capacity 121810K, committed 122152K, reserved 1155072K
  class space    used 15381K, capacity 16729K, committed 16844K, reserved 1048576K
}
Event: 630.567 GC heap after
{Heap after GC invocations=49 (full 0):
 garbage-first heap   total 187392K, used 106147K [0x0000000080000000, 0x0000000100000000)
  region size 1024K, 5 young (5120K), 5 survivors (5120K)
 Metaspace       used 118392K, capacity 121810K, committed 122152K, reserved 1155072K
  class space    used 15381K, capacity 16729K, committed 16844K, reserved 1048576K
}

Deoptimization events (20 events):
Event: 572.100 Thread 0x00000283ff62f800 Uncommon trap: trap_request=0xffffffc6 fr.pc=0x00000283ed782004 relative=0x0000000000000c04
Event: 572.100 Thread 0x00000283ff62f800 Uncommon trap: reason=bimorphic_or_optimized_type_check action=maybe_recompile pc=0x00000283ed782004 method=com.google.common.cache.LocalCache$Segment.get(Ljava/lang/Object;I)Ljava/lang/Object; @ 44 c2
Event: 572.100 Thread 0x00000283ff62f800 DEOPT PACKING pc=0x00000283ed782004 sp=0x000000ace4cfd4b0
Event: 572.100 Thread 0x00000283ff62f800 DEOPT UNPACKING pc=0x00000283e54aa1af sp=0x000000ace4cfd400 mode 2
Event: 572.101 Thread 0x00000283ff62f800 Uncommon trap: trap_request=0xffffffc6 fr.pc=0x00000283ed784eb4 relative=0x00000000000009d4
Event: 572.101 Thread 0x00000283ff62f800 Uncommon trap: reason=bimorphic_or_optimized_type_check action=maybe_recompile pc=0x00000283ed784eb4 method=com.google.common.cache.LocalCache$Segment.get(Ljava/lang/Object;I)Ljava/lang/Object; @ 44 c2
Event: 572.101 Thread 0x00000283ff62f800 DEOPT PACKING pc=0x00000283ed784eb4 sp=0x000000ace4cfd2c0
Event: 572.101 Thread 0x00000283ff62f800 DEOPT UNPACKING pc=0x00000283e54aa1af sp=0x000000ace4cfd2a0 mode 2
Event: 572.102 Thread 0x00000283ff62f800 Uncommon trap: trap_request=0xffffff6e fr.pc=0x00000283ed873524 relative=0x0000000000006224
Event: 572.102 Thread 0x00000283ff62f800 Uncommon trap: reason=speculate_class_check action=maybe_recompile pc=0x00000283ed873524 method=java.io.ObjectOutputStream.writeNonProxyDesc(Ljava/io/ObjectStreamClass;Z)V @ 44 c2
Event: 572.102 Thread 0x00000283ff62f800 DEOPT PACKING pc=0x00000283ed873524 sp=0x000000ace4cfe110
Event: 572.102 Thread 0x00000283ff62f800 DEOPT UNPACKING pc=0x00000283e54aa1af sp=0x000000ace4cfdf88 mode 2
Event: 629.383 Thread 0x00000283fc01a800 Uncommon trap: trap_request=0xffffffde fr.pc=0x00000283ed0684ec relative=0x000000000000052c
Event: 629.383 Thread 0x00000283fc01a800 Uncommon trap: reason=class_check action=maybe_recompile pc=0x00000283ed0684ec method=jdk.internal.ref.PhantomCleanable.clean()V @ 12 c2
Event: 629.383 Thread 0x00000283fc01a800 DEOPT PACKING pc=0x00000283ed0684ec sp=0x000000ace44ff360
Event: 629.383 Thread 0x00000283fc01a800 DEOPT UNPACKING pc=0x00000283e54aa1af sp=0x000000ace44ff340 mode 2
Event: 629.414 Thread 0x00000283ff62f800 DEOPT PACKING pc=0x00000283e5e9e4f9 sp=0x000000ace4cf8f90
Event: 629.414 Thread 0x00000283ff62f800 DEOPT UNPACKING pc=0x00000283e54aa95e sp=0x000000ace4cf8458 mode 0
Event: 630.329 Thread 0x00000283fe1c2800 DEOPT PACKING pc=0x00000283e61e70f1 sp=0x000000ace90fe020
Event: 630.329 Thread 0x00000283fe1c2800 DEOPT UNPACKING pc=0x00000283e54aa95e sp=0x000000ace90fd518 mode 0

Classes redefined (0 events):
No events

Internal exceptions (20 events):
Event: 572.010 Thread 0x00000283fe1bc000 Exception <a 'java/io/IOException'{0x000000008af49fd0}> (0x000000008af49fd0) thrown at [./src/hotspot/share/prims/jni.cpp, line 615]
Event: 572.026 Thread 0x00000283ff62f800 Implicit null exception at 0x00000283ed70ba8a to 0x00000283ed70bec8
Event: 572.029 Thread 0x00000283ff62f800 Implicit null exception at 0x00000283ed2d2684 to 0x00000283ed2d2ea0
Event: 572.034 Thread 0x00000283ff62f800 Exception <a 'sun/nio/fs/WindowsException'{0x000000008b562ad8}> (0x000000008b562ad8) thrown at [./src/hotspot/share/prims/jni.cpp, line 615]
Event: 572.034 Thread 0x00000283ff62f800 Exception <a 'sun/nio/fs/WindowsException'{0x000000008b562b58}> (0x000000008b562b58) thrown at [./src/hotspot/share/prims/jni.cpp, line 615]
Event: 572.034 Thread 0x00000283ff62f800 Exception <a 'sun/nio/fs/WindowsException'{0x000000008b5644f0}> (0x000000008b5644f0) thrown at [./src/hotspot/share/prims/jni.cpp, line 615]
Event: 629.451 Thread 0x00000283ff62f800 Exception <a 'sun/nio/fs/WindowsException'{0x000000008b2a48d0}> (0x000000008b2a48d0) thrown at [./src/hotspot/share/prims/jni.cpp, line 615]
Event: 629.772 Thread 0x00000283ff62f800 Exception <a 'sun/nio/fs/WindowsException'{0x000000008aad65e0}> (0x000000008aad65e0) thrown at [./src/hotspot/share/prims/jni.cpp, line 615]
Event: 629.784 Thread 0x00000283ff62f800 Exception <a 'sun/nio/fs/WindowsException'{0x000000008a973f40}> (0x000000008a973f40) thrown at [./src/hotspot/share/prims/jni.cpp, line 615]
Event: 629.784 Thread 0x00000283ff62f800 Exception <a 'sun/nio/fs/WindowsException'{0x000000008a9752b8}> (0x000000008a9752b8) thrown at [./src/hotspot/share/prims/jni.cpp, line 615]
Event: 629.784 Thread 0x00000283ff62f800 Exception <a 'sun/nio/fs/WindowsException'{0x000000008a976680}> (0x000000008a976680) thrown at [./src/hotspot/share/prims/jni.cpp, line 615]
Event: 629.784 Thread 0x00000283ff62f800 Exception <a 'sun/nio/fs/WindowsException'{0x000000008a977a48}> (0x000000008a977a48) thrown at [./src/hotspot/share/prims/jni.cpp, line 615]
Event: 630.406 Thread 0x00000283fe1c2800 Exception <a 'sun/nio/fs/WindowsException'{0x0000000089703328}> (0x0000000089703328) thrown at [./src/hotspot/share/prims/jni.cpp, line 615]
Event: 630.406 Thread 0x00000283fe1c2800 Exception <a 'sun/nio/fs/WindowsException'{0x0000000089704200}> (0x0000000089704200) thrown at [./src/hotspot/share/prims/jni.cpp, line 615]
Event: 630.407 Thread 0x00000283fe1c2800 Exception <a 'sun/nio/fs/WindowsException'{0x0000000089704600}> (0x0000000089704600) thrown at [./src/hotspot/share/prims/jni.cpp, line 615]
Event: 630.407 Thread 0x00000283fe1c2800 Exception <a 'sun/nio/fs/WindowsException'{0x00000000897054a0}> (0x00000000897054a0) thrown at [./src/hotspot/share/prims/jni.cpp, line 615]
Event: 630.407 Thread 0x00000283fe1c2800 Exception <a 'sun/nio/fs/WindowsException'{0x00000000897057e8}> (0x00000000897057e8) thrown at [./src/hotspot/share/prims/jni.cpp, line 615]
Event: 630.407 Thread 0x00000283fe1c2800 Exception <a 'sun/nio/fs/WindowsException'{0x00000000897068e8}> (0x00000000897068e8) thrown at [./src/hotspot/share/prims/jni.cpp, line 615]
Event: 630.407 Thread 0x00000283fe1c2800 Exception <a 'sun/nio/fs/WindowsException'{0x0000000089706bd0}> (0x0000000089706bd0) thrown at [./src/hotspot/share/prims/jni.cpp, line 615]
Event: 630.407 Thread 0x00000283fe1c2800 Exception <a 'sun/nio/fs/WindowsException'{0x0000000089707a58}> (0x0000000089707a58) thrown at [./src/hotspot/share/prims/jni.cpp, line 615]

Events (20 events):
Event: 630.378 Executing VM operation: RevokeBias
Event: 630.378 Executing VM operation: RevokeBias done
Event: 630.378 Executing VM operation: RevokeBias
Event: 630.378 Executing VM operation: RevokeBias done
Event: 630.378 Executing VM operation: RevokeBias
Event: 630.378 Executing VM operation: RevokeBias done
Event: 630.379 Executing VM operation: RevokeBias
Event: 630.379 Executing VM operation: RevokeBias done
Event: 630.379 Executing VM operation: BulkRevokeBias
Event: 630.380 Executing VM operation: BulkRevokeBias done
Event: 630.409 Thread 0x00000283fe1c4000 Thread added: 0x00000283fe1c4000
Event: 630.416 Executing VM operation: RevokeBias
Event: 630.417 Executing VM operation: RevokeBias done
Event: 630.479 Executing VM operation: RevokeBias
Event: 630.479 Executing VM operation: RevokeBias done
Event: 630.480 Thread 0x00000283fe1ca800 Thread added: 0x00000283fe1ca800
Event: 630.517 Thread 0x00000283fe1c6800 Thread added: 0x00000283fe1c6800
Event: 630.517 Thread 0x00000283fe6b3000 Thread added: 0x00000283fe6b3000
Event: 630.542 Executing VM operation: G1CollectForAllocation
Event: 630.567 Executing VM operation: G1CollectForAllocation done


Dynamic libraries:
0x00007ff7a8dc0000 - 0x00007ff7a8dca000 	C:\Program Files\Android\Android Studio\jre\bin\java.exe
0x00007ffe59bf0000 - 0x00007ffe59de8000 	C:\WINDOWS\SYSTEM32\ntdll.dll
0x00007ffe57c50000 - 0x00007ffe57d0d000 	C:\WINDOWS\System32\KERNEL32.DLL
0x00007ffe57880000 - 0x00007ffe57b4e000 	C:\WINDOWS\System32\KERNELBASE.dll
0x00007ffe57710000 - 0x00007ffe57810000 	C:\WINDOWS\System32\ucrtbase.dll
0x00007ffe51220000 - 0x00007ffe51237000 	C:\Program Files\Android\Android Studio\jre\bin\VCRUNTIME140.dll
0x00007ffe54750000 - 0x00007ffe54769000 	C:\Program Files\Android\Android Studio\jre\bin\jli.dll
0x00007ffe598b0000 - 0x00007ffe59a50000 	C:\WINDOWS\System32\USER32.dll
0x00007ffe57540000 - 0x00007ffe57562000 	C:\WINDOWS\System32\win32u.dll
0x00007ffe57e30000 - 0x00007ffe57e5a000 	C:\WINDOWS\System32\GDI32.dll
0x00007ffe57600000 - 0x00007ffe5770b000 	C:\WINDOWS\System32\gdi32full.dll
0x00007ffe57310000 - 0x00007ffe573ad000 	C:\WINDOWS\System32\msvcp_win.dll
0x00007ffe3f810000 - 0x00007ffe3faaa000 	C:\WINDOWS\WinSxS\amd64_microsoft.windows.common-controls_6595b64144ccf1df_6.0.19041.1110_none_60b5254171f9507e\COMCTL32.dll
0x00007ffe58740000 - 0x00007ffe587de000 	C:\WINDOWS\System32\msvcrt.dll
0x00007ffe58320000 - 0x00007ffe58350000 	C:\WINDOWS\System32\IMM32.DLL
0x00007ffe1a530000 - 0x00007ffe1a5cd000 	C:\Program Files\Android\Android Studio\jre\bin\msvcp140.dll
0x00007ffdff260000 - 0x00007ffdffd45000 	C:\Program Files\Android\Android Studio\jre\bin\server\jvm.dll
0x00007ffe59390000 - 0x00007ffe5943e000 	C:\WINDOWS\System32\ADVAPI32.dll
0x00007ffe58350000 - 0x00007ffe583ec000 	C:\WINDOWS\System32\sechost.dll
0x00007ffe58a40000 - 0x00007ffe58b65000 	C:\WINDOWS\System32\RPCRT4.dll
0x00007ffe582a0000 - 0x00007ffe582a8000 	C:\WINDOWS\System32\PSAPI.DLL
0x00007ffe55a90000 - 0x00007ffe55a99000 	C:\WINDOWS\SYSTEM32\WSOCK32.dll
0x00007ffe59b40000 - 0x00007ffe59bab000 	C:\WINDOWS\System32\WS2_32.dll
0x00007ffe4d370000 - 0x00007ffe4d37a000 	C:\WINDOWS\SYSTEM32\VERSION.dll
0x00007ffe43820000 - 0x00007ffe43847000 	C:\WINDOWS\SYSTEM32\WINMM.dll
0x00007ffe55bf0000 - 0x00007ffe55c02000 	C:\WINDOWS\SYSTEM32\kernel.appcore.dll
0x00007ffe4f250000 - 0x00007ffe4f261000 	C:\Program Files\Android\Android Studio\jre\bin\verify.dll
0x00007ffe55870000 - 0x00007ffe55a54000 	C:\WINDOWS\SYSTEM32\DBGHELP.DLL
0x00007ffe466c0000 - 0x00007ffe466ec000 	C:\WINDOWS\SYSTEM32\dbgcore.DLL
0x00007ffe57570000 - 0x00007ffe575f2000 	C:\WINDOWS\System32\bcryptPrimitives.dll
0x00007ffe38050000 - 0x00007ffe38079000 	C:\Program Files\Android\Android Studio\jre\bin\java.dll
0x00007ffe50b90000 - 0x00007ffe50b9b000 	C:\Program Files\Android\Android Studio\jre\bin\jimage.dll
0x00007ffe4f230000 - 0x00007ffe4f248000 	C:\Program Files\Android\Android Studio\jre\bin\zip.dll
0x00007ffe58b70000 - 0x00007ffe592b4000 	C:\WINDOWS\System32\SHELL32.dll
0x00007ffe550d0000 - 0x00007ffe55864000 	C:\WINDOWS\SYSTEM32\windows.storage.dll
0x00007ffe57e60000 - 0x00007ffe581b4000 	C:\WINDOWS\System32\combase.dll
0x00007ffe56ca0000 - 0x00007ffe56cd0000 	C:\WINDOWS\SYSTEM32\Wldp.dll
0x00007ffe587e0000 - 0x00007ffe5888d000 	C:\WINDOWS\System32\SHCORE.dll
0x00007ffe59a50000 - 0x00007ffe59aa5000 	C:\WINDOWS\System32\shlwapi.dll
0x00007ffe57250000 - 0x00007ffe5726f000 	C:\WINDOWS\SYSTEM32\profapi.dll
0x00007ffe342c0000 - 0x00007ffe342da000 	C:\Program Files\Android\Android Studio\jre\bin\net.dll
0x00007ffe48360000 - 0x00007ffe4846a000 	C:\WINDOWS\SYSTEM32\WINHTTP.dll
0x00007ffe56a00000 - 0x00007ffe56a6a000 	C:\WINDOWS\system32\mswsock.dll
0x00007ffe2fb00000 - 0x00007ffe2fb14000 	C:\Program Files\Android\Android Studio\jre\bin\nio.dll
0x00007ffe2f610000 - 0x00007ffe2f637000 	C:\Users\renzo\.gradle\native\e1d6ef7f7dcc3fd88c89a11ec53ec762bb8ba0a96d01ffa2cd45eb1d1d8dd5c5\windows-amd64\native-platform.dll
0x00007ffe18f10000 - 0x00007ffe19054000 	C:\Users\renzo\.gradle\native\5664cfc778a61ccfe75a443a1ab52a65af34e5dc3c78e0209fed803814484fcb\windows-amd64\native-platform-file-events.dll
0x00007ffe50a40000 - 0x00007ffe50a4a000 	C:\Program Files\Android\Android Studio\jre\bin\management.dll
0x00007ffe4f1e0000 - 0x00007ffe4f1ed000 	C:\Program Files\Android\Android Studio\jre\bin\management_ext.dll
0x00007ffe56bf0000 - 0x00007ffe56c08000 	C:\WINDOWS\SYSTEM32\CRYPTSP.dll
0x00007ffe56380000 - 0x00007ffe563b4000 	C:\WINDOWS\system32\rsaenh.dll
0x00007ffe573b0000 - 0x00007ffe573d7000 	C:\WINDOWS\System32\bcrypt.dll
0x00007ffe57210000 - 0x00007ffe5723e000 	C:\WINDOWS\SYSTEM32\USERENV.dll
0x00007ffe56c10000 - 0x00007ffe56c1c000 	C:\WINDOWS\SYSTEM32\CRYPTBASE.dll
0x00007ffe566f0000 - 0x00007ffe5672b000 	C:\WINDOWS\SYSTEM32\IPHLPAPI.DLL
0x00007ffe57e20000 - 0x00007ffe57e28000 	C:\WINDOWS\System32\NSI.dll
0x00007ffe4ca30000 - 0x00007ffe4ca47000 	C:\WINDOWS\SYSTEM32\dhcpcsvc6.DLL
0x00007ffe4d2e0000 - 0x00007ffe4d2fd000 	C:\WINDOWS\SYSTEM32\dhcpcsvc.DLL
0x00007ffe56730000 - 0x00007ffe567fa000 	C:\WINDOWS\SYSTEM32\DNSAPI.dll
0x00007ffe342a0000 - 0x00007ffe342be000 	C:\Users\renzo\AppData\Local\Temp\native-platform18410096320119411992dir\native-platform.dll
0x00007ffe46e10000 - 0x00007ffe46e18000 	C:\Program Files\Android\Android Studio\jre\bin\rmi.dll
0x00007ffe31050000 - 0x00007ffe31067000 	C:\WINDOWS\system32\napinsp.dll
0x00007ffe31030000 - 0x00007ffe3104b000 	C:\WINDOWS\system32\pnrpnsp.dll
0x00007ffe51c80000 - 0x00007ffe51c95000 	C:\WINDOWS\system32\wshbth.dll
0x00007ffe527e0000 - 0x00007ffe527fd000 	C:\WINDOWS\system32\NLAapi.dll
0x00007ffe31010000 - 0x00007ffe31022000 	C:\WINDOWS\System32\winrnr.dll
0x0000000058ac0000 - 0x0000000058ae6000 	C:\Program Files\Bonjour\mdnsNSP.dll
0x00007ffe482a0000 - 0x00007ffe482aa000 	C:\Windows\System32\rasadhlp.dll
0x00007ffe482e0000 - 0x00007ffe48360000 	C:\WINDOWS\System32\fwpuclnt.dll
0x00007ffe2d9a0000 - 0x00007ffe2d9c7000 	C:\Program Files\Android\Android Studio\jre\bin\sunec.dll
0x00007ffe56010000 - 0x00007ffe56043000 	C:\WINDOWS\SYSTEM32\ntmarta.dll

dbghelp: loaded successfully - version: 4.0.5 - missing functions: none
symbol engine: initialized successfully - sym options: 0x614 - pdb path: .;C:\Program Files\Android\Android Studio\jre\bin;C:\WINDOWS\SYSTEM32;C:\WINDOWS\WinSxS\amd64_microsoft.windows.common-controls_6595b64144ccf1df_6.0.19041.1110_none_60b5254171f9507e;C:\Program Files\Android\Android Studio\jre\bin\server;C:\Users\renzo\.gradle\native\e1d6ef7f7dcc3fd88c89a11ec53ec762bb8ba0a96d01ffa2cd45eb1d1d8dd5c5\windows-amd64;C:\Users\renzo\.gradle\native\5664cfc778a61ccfe75a443a1ab52a65af34e5dc3c78e0209fed803814484fcb\windows-amd64;C:\Users\renzo\AppData\Local\Temp\native-platform18410096320119411992dir;C:\Program Files\Bonjour

VM Arguments:
jvm_args: --add-opens=java.base/java.util=ALL-UNNAMED --add-opens=java.base/java.lang=ALL-UNNAMED --add-opens=java.base/java.lang.invoke=ALL-UNNAMED --add-opens=java.base/java.util=ALL-UNNAMED --add-opens=java.prefs/java.util.prefs=ALL-UNNAMED --add-opens=java.prefs/java.util.prefs=ALL-UNNAMED --add-opens=java.base/java.nio.charset=ALL-UNNAMED --add-opens=java.base/java.net=ALL-UNNAMED --add-opens=java.base/java.util.concurrent.atomic=ALL-UNNAMED -Xmx2048m -Dfile.encoding=UTF-8 -Duser.country=GB -Duser.language=en -Duser.variant 
java_command: org.gradle.launcher.daemon.bootstrap.GradleDaemon 7.3.3
java_class_path (initial): C:\Users\renzo\.gradle\wrapper\dists\gradle-7.3.3-bin\6a41zxkdtcxs8rphpq6y0069z\gradle-7.3.3\lib\gradle-launcher-7.3.3.jar
Launcher Type: SUN_STANDARD

[Global flags]
     intx CICompilerCount                          = 3                                         {product} {ergonomic}
     uint ConcGCThreads                            = 1                                         {product} {ergonomic}
     uint G1ConcRefinementThreads                  = 4                                         {product} {ergonomic}
   size_t G1HeapRegionSize                         = 1048576                                   {product} {ergonomic}
    uintx GCDrainStackTargetSize                   = 64                                        {product} {ergonomic}
   size_t InitialHeapSize                          = 132120576                                 {product} {ergonomic}
   size_t MarkStackSize                            = 4194304                                   {product} {ergonomic}
   size_t MaxHeapSize                              = 2147483648                                {product} {command line}
   size_t MaxNewSize                               = 1287651328                                {product} {ergonomic}
   size_t MinHeapDeltaBytes                        = 1048576                                   {product} {ergonomic}
    uintx NonNMethodCodeHeapSize                   = 5830732                                {pd product} {ergonomic}
    uintx NonProfiledCodeHeapSize                  = 122913754                              {pd product} {ergonomic}
    uintx ProfiledCodeHeapSize                     = 122913754                              {pd product} {ergonomic}
    uintx ReservedCodeCacheSize                    = 251658240                              {pd product} {ergonomic}
     bool SegmentedCodeCache                       = true                                      {product} {ergonomic}
     bool UseCompressedClassPointers               = true                                 {lp64_product} {ergonomic}
     bool UseCompressedOops                        = true                                 {lp64_product} {ergonomic}
     bool UseG1GC                                  = true                                      {product} {ergonomic}
     bool UseLargePagesIndividualAllocation        = false                                  {pd product} {ergonomic}

Logging:
Log output configuration:
 #0: stdout all=warning uptime,level,tags
 #1: stderr all=off uptime,level,tags

Environment Variables:
PATH=C:\ProgramData\Oracle\Java\javapath;C:\Program Files (x86)\Intel\iCLS Client\;C:\Program Files\Intel\iCLS Client\;C:\WINDOWS\system32;C:\WINDOWS;C:\WINDOWS\System32\Wbem;C:\WINDOWS\System32\WindowsPowerShell\v1.0\;C:\Program Files (x86)\Intel\Intel(R) Management Engine Components\DAL;C:\Program Files\Intel\Intel(R) Management Engine Components\DAL;C:\Program Files (x86)\Intel\Intel(R) Management Engine Components\IPT;C:\Program Files\Intel\Intel(R) Management Engine Components\IPT;C:\WINDOWS\System32\OpenSSH\;C:\Program Files\Microsoft SQL Server\Client SDK\ODBC\170\Tools\Binn\;C:\Program Files (x86)\Microsoft SQL Server\150\Tools\Binn\;C:\Program Files\Microsoft SQL Server\150\Tools\Binn\;C:\Program Files\Microsoft SQL Server\150\DTS\Binn\;C:\Program Files\dotnet\;D:\Program Files (x86)\Git\cmd;C:\Program Files (x86)\Calibre2\;D:\Program Files (x86)\nvm;C:\Program Files\nodejs;D:\MinGW\bin;;D:\Program Files (x86)\Cloud Foundry;C:\Program Files\Cloud Foundry;C:\Program Files\Microsoft SQL Server\130\Tools\Binn\;C:\Users\renzo\AppData\Local\Programs\Python\Python39\Scripts\;C:\Users\renzo\AppData\Local\Programs\Python\Python39\;C:\Users\renzo\AppData\Local\Microsoft\WindowsApps;C:\Users\renzo\AppData\Local\Programs\Microsoft VS Code\bin;C:\Program Files\JetBrains\PyCharm Community Edition 2019.3.3\bin;;C:\Users\renzo\.dotnet\tools;C:\Users\renzo\AppData\Roaming\npm;D:\Program Files (x86)\nvm;C:\Program Files\nodejs;D:\MinGW\bin;;C:\Users\renzo\AppData\Local\JetBrains\Toolbox\scripts
USERNAME=renzo
OS=Windows_NT
PROCESSOR_IDENTIFIER=Intel64 Family 6 Model 78 Stepping 3, GenuineIntel



---------------  S Y S T E M  ---------------

OS: Windows 10 , 64 bit Build 19041 (10.0.19041.1889)
OS uptime: 8 days 4:03 hours

CPU:total 4 (initial active 4) (2 cores per cpu, 2 threads per core) family 6 model 78 stepping 3 microcode 0xcc, cmov, cx8, fxsr, mmx, sse, sse2, sse3, ssse3, sse4.1, sse4.2, popcnt, avx, avx2, aes, clmul, erms, 3dnowpref, lzcnt, ht, tsc, tscinvbit, bmi1, bmi2, adx, fma

Memory: 4k page, system-wide physical 8056M (520M free)
TotalPageFile size 18604M (AvailPageFile size 6M)
current process WorkingSet (physical memory assigned to process): 345M, peak: 485M
current process commit charge ("private bytes"): 528M, peak: 530M

vm_info: OpenJDK 64-Bit Server VM (11.0.12+7-b1504.28-7817840) for windows-amd64 JRE (11.0.12+7-b1504.28-7817840), built on Oct 13 2021 22:12:33 by "builder" with MS VC++ 14.0 (VS2015)

END.
