#
# There is insufficient memory for the Java Runtime Environment to continue.
# Native memory allocation (mmap) failed to map 27262976 bytes for Failed to commit area from 0x0000000087e00000 to 0x0000000089800000 of length 27262976.
# Possible reasons:
#   The system is out of physical RAM or swap space
#   The process is running with CompressedOops enabled, and the Java Heap may be blocking the growth of the native heap
# Possible solutions:
#   Reduce memory load on the system
#   Increase physical memory or swap space
#   Check if swap backing store is full
#   Decrease Java heap size (-Xmx/-Xms)
#   Decrease number of Java threads
#   Decrease Java thread stack sizes (-Xss)
#   Set larger code cache with -XX:ReservedCodeCacheSize=
#   JVM is running with Unscaled Compressed Oops mode in which the Java heap is
#     placed in the first 4GB address space. The Java Heap base address is the
#     maximum limit for the native heap growth. Please use -XX:HeapBaseMinAddress
#     to set the Java Heap base and to place the Java Heap above 4GB virtual address.
# This output file may be truncated or incomplete.
#
#  Out of Memory Error (./src/hotspot/os/windows/os_windows.cpp:3521), pid=7192, tid=1132
#
# JRE version: OpenJDK Runtime Environment (11.0.12+7) (build 11.0.12+7-b1504.28-7817840)
# Java VM: OpenJDK 64-Bit Server VM (11.0.12+7-b1504.28-7817840, mixed mode, tiered, compressed oops, g1 gc, windows-amd64)
# No core dump will be written. Minidumps are not enabled by default on client versions of Windows
#

---------------  S U M M A R Y ------------

Command Line: --add-opens=java.base/java.util=ALL-UNNAMED --add-opens=java.base/java.lang=ALL-UNNAMED --add-opens=java.base/java.lang.invoke=ALL-UNNAMED --add-opens=java.base/java.util=ALL-UNNAMED --add-opens=java.prefs/java.util.prefs=ALL-UNNAMED --add-opens=java.prefs/java.util.prefs=ALL-UNNAMED --add-opens=java.base/java.nio.charset=ALL-UNNAMED --add-opens=java.base/java.net=ALL-UNNAMED --add-opens=java.base/java.util.concurrent.atomic=ALL-UNNAMED -Xmx2048m -Dfile.encoding=UTF-8 -Duser.country=GB -Duser.language=en -Duser.variant org.gradle.launcher.daemon.bootstrap.GradleDaemon 7.3.3

Host: Intel(R) Core(TM) i5-6200U CPU @ 2.30GHz, 4 cores, 7G,  Windows 10 , 64 bit Build 19041 (10.0.19041.1889)
Time: Thu Sep  8 14:57:11 2022 SA Pacific Standard Time elapsed time: 14.670294 seconds (0d 0h 0m 14s)

---------------  T H R E A D  ---------------

Current thread (0x000001bb7a25a000):  VMThread "VM Thread" [stack: 0x000000ae3cf00000,0x000000ae3d000000] [id=1132]

Stack: [0x000000ae3cf00000,0x000000ae3d000000]
[error occurred during error reporting (printing stack bounds), id 0xc0000005, EXCEPTION_ACCESS_VIOLATION (0xc0000005) at pc=0x000001bb0000112d]

Native frames: (J=compiled Java code, j=interpreted, Vv=VM code, C=native code)
V  [jvm.dll+0x5fbcea]
V  [jvm.dll+0x731905]
V  [jvm.dll+0x732f1d]
V  [jvm.dll+0x733535]
V  [jvm.dll+0x7334eb]
V  [jvm.dll+0x5fb080]
V  [jvm.dll+0x5fb818]
C  [ntdll.dll+0xa229f]
C  [ntdll.dll+0x51454]
C  [ntdll.dll+0xa0dce]
C  0x000001bb0000112d

VM_Operation (0x000000ae3e2f11b0): G1CollectForAllocation, mode: safepoint, requested by thread 0x000001bb7c28d800


---------------  P R O C E S S  ---------------

Threads class SMR info:
_java_thread_list=0x000001bb10846900, length=78, elements={
0x000001bb6d70e000, 0x000001bb7a25e800, 0x000001bb7a25f800, 0x000001bb7a27d000,
0x000001bb7a27f000, 0x000001bb7a27f800, 0x000001bb7a285000, 0x000001bb7a286000,
0x000001bb7ac3c000, 0x000001bb7ad68800, 0x000001bb7d75f800, 0x000001bb7d3d6800,
0x000001bb7da51800, 0x000001bb7c75b000, 0x000001bb7cc62000, 0x000001bb7bdc6000,
0x000001bb7c28d800, 0x000001bb7c129800, 0x000001bb7c784000, 0x000001bb7bfa9000,
0x000001bb7bfad800, 0x000001bb7bfa9800, 0x000001bb7bfaa800, 0x000001bb7bfab000,
0x000001bb7bfae800, 0x000001bb7bfac000, 0x000001bb7bfad000, 0x000001bb7bfaf800,
0x000001bb0f46c800, 0x000001bb0f46b000, 0x000001bb7ce3a000, 0x000001bb0f469800,
0x000001bb0f46d800, 0x000001bb0f46a800, 0x000001bb0f471000, 0x000001bb0f471800,
0x000001bb0f46c000, 0x000001bb0f475000, 0x000001bb0f474000, 0x000001bb0f472800,
0x000001bb0f473800, 0x000001bb0f478000, 0x000001bb0f476800, 0x000001bb0f477800,
0x000001bb0f475800, 0x000001bb10435000, 0x000001bb10434000, 0x000001bb10436800,
0x000001bb10433000, 0x000001bb10437800, 0x000001bb10431800, 0x000001bb10435800,
0x000001bb10438000, 0x000001bb10432800, 0x000001bb7e29a800, 0x000001bb7e294800,
0x000001bb7e298800, 0x000001bb7e297000, 0x000001bb7e29b000, 0x000001bb7e295800,
0x000001bb7e298000, 0x000001bb7e299800, 0x000001bb7e296000, 0x000001bb7de65000,
0x000001bb7de63800, 0x000001bb7de5f000, 0x000001bb7de60000, 0x000001bb7de64000,
0x000001bb7de66800, 0x000001bb7de62800, 0x000001bb7de66000, 0x000001bb7de61000,
0x000001bb7de61800, 0x000001bb7de6a800, 0x000001bb7de6c800, 0x000001bb7de69000,
0x000001bb7de6d000, 0x000001bb7de67800
}

Java Threads: ( => current thread )
  0x000001bb6d70e000 JavaThread "main" [_thread_blocked, id=21928, stack(0x000000ae3c900000,0x000000ae3ca00000)]
  0x000001bb7a25e800 JavaThread "Reference Handler" daemon [_thread_blocked, id=21428, stack(0x000000ae3d000000,0x000000ae3d100000)]
  0x000001bb7a25f800 JavaThread "Finalizer" daemon [_thread_blocked, id=7824, stack(0x000000ae3d100000,0x000000ae3d200000)]
  0x000001bb7a27d000 JavaThread "Signal Dispatcher" daemon [_thread_blocked, id=5396, stack(0x000000ae3d200000,0x000000ae3d300000)]
  0x000001bb7a27f000 JavaThread "Attach Listener" daemon [_thread_blocked, id=17476, stack(0x000000ae3d300000,0x000000ae3d400000)]
  0x000001bb7a27f800 JavaThread "Service Thread" daemon [_thread_blocked, id=16388, stack(0x000000ae3d400000,0x000000ae3d500000)]
  0x000001bb7a285000 JavaThread "C2 CompilerThread0" daemon [_thread_in_native, id=7144, stack(0x000000ae3d500000,0x000000ae3d600000)]
  0x000001bb7a286000 JavaThread "C1 CompilerThread0" daemon [_thread_blocked, id=23796, stack(0x000000ae3d600000,0x000000ae3d700000)]
  0x000001bb7ac3c000 JavaThread "Sweeper thread" daemon [_thread_blocked, id=6548, stack(0x000000ae3d700000,0x000000ae3d800000)]
  0x000001bb7ad68800 JavaThread "Common-Cleaner" daemon [_thread_blocked, id=19052, stack(0x000000ae3d800000,0x000000ae3d900000)]
  0x000001bb7d75f800 JavaThread "Daemon health stats" [_thread_blocked, id=12532, stack(0x000000ae3dd00000,0x000000ae3de00000)]
  0x000001bb7d3d6800 JavaThread "Incoming local TCP Connector on port 57421" [_thread_in_native, id=23912, stack(0x000000ae3da00000,0x000000ae3db00000)]
  0x000001bb7da51800 JavaThread "Daemon periodic checks" [_thread_blocked, id=2056, stack(0x000000ae3de00000,0x000000ae3df00000)]
  0x000001bb7c75b000 JavaThread "Daemon" [_thread_blocked, id=21888, stack(0x000000ae3df00000,0x000000ae3e000000)]
  0x000001bb7cc62000 JavaThread "Handler for socket connection from /127.0.0.1:57421 to /127.0.0.1:57423" [_thread_in_native, id=24324, stack(0x000000ae3e000000,0x000000ae3e100000)]
  0x000001bb7bdc6000 JavaThread "Cancel handler" [_thread_blocked, id=18084, stack(0x000000ae3e100000,0x000000ae3e200000)]
  0x000001bb7c28d800 JavaThread "Daemon worker" [_thread_blocked, id=21252, stack(0x000000ae3e200000,0x000000ae3e300000)]
  0x000001bb7c129800 JavaThread "Asynchronous log dispatcher for DefaultDaemonConnection: socket connection from /127.0.0.1:57421 to /127.0.0.1:57423" [_thread_blocked, id=19268, stack(0x000000ae3e400000,0x000000ae3e500000)]
  0x000001bb7c784000 JavaThread "Stdin handler" [_thread_blocked, id=21356, stack(0x000000ae3e500000,0x000000ae3e600000)]
  0x000001bb7bfa9000 JavaThread "Daemon client event forwarder" [_thread_blocked, id=4652, stack(0x000000ae3e600000,0x000000ae3e700000)]
  0x000001bb7bfad800 JavaThread "Cache worker for journal cache (C:\Users\renzo\.gradle\caches\journal-1)" [_thread_blocked, id=6848, stack(0x000000ae3e300000,0x000000ae3e400000)]
  0x000001bb7bfa9800 JavaThread "File lock request listener" [_thread_in_native, id=22844, stack(0x000000ae3e800000,0x000000ae3e900000)]
  0x000001bb7bfaa800 JavaThread "Cache worker for file hash cache (C:\Users\renzo\.gradle\caches\7.3.3\fileHashes)" [_thread_blocked, id=12504, stack(0x000000ae3e900000,0x000000ae3ea00000)]
  0x000001bb7bfab000 JavaThread "Cache worker for file hash cache (D:\renzo\Dev\UPC-CICLO-VI\Mobile Apps\GeoQuiz\.gradle\7.3.3\fileHashes)" [_thread_blocked, id=17848, stack(0x000000ae3eb00000,0x000000ae3ec00000)]
  0x000001bb7bfae800 JavaThread "File watcher server" daemon [_thread_in_native, id=5180, stack(0x000000ae3ec00000,0x000000ae3ed00000)]
  0x000001bb7bfac000 JavaThread "File watcher consumer" daemon [_thread_blocked, id=10100, stack(0x000000ae3ed00000,0x000000ae3ee00000)]
  0x000001bb7bfad000 JavaThread "Cache worker for checksums cache (D:\renzo\Dev\UPC-CICLO-VI\Mobile Apps\GeoQuiz\.gradle\7.3.3\checksums)" [_thread_blocked, id=16252, stack(0x000000ae3ea00000,0x000000ae3eb00000)]
  0x000001bb7bfaf800 JavaThread "Cache worker for cache directory md-supplier (C:\Users\renzo\.gradle\caches\7.3.3\md-supplier)" [_thread_blocked, id=8204, stack(0x000000ae3ee00000,0x000000ae3ef00000)]
  0x000001bb0f46c800 JavaThread "Cache worker for cache directory md-rule (C:\Users\renzo\.gradle\caches\7.3.3\md-rule)" [_thread_blocked, id=14296, stack(0x000000ae3f000000,0x000000ae3f100000)]
  0x000001bb0f46b000 JavaThread "Cache worker for execution history cache (C:\Users\renzo\.gradle\caches\7.3.3\executionHistory)" [_thread_blocked, id=16560, stack(0x000000ae3f100000,0x000000ae3f200000)]
  0x000001bb7ce3a000 JavaThread "C2 CompilerThread1" daemon [_thread_blocked, id=3980, stack(0x000000ae3ef00000,0x000000ae3f000000)]
  0x000001bb0f469800 JavaThread "jar transforms" [_thread_blocked, id=14488, stack(0x000000ae3f200000,0x000000ae3f300000)]
  0x000001bb0f46d800 JavaThread "Cache worker for file content cache (C:\Users\renzo\.gradle\caches\7.3.3\fileContent)" [_thread_blocked, id=11040, stack(0x000000ae3f300000,0x000000ae3f400000)]
  0x000001bb0f46a800 JavaThread "jar transforms Thread 2" [_thread_blocked, id=22608, stack(0x000000ae3f400000,0x000000ae3f500000)]
  0x000001bb0f471000 JavaThread "Cache worker for dependencies-accessors (D:\renzo\Dev\UPC-CICLO-VI\Mobile Apps\GeoQuiz\.gradle\7.3.3\dependencies-accessors)" [_thread_blocked, id=8092, stack(0x000000ae3f500000,0x000000ae3f600000)]
  0x000001bb0f471800 JavaThread "jar transforms Thread 3" [_thread_blocked, id=12700, stack(0x000000ae3f600000,0x000000ae3f700000)]
  0x000001bb0f46c000 JavaThread "Cache worker for Build Output Cleanup Cache (D:\renzo\Dev\UPC-CICLO-VI\Mobile Apps\GeoQuiz\.gradle\buildOutputCleanup)" [_thread_blocked, id=9908, stack(0x000000ae3f700000,0x000000ae3f800000)]
  0x000001bb0f475000 JavaThread "Unconstrained build operations" [_thread_blocked, id=23400, stack(0x000000ae3f800000,0x000000ae3f900000)]
  0x000001bb0f474000 JavaThread "Unconstrained build operations Thread 2" [_thread_blocked, id=9400, stack(0x000000ae3f900000,0x000000ae3fa00000)]
  0x000001bb0f472800 JavaThread "Unconstrained build operations Thread 3" [_thread_blocked, id=4076, stack(0x000000ae3fa00000,0x000000ae3fb00000)]
  0x000001bb0f473800 JavaThread "Unconstrained build operations Thread 4" [_thread_blocked, id=24264, stack(0x000000ae3fb00000,0x000000ae3fc00000)]
  0x000001bb0f478000 JavaThread "Unconstrained build operations Thread 5" [_thread_blocked, id=11912, stack(0x000000ae3fc00000,0x000000ae3fd00000)]
  0x000001bb0f476800 JavaThread "Unconstrained build operations Thread 6" [_thread_blocked, id=9764, stack(0x000000ae3fd00000,0x000000ae3fe00000)]
  0x000001bb0f477800 JavaThread "Unconstrained build operations Thread 7" [_thread_blocked, id=6388, stack(0x000000ae3fe00000,0x000000ae3ff00000)]
  0x000001bb0f475800 JavaThread "Unconstrained build operations Thread 8" [_thread_blocked, id=20888, stack(0x000000ae3ff00000,0x000000ae40000000)]
  0x000001bb10435000 JavaThread "Unconstrained build operations Thread 9" [_thread_blocked, id=10236, stack(0x000000ae40000000,0x000000ae40100000)]
  0x000001bb10434000 JavaThread "Unconstrained build operations Thread 10" [_thread_blocked, id=23064, stack(0x000000ae40100000,0x000000ae40200000)]
  0x000001bb10436800 JavaThread "Unconstrained build operations Thread 11" [_thread_blocked, id=22336, stack(0x000000ae40200000,0x000000ae40300000)]
  0x000001bb10433000 JavaThread "Unconstrained build operations Thread 12" [_thread_blocked, id=22024, stack(0x000000ae40300000,0x000000ae40400000)]
  0x000001bb10437800 JavaThread "Unconstrained build operations Thread 13" [_thread_blocked, id=19388, stack(0x000000ae40400000,0x000000ae40500000)]
  0x000001bb10431800 JavaThread "Unconstrained build operations Thread 14" [_thread_blocked, id=10660, stack(0x000000ae40500000,0x000000ae40600000)]
  0x000001bb10435800 JavaThread "Unconstrained build operations Thread 15" [_thread_blocked, id=15404, stack(0x000000ae40600000,0x000000ae40700000)]
  0x000001bb10438000 JavaThread "Unconstrained build operations Thread 16" [_thread_blocked, id=2228, stack(0x000000ae40700000,0x000000ae40800000)]
  0x000001bb10432800 JavaThread "Unconstrained build operations Thread 17" [_thread_blocked, id=22244, stack(0x000000ae40800000,0x000000ae40900000)]
  0x000001bb7e29a800 JavaThread "Unconstrained build operations Thread 18" [_thread_blocked, id=24544, stack(0x000000ae40900000,0x000000ae40a00000)]
  0x000001bb7e294800 JavaThread "Unconstrained build operations Thread 19" [_thread_blocked, id=22220, stack(0x000000ae40a00000,0x000000ae40b00000)]
  0x000001bb7e298800 JavaThread "Unconstrained build operations Thread 20" [_thread_blocked, id=14376, stack(0x000000ae40b00000,0x000000ae40c00000)]
  0x000001bb7e297000 JavaThread "Unconstrained build operations Thread 21" [_thread_blocked, id=6884, stack(0x000000ae40c00000,0x000000ae40d00000)]
  0x000001bb7e29b000 JavaThread "Unconstrained build operations Thread 22" [_thread_blocked, id=20340, stack(0x000000ae40d00000,0x000000ae40e00000)]
  0x000001bb7e295800 JavaThread "Unconstrained build operations Thread 23" [_thread_blocked, id=18732, stack(0x000000ae40e00000,0x000000ae40f00000)]
  0x000001bb7e298000 JavaThread "Unconstrained build operations Thread 24" [_thread_blocked, id=11124, stack(0x000000ae40f00000,0x000000ae41000000)]
  0x000001bb7e299800 JavaThread "Unconstrained build operations Thread 25" [_thread_blocked, id=22108, stack(0x000000ae41000000,0x000000ae41100000)]
  0x000001bb7e296000 JavaThread "Unconstrained build operations Thread 26" [_thread_blocked, id=17136, stack(0x000000ae41100000,0x000000ae41200000)]
  0x000001bb7de65000 JavaThread "Unconstrained build operations Thread 27" [_thread_blocked, id=4532, stack(0x000000ae41200000,0x000000ae41300000)]
  0x000001bb7de63800 JavaThread "Unconstrained build operations Thread 28" [_thread_blocked, id=16644, stack(0x000000ae41300000,0x000000ae41400000)]
  0x000001bb7de5f000 JavaThread "Unconstrained build operations Thread 29" [_thread_blocked, id=276, stack(0x000000ae41400000,0x000000ae41500000)]
  0x000001bb7de60000 JavaThread "Unconstrained build operations Thread 30" [_thread_blocked, id=3648, stack(0x000000ae41500000,0x000000ae41600000)]
  0x000001bb7de64000 JavaThread "Unconstrained build operations Thread 31" [_thread_blocked, id=6460, stack(0x000000ae41600000,0x000000ae41700000)]
  0x000001bb7de66800 JavaThread "Unconstrained build operations Thread 32" [_thread_blocked, id=9828, stack(0x000000ae41700000,0x000000ae41800000)]
  0x000001bb7de62800 JavaThread "Unconstrained build operations Thread 33" [_thread_blocked, id=12632, stack(0x000000ae41800000,0x000000ae41900000)]
  0x000001bb7de66000 JavaThread "Unconstrained build operations Thread 34" [_thread_blocked, id=14744, stack(0x000000ae41900000,0x000000ae41a00000)]
  0x000001bb7de61000 JavaThread "Unconstrained build operations Thread 35" [_thread_blocked, id=24328, stack(0x000000ae41a00000,0x000000ae41b00000)]
  0x000001bb7de61800 JavaThread "Unconstrained build operations Thread 36" [_thread_blocked, id=24540, stack(0x000000ae41b00000,0x000000ae41c00000)]
  0x000001bb7de6a800 JavaThread "Unconstrained build operations Thread 37" [_thread_blocked, id=21372, stack(0x000000ae41c00000,0x000000ae41d00000)]
  0x000001bb7de6c800 JavaThread "Unconstrained build operations Thread 38" [_thread_blocked, id=1464, stack(0x000000ae41d00000,0x000000ae41e00000)]
  0x000001bb7de69000 JavaThread "Unconstrained build operations Thread 39" [_thread_blocked, id=15736, stack(0x000000ae41e00000,0x000000ae41f00000)]
  0x000001bb7de6d000 JavaThread "Unconstrained build operations Thread 40" [_thread_blocked, id=15924, stack(0x000000ae41f00000,0x000000ae42000000)]
  0x000001bb7de67800 JavaThread "jar transforms Thread 4" [_thread_blocked, id=2892, stack(0x000000ae42000000,0x000000ae42100000)]

Other Threads:
=>0x000001bb7a25a000 VMThread "VM Thread" [stack: 0x000000ae3cf00000,0x000000ae3d000000] [id=1132]
  0x000001bb7ad75800 WatcherThread [stack: 0x000000ae3d900000,0x000000ae3da00000] [id=14860]
  0x000001bb6d727000 GCTaskThread "GC Thread#0" [stack: 0x000000ae3ca00000,0x000000ae3cb00000] [id=16136]
  0x000001bb7b0a9800 GCTaskThread "GC Thread#1" [stack: 0x000000ae3db00000,0x000000ae3dc00000] [id=11416]
  0x000001bb7b30d800 GCTaskThread "GC Thread#2" [stack: 0x000000ae3dc00000,0x000000ae3dd00000] [id=20192]
  0x000001bb7c3a4800 GCTaskThread "GC Thread#3" [stack: 0x000000ae3e700000,0x000000ae3e800000] [id=23232]
  0x000001bb6d757000 ConcurrentGCThread "G1 Main Marker" [stack: 0x000000ae3cb00000,0x000000ae3cc00000] [id=24160]
  0x000001bb6d758000 ConcurrentGCThread "G1 Conc#0" [stack: 0x000000ae3cc00000,0x000000ae3cd00000] [id=23576]
  0x000001bb6d7e9800 ConcurrentGCThread "G1 Refine#0" [stack: 0x000000ae3cd00000,0x000000ae3ce00000] [id=24124]
  0x000001bb6d7ea800 ConcurrentGCThread "G1 Young RemSet Sampling" [stack: 0x000000ae3ce00000,0x000000ae3cf00000] [id=21752]

Threads with active compile tasks:
C2 CompilerThread0  14708 5403       4       org.codehaus.groovy.reflection.CachedMethod::compareToCachedMethod (160 bytes)
C1 CompilerThread0  14708 5422       3       java.beans.PropertyDescriptor::<init> (302 bytes)
C2 CompilerThread1  14708 5391       4       java.security.CodeSource::<init> (52 bytes)

VM state:at safepoint (normal execution)

VM Mutex/Monitor currently owned by a thread:  ([mutex/lock_event])
[0x000001bb6d6fdb50] Threads_lock - owner thread: 0x000001bb7a25a000
[0x000001bb6d70b7c0] Heap_lock - owner thread: 0x000001bb7c28d800

Heap address: 0x0000000080000000, size: 2048 MB, Compressed Oops mode: 32-bit
Narrow klass base: 0x0000000000000000, Narrow klass shift: 3
Compressed class space size: 1073741824 Address: 0x0000000100000000

Heap:
 garbage-first heap   total 155648K, used 48452K [0x0000000080000000, 0x0000000100000000)
  region size 1024K, 9 young (9216K), 9 survivors (9216K)
 Metaspace       used 48842K, capacity 50042K, committed 50252K, reserved 1093632K
  class space    used 6245K, capacity 6692K, committed 6784K, reserved 1048576K
Heap Regions: E=young(eden), S=young(survivor), O=old, HS=humongous(starts), HC=humongous(continues), CS=collection set, F=free, A=archive, TAMS=top-at-mark-start (previous, next)
|   0|0x0000000080000000, 0x0000000080100000, 0x0000000080100000|100%| O|  |TAMS 0x0000000080100000, 0x0000000080000000| Untracked 
|   1|0x0000000080100000, 0x0000000080200000, 0x0000000080200000|100%| O|  |TAMS 0x0000000080200000, 0x0000000080100000| Untracked 
|   2|0x0000000080200000, 0x0000000080300000, 0x0000000080300000|100%| O|  |TAMS 0x0000000080300000, 0x0000000080200000| Untracked 
|   3|0x0000000080300000, 0x0000000080400000, 0x0000000080400000|100%|HS|  |TAMS 0x0000000080400000, 0x0000000080300000| Complete 
|   4|0x0000000080400000, 0x0000000080500000, 0x0000000080500000|100%|HC|  |TAMS 0x0000000080500000, 0x0000000080400000| Complete 
|   5|0x0000000080500000, 0x0000000080600000, 0x0000000080600000|100%|HC|  |TAMS 0x0000000080600000, 0x0000000080500000| Complete 
|   6|0x0000000080600000, 0x0000000080700000, 0x0000000080700000|100%| O|  |TAMS 0x0000000080700000, 0x0000000080600000| Untracked 
|   7|0x0000000080700000, 0x0000000080800000, 0x0000000080800000|100%| O|  |TAMS 0x0000000080800000, 0x0000000080700000| Untracked 
|   8|0x0000000080800000, 0x0000000080900000, 0x0000000080900000|100%| O|  |TAMS 0x0000000080900000, 0x0000000080800000| Untracked 
|   9|0x0000000080900000, 0x0000000080a00000, 0x0000000080a00000|100%| O|  |TAMS 0x0000000080a00000, 0x0000000080900000| Untracked 
|  10|0x0000000080a00000, 0x0000000080b00000, 0x0000000080b00000|100%| O|  |TAMS 0x0000000080b00000, 0x0000000080a00000| Untracked 
|  11|0x0000000080b00000, 0x0000000080c00000, 0x0000000080c00000|100%| O|  |TAMS 0x0000000080c00000, 0x0000000080b00000| Untracked 
|  12|0x0000000080c00000, 0x0000000080d00000, 0x0000000080d00000|100%| O|  |TAMS 0x0000000080d00000, 0x0000000080c00000| Untracked 
|  13|0x0000000080d00000, 0x0000000080e00000, 0x0000000080e00000|100%| O|  |TAMS 0x0000000080e00000, 0x0000000080d00000| Untracked 
|  14|0x0000000080e00000, 0x0000000080f00000, 0x0000000080f00000|100%| O|  |TAMS 0x0000000080f00000, 0x0000000080e00000| Untracked 
|  15|0x0000000080f00000, 0x0000000081000000, 0x0000000081000000|100%| O|  |TAMS 0x0000000081000000, 0x0000000080f00000| Untracked 
|  16|0x0000000081000000, 0x0000000081100000, 0x0000000081100000|100%|HS|  |TAMS 0x0000000081000000, 0x0000000081000000| Complete 
|  17|0x0000000081100000, 0x0000000081200000, 0x0000000081200000|100%| O|  |TAMS 0x0000000081100000, 0x0000000081100000| Untracked 
|  18|0x0000000081200000, 0x0000000081300000, 0x0000000081300000|100%| O|  |TAMS 0x0000000081200000, 0x0000000081200000| Untracked 
|  19|0x0000000081300000, 0x0000000081400000, 0x0000000081400000|100%| O|  |TAMS 0x0000000081300000, 0x0000000081300000| Untracked 
|  20|0x0000000081400000, 0x0000000081500000, 0x0000000081500000|100%| O|  |TAMS 0x0000000081400000, 0x0000000081400000| Untracked 
|  21|0x0000000081500000, 0x0000000081600000, 0x0000000081600000|100%| O|  |TAMS 0x0000000081500000, 0x0000000081500000| Untracked 
|  22|0x0000000081600000, 0x0000000081700000, 0x0000000081700000|100%| O|  |TAMS 0x0000000081600000, 0x0000000081600000| Untracked 
|  23|0x0000000081700000, 0x0000000081800000, 0x0000000081800000|100%| O|  |TAMS 0x0000000081700000, 0x0000000081700000| Untracked 
|  24|0x0000000081800000, 0x0000000081900000, 0x0000000081900000|100%| O|  |TAMS 0x0000000081800000, 0x0000000081800000| Untracked 
|  25|0x0000000081900000, 0x0000000081a00000, 0x0000000081a00000|100%| O|  |TAMS 0x0000000081900000, 0x0000000081900000| Untracked 
|  26|0x0000000081a00000, 0x0000000081b00000, 0x0000000081b00000|100%| O|  |TAMS 0x0000000081a00000, 0x0000000081a00000| Untracked 
|  27|0x0000000081b00000, 0x0000000081c00000, 0x0000000081c00000|100%| O|  |TAMS 0x0000000081b00000, 0x0000000081b00000| Untracked 
|  28|0x0000000081c00000, 0x0000000081d00000, 0x0000000081d00000|100%|HS|  |TAMS 0x0000000081c00000, 0x0000000081c00000| Complete 
|  29|0x0000000081d00000, 0x0000000081e00000, 0x0000000081e00000|100%|HS|  |TAMS 0x0000000081d00000, 0x0000000081d00000| Complete 
|  30|0x0000000081e00000, 0x0000000081f00000, 0x0000000081f00000|100%|HS|  |TAMS 0x0000000081e00000, 0x0000000081e00000| Complete 
|  31|0x0000000081f00000, 0x0000000082000000, 0x0000000082000000|100%|HC|  |TAMS 0x0000000081f00000, 0x0000000081f00000| Complete 
|  32|0x0000000082000000, 0x0000000082100000, 0x0000000082100000|100%|HC|  |TAMS 0x0000000082000000, 0x0000000082000000| Complete 
|  33|0x0000000082100000, 0x0000000082200000, 0x0000000082200000|100%|HS|  |TAMS 0x0000000082100000, 0x0000000082100000| Complete 
|  34|0x0000000082200000, 0x0000000082300000, 0x0000000082300000|100%|HC|  |TAMS 0x0000000082200000, 0x0000000082200000| Complete 
|  35|0x0000000082300000, 0x0000000082400000, 0x0000000082400000|100%| O|  |TAMS 0x0000000082300000, 0x0000000082300000| Untracked 
|  36|0x0000000082400000, 0x0000000082500000, 0x0000000082500000|100%| O|  |TAMS 0x0000000082400000, 0x0000000082400000| Untracked 
|  37|0x0000000082500000, 0x0000000082600000, 0x0000000082600000|100%| O|  |TAMS 0x0000000082500000, 0x0000000082500000| Untracked 
|  38|0x0000000082600000, 0x0000000082651200, 0x0000000082700000| 31%| O|  |TAMS 0x0000000082600000, 0x0000000082600000| Untracked 
|  39|0x0000000082700000, 0x0000000082700000, 0x0000000082800000|  0%| F|  |TAMS 0x0000000082700000, 0x0000000082700000| Untracked 
|  40|0x0000000082800000, 0x0000000082800000, 0x0000000082900000|  0%| F|  |TAMS 0x0000000082800000, 0x0000000082800000| Untracked 
|  41|0x0000000082900000, 0x0000000082900000, 0x0000000082a00000|  0%| F|  |TAMS 0x0000000082900000, 0x0000000082900000| Untracked 
|  42|0x0000000082a00000, 0x0000000082a00000, 0x0000000082b00000|  0%| F|  |TAMS 0x0000000082a00000, 0x0000000082a00000| Untracked 
|  43|0x0000000082b00000, 0x0000000082b00000, 0x0000000082c00000|  0%| F|  |TAMS 0x0000000082b00000, 0x0000000082b00000| Untracked 
|  44|0x0000000082c00000, 0x0000000082c00000, 0x0000000082d00000|  0%| F|  |TAMS 0x0000000082c00000, 0x0000000082c00000| Untracked 
|  45|0x0000000082d00000, 0x0000000082d00000, 0x0000000082e00000|  0%| F|  |TAMS 0x0000000082d00000, 0x0000000082d00000| Untracked 
|  46|0x0000000082e00000, 0x0000000082e00000, 0x0000000082f00000|  0%| F|  |TAMS 0x0000000082e00000, 0x0000000082e00000| Untracked 
|  47|0x0000000082f00000, 0x0000000082f00000, 0x0000000083000000|  0%| F|  |TAMS 0x0000000082f00000, 0x0000000082f00000| Untracked 
|  48|0x0000000083000000, 0x0000000083100000, 0x0000000083100000|100%| S|CS|TAMS 0x0000000083000000, 0x0000000083000000| Complete 
|  49|0x0000000083100000, 0x0000000083200000, 0x0000000083200000|100%| S|CS|TAMS 0x0000000083100000, 0x0000000083100000| Complete 
|  50|0x0000000083200000, 0x0000000083300000, 0x0000000083300000|100%| S|CS|TAMS 0x0000000083200000, 0x0000000083200000| Complete 
|  51|0x0000000083300000, 0x0000000083400000, 0x0000000083400000|100%| S|CS|TAMS 0x0000000083300000, 0x0000000083300000| Complete 
|  52|0x0000000083400000, 0x0000000083500000, 0x0000000083500000|100%| S|CS|TAMS 0x0000000083400000, 0x0000000083400000| Complete 
|  53|0x0000000083500000, 0x0000000083600000, 0x0000000083600000|100%| S|CS|TAMS 0x0000000083500000, 0x0000000083500000| Complete 
|  54|0x0000000083600000, 0x0000000083700000, 0x0000000083700000|100%| S|CS|TAMS 0x0000000083600000, 0x0000000083600000| Complete 
|  55|0x0000000083700000, 0x0000000083800000, 0x0000000083800000|100%| S|CS|TAMS 0x0000000083700000, 0x0000000083700000| Complete 
|  56|0x0000000083800000, 0x0000000083900000, 0x0000000083900000|100%| S|CS|TAMS 0x0000000083800000, 0x0000000083800000| Complete 
|  57|0x0000000083900000, 0x0000000083900000, 0x0000000083a00000|  0%| F|  |TAMS 0x0000000083900000, 0x0000000083900000| Untracked 
|  58|0x0000000083a00000, 0x0000000083a00000, 0x0000000083b00000|  0%| F|  |TAMS 0x0000000083a00000, 0x0000000083a00000| Untracked 
|  59|0x0000000083b00000, 0x0000000083b00000, 0x0000000083c00000|  0%| F|  |TAMS 0x0000000083b00000, 0x0000000083b00000| Untracked 
|  60|0x0000000083c00000, 0x0000000083c00000, 0x0000000083d00000|  0%| F|  |TAMS 0x0000000083c00000, 0x0000000083c00000| Untracked 
|  61|0x0000000083d00000, 0x0000000083d00000, 0x0000000083e00000|  0%| F|  |TAMS 0x0000000083d00000, 0x0000000083d00000| Untracked 
|  62|0x0000000083e00000, 0x0000000083e00000, 0x0000000083f00000|  0%| F|  |TAMS 0x0000000083e00000, 0x0000000083e00000| Untracked 
|  63|0x0000000083f00000, 0x0000000083f00000, 0x0000000084000000|  0%| F|  |TAMS 0x0000000083f00000, 0x0000000083f00000| Untracked 
|  64|0x0000000084000000, 0x0000000084000000, 0x0000000084100000|  0%| F|  |TAMS 0x0000000084000000, 0x0000000084000000| Untracked 
|  65|0x0000000084100000, 0x0000000084100000, 0x0000000084200000|  0%| F|  |TAMS 0x0000000084100000, 0x0000000084100000| Untracked 
|  66|0x0000000084200000, 0x0000000084200000, 0x0000000084300000|  0%| F|  |TAMS 0x0000000084200000, 0x0000000084200000| Untracked 
|  67|0x0000000084300000, 0x0000000084300000, 0x0000000084400000|  0%| F|  |TAMS 0x0000000084300000, 0x0000000084300000| Untracked 
|  68|0x0000000084400000, 0x0000000084400000, 0x0000000084500000|  0%| F|  |TAMS 0x0000000084400000, 0x0000000084400000| Untracked 
|  69|0x0000000084500000, 0x0000000084500000, 0x0000000084600000|  0%| F|  |TAMS 0x0000000084500000, 0x0000000084500000| Untracked 
|  70|0x0000000084600000, 0x0000000084600000, 0x0000000084700000|  0%| F|  |TAMS 0x0000000084600000, 0x0000000084600000| Untracked 
|  71|0x0000000084700000, 0x0000000084700000, 0x0000000084800000|  0%| F|  |TAMS 0x0000000084700000, 0x0000000084700000| Untracked 
|  72|0x0000000084800000, 0x0000000084800000, 0x0000000084900000|  0%| F|  |TAMS 0x0000000084800000, 0x0000000084800000| Untracked 
|  73|0x0000000084900000, 0x0000000084900000, 0x0000000084a00000|  0%| F|  |TAMS 0x0000000084900000, 0x0000000084900000| Untracked 
|  74|0x0000000084a00000, 0x0000000084a00000, 0x0000000084b00000|  0%| F|  |TAMS 0x0000000084a00000, 0x0000000084a00000| Untracked 
|  75|0x0000000084b00000, 0x0000000084b00000, 0x0000000084c00000|  0%| F|  |TAMS 0x0000000084b00000, 0x0000000084b00000| Untracked 
|  76|0x0000000084c00000, 0x0000000084c00000, 0x0000000084d00000|  0%| F|  |TAMS 0x0000000084c00000, 0x0000000084c00000| Untracked 
|  77|0x0000000084d00000, 0x0000000084d00000, 0x0000000084e00000|  0%| F|  |TAMS 0x0000000084d00000, 0x0000000084d00000| Untracked 
|  78|0x0000000084e00000, 0x0000000084e00000, 0x0000000084f00000|  0%| F|  |TAMS 0x0000000084e00000, 0x0000000084e00000| Untracked 
|  79|0x0000000084f00000, 0x0000000084f00000, 0x0000000085000000|  0%| F|  |TAMS 0x0000000084f00000, 0x0000000084f00000| Untracked 
|  80|0x0000000085000000, 0x0000000085000000, 0x0000000085100000|  0%| F|  |TAMS 0x0000000085000000, 0x0000000085000000| Untracked 
|  81|0x0000000085100000, 0x0000000085100000, 0x0000000085200000|  0%| F|  |TAMS 0x0000000085100000, 0x0000000085100000| Untracked 
|  82|0x0000000085200000, 0x0000000085200000, 0x0000000085300000|  0%| F|  |TAMS 0x0000000085200000, 0x0000000085200000| Untracked 
|  83|0x0000000085300000, 0x0000000085300000, 0x0000000085400000|  0%| F|  |TAMS 0x0000000085300000, 0x0000000085300000| Untracked 
|  84|0x0000000085400000, 0x0000000085400000, 0x0000000085500000|  0%| F|  |TAMS 0x0000000085400000, 0x0000000085400000| Untracked 
|  85|0x0000000085500000, 0x0000000085500000, 0x0000000085600000|  0%| F|  |TAMS 0x0000000085500000, 0x0000000085500000| Untracked 
|  86|0x0000000085600000, 0x0000000085600000, 0x0000000085700000|  0%| F|  |TAMS 0x0000000085600000, 0x0000000085600000| Untracked 
|  87|0x0000000085700000, 0x0000000085700000, 0x0000000085800000|  0%| F|  |TAMS 0x0000000085700000, 0x0000000085700000| Untracked 
|  88|0x0000000085800000, 0x0000000085800000, 0x0000000085900000|  0%| F|  |TAMS 0x0000000085800000, 0x0000000085800000| Untracked 
|  89|0x0000000085900000, 0x0000000085900000, 0x0000000085a00000|  0%| F|  |TAMS 0x0000000085900000, 0x0000000085900000| Untracked 
|  90|0x0000000085a00000, 0x0000000085a00000, 0x0000000085b00000|  0%| F|  |TAMS 0x0000000085a00000, 0x0000000085a00000| Untracked 
|  91|0x0000000085b00000, 0x0000000085b00000, 0x0000000085c00000|  0%| F|  |TAMS 0x0000000085b00000, 0x0000000085b00000| Untracked 
|  92|0x0000000085c00000, 0x0000000085c00000, 0x0000000085d00000|  0%| F|  |TAMS 0x0000000085c00000, 0x0000000085c00000| Untracked 
|  93|0x0000000085d00000, 0x0000000085d00000, 0x0000000085e00000|  0%| F|  |TAMS 0x0000000085d00000, 0x0000000085d00000| Untracked 
|  94|0x0000000085e00000, 0x0000000085e00000, 0x0000000085f00000|  0%| F|  |TAMS 0x0000000085e00000, 0x0000000085e00000| Untracked 
|  95|0x0000000085f00000, 0x0000000085f00000, 0x0000000086000000|  0%| F|  |TAMS 0x0000000085f00000, 0x0000000085f00000| Untracked 
|  96|0x0000000086000000, 0x0000000086000000, 0x0000000086100000|  0%| F|  |TAMS 0x0000000086000000, 0x0000000086000000| Untracked 
|  97|0x0000000086100000, 0x0000000086100000, 0x0000000086200000|  0%| F|  |TAMS 0x0000000086100000, 0x0000000086100000| Untracked 
|  98|0x0000000086200000, 0x0000000086200000, 0x0000000086300000|  0%| F|  |TAMS 0x0000000086200000, 0x0000000086200000| Untracked 
|  99|0x0000000086300000, 0x0000000086300000, 0x0000000086400000|  0%| F|  |TAMS 0x0000000086300000, 0x0000000086300000| Untracked 
| 100|0x0000000086400000, 0x0000000086400000, 0x0000000086500000|  0%| F|  |TAMS 0x0000000086400000, 0x0000000086400000| Untracked 
| 101|0x0000000086500000, 0x0000000086500000, 0x0000000086600000|  0%| F|  |TAMS 0x0000000086500000, 0x0000000086500000| Untracked 
| 102|0x0000000086600000, 0x0000000086600000, 0x0000000086700000|  0%| F|  |TAMS 0x0000000086600000, 0x0000000086600000| Untracked 
| 103|0x0000000086700000, 0x0000000086700000, 0x0000000086800000|  0%| F|  |TAMS 0x0000000086700000, 0x0000000086700000| Untracked 
| 104|0x0000000086800000, 0x0000000086800000, 0x0000000086900000|  0%| F|  |TAMS 0x0000000086800000, 0x0000000086800000| Untracked 
| 105|0x0000000086900000, 0x0000000086900000, 0x0000000086a00000|  0%| F|  |TAMS 0x0000000086900000, 0x0000000086900000| Untracked 
| 106|0x0000000086a00000, 0x0000000086a00000, 0x0000000086b00000|  0%| F|  |TAMS 0x0000000086a00000, 0x0000000086a00000| Untracked 
| 107|0x0000000086b00000, 0x0000000086b00000, 0x0000000086c00000|  0%| F|  |TAMS 0x0000000086b00000, 0x0000000086b00000| Untracked 
| 108|0x0000000086c00000, 0x0000000086c00000, 0x0000000086d00000|  0%| F|  |TAMS 0x0000000086c00000, 0x0000000086c00000| Untracked 
| 109|0x0000000086d00000, 0x0000000086d00000, 0x0000000086e00000|  0%| F|  |TAMS 0x0000000086d00000, 0x0000000086d00000| Untracked 
| 110|0x0000000086e00000, 0x0000000086e00000, 0x0000000086f00000|  0%| F|  |TAMS 0x0000000086e00000, 0x0000000086e00000| Untracked 
| 111|0x0000000086f00000, 0x0000000086f00000, 0x0000000087000000|  0%| F|  |TAMS 0x0000000086f00000, 0x0000000086f00000| Untracked 
| 112|0x0000000087000000, 0x0000000087000000, 0x0000000087100000|  0%| F|  |TAMS 0x0000000087000000, 0x0000000087000000| Untracked 
| 113|0x0000000087100000, 0x0000000087100000, 0x0000000087200000|  0%| F|  |TAMS 0x0000000087100000, 0x0000000087100000| Untracked 
| 114|0x0000000087200000, 0x0000000087200000, 0x0000000087300000|  0%| F|  |TAMS 0x0000000087200000, 0x0000000087200000| Untracked 
| 115|0x0000000087300000, 0x0000000087300000, 0x0000000087400000|  0%| F|  |TAMS 0x0000000087300000, 0x0000000087300000| Untracked 
| 116|0x0000000087400000, 0x0000000087400000, 0x0000000087500000|  0%| F|  |TAMS 0x0000000087400000, 0x0000000087400000| Untracked 
| 117|0x0000000087500000, 0x0000000087500000, 0x0000000087600000|  0%| F|  |TAMS 0x0000000087500000, 0x0000000087500000| Untracked 
| 118|0x0000000087600000, 0x0000000087600000, 0x0000000087700000|  0%| F|  |TAMS 0x0000000087600000, 0x0000000087600000| Untracked 
| 119|0x0000000087700000, 0x0000000087700000, 0x0000000087800000|  0%| F|  |TAMS 0x0000000087700000, 0x0000000087700000| Untracked 
| 120|0x0000000087800000, 0x0000000087800000, 0x0000000087900000|  0%| F|  |TAMS 0x0000000087800000, 0x0000000087800000| Untracked 
| 121|0x0000000087900000, 0x0000000087900000, 0x0000000087a00000|  0%| F|  |TAMS 0x0000000087900000, 0x0000000087900000| Untracked 
| 122|0x0000000087a00000, 0x0000000087a00000, 0x0000000087b00000|  0%| F|  |TAMS 0x0000000087a00000, 0x0000000087a00000| Untracked 
| 123|0x0000000087b00000, 0x0000000087b00000, 0x0000000087c00000|  0%| F|  |TAMS 0x0000000087b00000, 0x0000000087b00000| Untracked 
| 124|0x0000000087c00000, 0x0000000087c00000, 0x0000000087d00000|  0%| F|  |TAMS 0x0000000087c00000, 0x0000000087c00000| Untracked 
| 125|0x0000000087d00000, 0x0000000087d00000, 0x0000000087e00000|  0%| F|  |TAMS 0x0000000087d00000, 0x0000000087d00000| Untracked 

Card table byte_map: [0x000001bb73420000,0x000001bb73820000] _byte_map_base: 0x000001bb73020000

Marking Bits (Prev, Next): (CMBitMap*) 0x000001bb6d74e058, (CMBitMap*) 0x000001bb6d74e090
 Prev Bits: [0x000001bb73c20000, 0x000001bb75c20000)
 Next Bits: [0x000001bb75c20000, 0x000001bb77c20000)

Polling page: 0x000001bb6d7f0000

Metaspace:

Usage:
  Non-class:     42.33 MB capacity,    41.60 MB ( 98%) used,   624.93 KB (  1%) free+waste,   127.88 KB ( <1%) overhead. 
      Class:      6.54 MB capacity,     6.10 MB ( 93%) used,   386.37 KB (  6%) free+waste,    60.63 KB ( <1%) overhead. 
       Both:     48.87 MB capacity,    47.70 MB ( 98%) used,  1011.30 KB (  2%) free+waste,   188.50 KB ( <1%) overhead. 

Virtual space:
  Non-class space:       44.00 MB reserved,      42.45 MB ( 96%) committed 
      Class space:        1.00 GB reserved,       6.63 MB ( <1%) committed 
             Both:        1.04 GB reserved,      49.07 MB (  5%) committed 

Chunk freelists:
   Non-Class:  54.00 KB
       Class:  28.00 KB
        Both:  82.00 KB

MaxMetaspaceSize: 17179869184.00 GB
CompressedClassSpaceSize: 1.00 GB
Initial GC threshold: 20.80 MB
Current GC threshold: 58.88 MB
CDS: off

CodeHeap 'non-profiled nmethods': size=120064Kb used=2922Kb max_used=2922Kb free=117141Kb
 bounds [0x000001bb07ac0000, 0x000001bb07da0000, 0x000001bb0f000000]
CodeHeap 'profiled nmethods': size=120000Kb used=11113Kb max_used=11113Kb free=108886Kb
 bounds [0x000001bb00590000, 0x000001bb01070000, 0x000001bb07ac0000]
CodeHeap 'non-nmethods': size=5696Kb used=2293Kb max_used=2342Kb free=3402Kb
 bounds [0x000001bb00000000, 0x000001bb00270000, 0x000001bb00590000]
 total_blobs=6185 nmethods=5397 adapters=700
 compilation: enabled
              stopped_count=0, restarted_count=0
 full_count=0

Compilation events (20 events):
Event: 14.635 Thread 0x000001bb7a286000 nmethod 5411 0x000001bb0105ac10 code [0x000001bb0105aea0, 0x000001bb0105ba28]
Event: 14.635 Thread 0x000001bb7a286000 5412       3       com.sun.beans.introspect.MethodInfo::<init> (19 bytes)
Event: 14.636 Thread 0x000001bb7a286000 nmethod 5412 0x000001bb0105be90 code [0x000001bb0105c0e0, 0x000001bb0105c878]
Event: 14.636 Thread 0x000001bb7a286000 5413       3       java.beans.PropertyDescriptor::setWriteMethod0 (48 bytes)
Event: 14.638 Thread 0x000001bb7a286000 nmethod 5413 0x000001bb0105cb90 code [0x000001bb0105cf60, 0x000001bb0105eb28]
Event: 14.638 Thread 0x000001bb7a286000 5414       3       java.util.TreeMap::rotateRight (96 bytes)
Event: 14.638 Thread 0x000001bb7a286000 nmethod 5414 0x000001bb0105f290 code [0x000001bb0105f480, 0x000001bb0105f998]
Event: 14.638 Thread 0x000001bb7a286000 5415       3       jdk.internal.misc.Unsafe::allocateUninitializedArray (52 bytes)
Event: 14.639 Thread 0x000001bb7a286000 nmethod 5415 0x000001bb0105fb10 code [0x000001bb0105fd20, 0x000001bb01060178]
Event: 14.639 Thread 0x000001bb7a286000 5416       3       jdk.internal.misc.Unsafe::allocateUninitializedArray0 (90 bytes)
Event: 14.639 Thread 0x000001bb7a286000 nmethod 5416 0x000001bb01060310 code [0x000001bb01060500, 0x000001bb01060d58]
Event: 14.639 Thread 0x000001bb7a286000 5418   !   3       java.beans.PropertyDescriptor::findPropertyType (144 bytes)
Event: 14.644 Thread 0x000001bb7a286000 nmethod 5418 0x000001bb01060e90 code [0x000001bb01061500, 0x000001bb01064a88]
Event: 14.644 Thread 0x000001bb7a286000 5419       3       sun.reflect.generics.reflectiveObjects.WildcardTypeImpl::toString (159 bytes)
Event: 14.647 Thread 0x000001bb7a286000 nmethod 5419 0x000001bb01066610 code [0x000001bb010669a0, 0x000001bb01068228]
Event: 14.647 Thread 0x000001bb7a286000 5417       3       java.lang.invoke.DirectMethodHandle$Holder::invokeStatic (18 bytes)
Event: 14.647 Thread 0x000001bb7a286000 nmethod 5417 0x000001bb01068910 code [0x000001bb01068ae0, 0x000001bb01068fd8]
Event: 14.648 Thread 0x000001bb7a286000 5421       3       java.beans.FeatureDescriptor::<init> (137 bytes)
Event: 14.649 Thread 0x000001bb7a286000 nmethod 5421 0x000001bb01069110 code [0x000001bb010693c0, 0x000001bb0106a1b8]
Event: 14.649 Thread 0x000001bb7a286000 5422       3       java.beans.PropertyDescriptor::<init> (302 bytes)

GC Heap History (19 events):
Event: 1.126 GC heap before
{Heap before GC invocations=0 (full 0):
 garbage-first heap   total 129024K, used 20480K [0x0000000080000000, 0x0000000100000000)
  region size 1024K, 14 young (14336K), 0 survivors (0K)
 Metaspace       used 6755K, capacity 6989K, committed 7168K, reserved 1056768K
  class space    used 582K, capacity 650K, committed 768K, reserved 1048576K
}
Event: 1.135 GC heap after
{Heap after GC invocations=1 (full 0):
 garbage-first heap   total 129024K, used 7581K [0x0000000080000000, 0x0000000100000000)
  region size 1024K, 2 young (2048K), 2 survivors (2048K)
 Metaspace       used 6755K, capacity 6989K, committed 7168K, reserved 1056768K
  class space    used 582K, capacity 650K, committed 768K, reserved 1048576K
}
Event: 1.817 GC heap before
{Heap before GC invocations=1 (full 0):
 garbage-first heap   total 129024K, used 18845K [0x0000000080000000, 0x0000000100000000)
  region size 1024K, 13 young (13312K), 2 survivors (2048K)
 Metaspace       used 10272K, capacity 10491K, committed 10624K, reserved 1058816K
  class space    used 1072K, capacity 1141K, committed 1152K, reserved 1048576K
}
Event: 1.821 GC heap after
{Heap after GC invocations=2 (full 0):
 garbage-first heap   total 129024K, used 9585K [0x0000000080000000, 0x0000000100000000)
  region size 1024K, 2 young (2048K), 2 survivors (2048K)
 Metaspace       used 10272K, capacity 10491K, committed 10624K, reserved 1058816K
  class space    used 1072K, capacity 1141K, committed 1152K, reserved 1048576K
}
Event: 2.648 GC heap before
{Heap before GC invocations=2 (full 0):
 garbage-first heap   total 129024K, used 37233K [0x0000000080000000, 0x0000000100000000)
  region size 1024K, 29 young (29696K), 2 survivors (2048K)
 Metaspace       used 11240K, capacity 11446K, committed 11520K, reserved 1058816K
  class space    used 1176K, capacity 1246K, committed 1280K, reserved 1048576K
}
Event: 2.652 GC heap after
{Heap after GC invocations=3 (full 0):
 garbage-first heap   total 129024K, used 11628K [0x0000000080000000, 0x0000000100000000)
  region size 1024K, 4 young (4096K), 4 survivors (4096K)
 Metaspace       used 11240K, capacity 11446K, committed 11520K, reserved 1058816K
  class space    used 1176K, capacity 1246K, committed 1280K, reserved 1048576K
}
Event: 5.593 GC heap before
{Heap before GC invocations=3 (full 0):
 garbage-first heap   total 129024K, used 52588K [0x0000000080000000, 0x0000000100000000)
  region size 1024K, 44 young (45056K), 4 survivors (4096K)
 Metaspace       used 17434K, capacity 17817K, committed 18176K, reserved 1064960K
  class space    used 2041K, capacity 2179K, committed 2304K, reserved 1048576K
}
Event: 5.603 GC heap after
{Heap after GC invocations=4 (full 0):
 garbage-first heap   total 129024K, used 16261K [0x0000000080000000, 0x0000000100000000)
  region size 1024K, 6 young (6144K), 6 survivors (6144K)
 Metaspace       used 17434K, capacity 17817K, committed 18176K, reserved 1064960K
  class space    used 2041K, capacity 2179K, committed 2304K, reserved 1048576K
}
Event: 6.231 GC heap before
{Heap before GC invocations=4 (full 0):
 garbage-first heap   total 129024K, used 46981K [0x0000000080000000, 0x0000000100000000)
  region size 1024K, 37 young (37888K), 6 survivors (6144K)
 Metaspace       used 20714K, capacity 21141K, committed 21248K, reserved 1067008K
  class space    used 2545K, capacity 2712K, committed 2816K, reserved 1048576K
}
Event: 6.240 GC heap after
{Heap after GC invocations=5 (full 0):
 garbage-first heap   total 129024K, used 17724K [0x0000000080000000, 0x0000000100000000)
  region size 1024K, 6 young (6144K), 6 survivors (6144K)
 Metaspace       used 20714K, capacity 21141K, committed 21248K, reserved 1067008K
  class space    used 2545K, capacity 2712K, committed 2816K, reserved 1048576K
}
Event: 7.575 GC heap before
{Heap before GC invocations=6 (full 0):
 garbage-first heap   total 129024K, used 66876K [0x0000000080000000, 0x0000000100000000)
  region size 1024K, 54 young (55296K), 6 survivors (6144K)
 Metaspace       used 25788K, capacity 26297K, committed 26368K, reserved 1073152K
  class space    used 3335K, capacity 3521K, committed 3584K, reserved 1048576K
}
Event: 7.585 GC heap after
{Heap after GC invocations=7 (full 0):
 garbage-first heap   total 129024K, used 19456K [0x0000000080000000, 0x0000000100000000)
  region size 1024K, 3 young (3072K), 3 survivors (3072K)
 Metaspace       used 25788K, capacity 26297K, committed 26368K, reserved 1073152K
  class space    used 3335K, capacity 3521K, committed 3584K, reserved 1048576K
}
Event: 9.597 GC heap before
{Heap before GC invocations=7 (full 0):
 garbage-first heap   total 129024K, used 81920K [0x0000000080000000, 0x0000000100000000)
  region size 1024K, 65 young (66560K), 3 survivors (3072K)
 Metaspace       used 34977K, capacity 35787K, committed 35840K, reserved 1081344K
  class space    used 4534K, capacity 4839K, committed 4864K, reserved 1048576K
}
Event: 9.617 GC heap after
{Heap after GC invocations=8 (full 0):
 garbage-first heap   total 129024K, used 22834K [0x0000000080000000, 0x0000000100000000)
  region size 1024K, 7 young (7168K), 7 survivors (7168K)
 Metaspace       used 34977K, capacity 35787K, committed 35840K, reserved 1081344K
  class space    used 4534K, capacity 4839K, committed 4864K, reserved 1048576K
}
Event: 10.914 GC heap before
{Heap before GC invocations=9 (full 0):
 garbage-first heap   total 129024K, used 90418K [0x0000000080000000, 0x0000000100000000)
  region size 1024K, 71 young (72704K), 7 survivors (7168K)
 Metaspace       used 39953K, capacity 40911K, committed 41036K, reserved 1085440K
  class space    used 5110K, capacity 5434K, committed 5504K, reserved 1048576K
}
Event: 10.934 GC heap after
{Heap after GC invocations=10 (full 0):
 garbage-first heap   total 129024K, used 27900K [0x0000000080000000, 0x0000000100000000)
  region size 1024K, 9 young (9216K), 9 survivors (9216K)
 Metaspace       used 39953K, capacity 40911K, committed 41036K, reserved 1085440K
  class space    used 5110K, capacity 5434K, committed 5504K, reserved 1048576K
}
Event: 12.561 GC heap before
{Heap before GC invocations=10 (full 0):
 garbage-first heap   total 129024K, used 94460K [0x0000000080000000, 0x0000000100000000)
  region size 1024K, 73 young (74752K), 9 survivors (9216K)
 Metaspace       used 46064K, capacity 47171K, committed 47308K, reserved 1089536K
  class space    used 5921K, capacity 6318K, committed 6400K, reserved 1048576K
}
Event: 12.577 GC heap after
{Heap after GC invocations=11 (full 0):
 garbage-first heap   total 129024K, used 30544K [0x0000000080000000, 0x0000000100000000)
  region size 1024K, 3 young (3072K), 3 survivors (3072K)
 Metaspace       used 46064K, capacity 47171K, committed 47308K, reserved 1089536K
  class space    used 5921K, capacity 6318K, committed 6400K, reserved 1048576K
}
Event: 14.650 GC heap before
{Heap before GC invocations=11 (full 0):
 garbage-first heap   total 129024K, used 105296K [0x0000000080000000, 0x0000000100000000)
  region size 1024K, 69 young (70656K), 3 survivors (3072K)
 Metaspace       used 48842K, capacity 50042K, committed 50252K, reserved 1093632K
  class space    used 6245K, capacity 6692K, committed 6784K, reserved 1048576K
}

Deoptimization events (20 events):
Event: 13.978 Thread 0x000001bb7c28d800 DEOPT PACKING pc=0x000001bb0101de84 sp=0x000000ae3e2f1cb0
Event: 13.978 Thread 0x000001bb7c28d800 DEOPT UNPACKING pc=0x000001bb0004a95e sp=0x000000ae3e2f12a0 mode 0
Event: 14.006 Thread 0x000001bb7c28d800 DEOPT PACKING pc=0x000001bb0101de84 sp=0x000000ae3e2f1cb0
Event: 14.006 Thread 0x000001bb7c28d800 DEOPT UNPACKING pc=0x000001bb0004a95e sp=0x000000ae3e2f12a0 mode 0
Event: 14.008 Thread 0x000001bb7c28d800 Uncommon trap: trap_request=0xffffff4d fr.pc=0x000001bb07b257ec relative=0x000000000000154c
Event: 14.008 Thread 0x000001bb7c28d800 Uncommon trap: reason=unstable_if action=reinterpret pc=0x000001bb07b257ec method=java.util.jar.JarFile.checkForSpecialAttributes()V @ 53 c2
Event: 14.008 Thread 0x000001bb7c28d800 DEOPT PACKING pc=0x000001bb07b257ec sp=0x000000ae3e2f22c0
Event: 14.008 Thread 0x000001bb7c28d800 DEOPT UNPACKING pc=0x000001bb0004a1af sp=0x000000ae3e2f21b8 mode 2
Event: 14.084 Thread 0x000001bb7c28d800 Uncommon trap: trap_request=0xffffff4d fr.pc=0x000001bb07b2891c relative=0x000000000000121c
Event: 14.084 Thread 0x000001bb7c28d800 Uncommon trap: reason=unstable_if action=reinterpret pc=0x000001bb07b2891c method=java.util.jar.JarFile.checkForSpecialAttributes()V @ 53 c2
Event: 14.084 Thread 0x000001bb7c28d800 DEOPT PACKING pc=0x000001bb07b2891c sp=0x000000ae3e2f2240
Event: 14.084 Thread 0x000001bb7c28d800 DEOPT UNPACKING pc=0x000001bb0004a1af sp=0x000000ae3e2f21a0 mode 2
Event: 14.100 Thread 0x000001bb7c28d800 DEOPT PACKING pc=0x000001bb0101de84 sp=0x000000ae3e2f1c20
Event: 14.100 Thread 0x000001bb7c28d800 DEOPT UNPACKING pc=0x000001bb0004a95e sp=0x000000ae3e2f11f8 mode 0
Event: 14.296 Thread 0x000001bb7c28d800 DEOPT PACKING pc=0x000001bb0101de84 sp=0x000000ae3e2f1bd0
Event: 14.296 Thread 0x000001bb7c28d800 DEOPT UNPACKING pc=0x000001bb0004a95e sp=0x000000ae3e2f11a8 mode 0
Event: 14.360 Thread 0x000001bb7c28d800 DEOPT PACKING pc=0x000001bb0101de84 sp=0x000000ae3e2f1bd0
Event: 14.360 Thread 0x000001bb7c28d800 DEOPT UNPACKING pc=0x000001bb0004a95e sp=0x000000ae3e2f11a8 mode 0
Event: 14.444 Thread 0x000001bb7c28d800 DEOPT PACKING pc=0x000001bb0101de84 sp=0x000000ae3e2f1bd0
Event: 14.444 Thread 0x000001bb7c28d800 DEOPT UNPACKING pc=0x000001bb0004a95e sp=0x000000ae3e2f11a8 mode 0

Classes redefined (0 events):
No events

Internal exceptions (20 events):
Event: 14.086 Thread 0x000001bb7c28d800 Exception <a 'java/security/PrivilegedActionException'{0x00000000849d6e10}> (0x00000000849d6e10) thrown at [./src/hotspot/share/prims/jvm.cpp, line 1306]
Event: 14.086 Thread 0x000001bb7c28d800 Exception <a 'java/security/PrivilegedActionException'{0x00000000849d80d0}> (0x00000000849d80d0) thrown at [./src/hotspot/share/prims/jvm.cpp, line 1306]
Event: 14.086 Thread 0x000001bb7c28d800 Exception <a 'java/security/PrivilegedActionException'{0x00000000849dad50}> (0x00000000849dad50) thrown at [./src/hotspot/share/prims/jvm.cpp, line 1306]
Event: 14.086 Thread 0x000001bb7c28d800 Exception <a 'java/security/PrivilegedActionException'{0x00000000849dc010}> (0x00000000849dc010) thrown at [./src/hotspot/share/prims/jvm.cpp, line 1306]
Event: 14.086 Thread 0x000001bb7c28d800 Exception <a 'java/security/PrivilegedActionException'{0x00000000849decf0}> (0x00000000849decf0) thrown at [./src/hotspot/share/prims/jvm.cpp, line 1306]
Event: 14.086 Thread 0x000001bb7c28d800 Exception <a 'java/security/PrivilegedActionException'{0x00000000849dffb0}> (0x00000000849dffb0) thrown at [./src/hotspot/share/prims/jvm.cpp, line 1306]
Event: 14.528 Thread 0x000001bb7c28d800 Exception <a 'java/lang/ClassNotFoundException'{0x00000000843d3d58}: org/gradle/api/internal/project/DefaultProject_DecoratedBeanInfo> (0x00000000843d3d58) thrown at [./src/hotspot/share/classfile/systemDictionary.cpp, line 231]
Event: 14.529 Thread 0x000001bb7c28d800 Exception <a 'java/lang/ClassNotFoundException'{0x0000000084202f60}: org/gradle/api/internal/project/DefaultProjectBeanInfo> (0x0000000084202f60) thrown at [./src/hotspot/share/classfile/systemDictionary.cpp, line 231]
Event: 14.531 Thread 0x000001bb7c28d800 Exception <a 'java/lang/ClassNotFoundException'{0x0000000084231b18}: org/gradle/api/internal/project/DefaultProjectCustomizer> (0x0000000084231b18) thrown at [./src/hotspot/share/classfile/systemDictionary.cpp, line 231]
Event: 14.537 Thread 0x000001bb7c28d800 Exception <a 'java/lang/ClassNotFoundException'{0x00000000842f5e00}: org/gradle/api/internal/project/DefaultProject_DecoratedCustomizer> (0x00000000842f5e00) thrown at [./src/hotspot/share/classfile/systemDictionary.cpp, line 231]
Event: 14.622 Thread 0x000001bb7c28d800 Exception <a 'java/lang/ClassNotFoundException'{0x0000000083e81e80}: org/gradle/api/tasks/Delete_DecoratedBeanInfo> (0x0000000083e81e80) thrown at [./src/hotspot/share/classfile/systemDictionary.cpp, line 231]
Event: 14.624 Thread 0x000001bb7c28d800 Exception <a 'java/lang/ClassNotFoundException'{0x0000000083eacdd8}: org/gradle/api/tasks/DeleteBeanInfo> (0x0000000083eacdd8) thrown at [./src/hotspot/share/classfile/systemDictionary.cpp, line 231]
Event: 14.625 Thread 0x000001bb7c28d800 Exception <a 'java/lang/ClassNotFoundException'{0x0000000083edb820}: org/gradle/api/internal/ConventionTaskBeanInfo> (0x0000000083edb820) thrown at [./src/hotspot/share/classfile/systemDictionary.cpp, line 231]
Event: 14.627 Thread 0x000001bb7c28d800 Exception <a 'java/lang/ClassNotFoundException'{0x0000000083d062d8}: org/gradle/api/DefaultTaskBeanInfo> (0x0000000083d062d8) thrown at [./src/hotspot/share/classfile/systemDictionary.cpp, line 231]
Event: 14.628 Thread 0x000001bb7c28d800 Exception <a 'java/lang/ClassNotFoundException'{0x0000000083d34c80}: org/gradle/api/internal/AbstractTaskBeanInfo> (0x0000000083d34c80) thrown at [./src/hotspot/share/classfile/systemDictionary.cpp, line 231]
Event: 14.629 Thread 0x000001bb7c28d800 Exception <a 'java/lang/ClassNotFoundException'{0x0000000083d63b28}: org/gradle/api/internal/AbstractTaskCustomizer> (0x0000000083d63b28) thrown at [./src/hotspot/share/classfile/systemDictionary.cpp, line 231]
Event: 14.636 Thread 0x000001bb7c28d800 Exception <a 'java/lang/ClassNotFoundException'{0x0000000083dd96b0}: org/gradle/api/DefaultTaskCustomizer> (0x0000000083dd96b0) thrown at [./src/hotspot/share/classfile/systemDictionary.cpp, line 231]
Event: 14.642 Thread 0x000001bb7c28d800 Exception <a 'java/lang/ClassNotFoundException'{0x000000008395ce60}: org/gradle/api/internal/ConventionTaskCustomizer> (0x000000008395ce60) thrown at [./src/hotspot/share/classfile/systemDictionary.cpp, line 231]
Event: 14.644 Thread 0x000001bb7c28d800 Exception <a 'java/lang/ClassNotFoundException'{0x0000000083997230}: org/gradle/api/tasks/DeleteCustomizer> (0x0000000083997230) thrown at [./src/hotspot/share/classfile/systemDictionary.cpp, line 231]
Event: 14.648 Thread 0x000001bb7c28d800 Exception <a 'java/lang/ClassNotFoundException'{0x00000000839d8358}: org/gradle/api/tasks/Delete_DecoratedCustomizer> (0x00000000839d8358) thrown at [./src/hotspot/share/classfile/systemDictionary.cpp, line 231]

Events (20 events):
Event: 14.642 loading class org/gradle/api/internal/ConventionTaskCustomizer done
Event: 14.643 loading class org/gradle/api/tasks/DeleteCustomizer
Event: 14.643 loading class org/gradle/api/tasks/DeleteCustomizer done
Event: 14.643 loading class org/gradle/api/tasks/DeleteCustomizer
Event: 14.643 loading class org/gradle/api/tasks/DeleteCustomizer done
Event: 14.643 loading class org/gradle/api/tasks/DeleteCustomizer
Event: 14.643 loading class org/gradle/api/tasks/DeleteCustomizer done
Event: 14.644 loading class org/gradle/api/tasks/DeleteCustomizer
Event: 14.644 loading class org/gradle/api/tasks/DeleteCustomizer done
Event: 14.645 loading class org/gradle/api/tasks/Delete_DecoratedCustomizer
Event: 14.645 loading class org/gradle/api/tasks/Delete_DecoratedCustomizer done
Event: 14.646 loading class org/gradle/api/tasks/Delete_DecoratedCustomizer
Event: 14.646 loading class org/gradle/api/tasks/Delete_DecoratedCustomizer done
Event: 14.646 loading class org/gradle/api/tasks/Delete_DecoratedCustomizer
Event: 14.646 loading class org/gradle/api/tasks/Delete_DecoratedCustomizer done
Event: 14.648 loading class org/gradle/api/tasks/Delete_DecoratedCustomizer
Event: 14.648 loading class org/gradle/api/tasks/Delete_DecoratedCustomizer done
Event: 14.650 loading class org/codehaus/groovy/ast/tools/GeneralUtils
Event: 14.650 loading class org/codehaus/groovy/ast/tools/GeneralUtils done
Event: 14.650 Executing VM operation: G1CollectForAllocation


Dynamic libraries:
0x00007ff7a8dc0000 - 0x00007ff7a8dca000 	C:\Program Files\Android\Android Studio\jre\bin\java.exe
0x00007ffe59bf0000 - 0x00007ffe59de8000 	C:\WINDOWS\SYSTEM32\ntdll.dll
0x00007ffe57c50000 - 0x00007ffe57d0d000 	C:\WINDOWS\System32\KERNEL32.DLL
0x00007ffe57880000 - 0x00007ffe57b4e000 	C:\WINDOWS\System32\KERNELBASE.dll
0x00007ffe57710000 - 0x00007ffe57810000 	C:\WINDOWS\System32\ucrtbase.dll
0x00007ffe54750000 - 0x00007ffe54769000 	C:\Program Files\Android\Android Studio\jre\bin\jli.dll
0x00007ffe51220000 - 0x00007ffe51237000 	C:\Program Files\Android\Android Studio\jre\bin\VCRUNTIME140.dll
0x00007ffe598b0000 - 0x00007ffe59a50000 	C:\WINDOWS\System32\USER32.dll
0x00007ffe57540000 - 0x00007ffe57562000 	C:\WINDOWS\System32\win32u.dll
0x00007ffe57e30000 - 0x00007ffe57e5a000 	C:\WINDOWS\System32\GDI32.dll
0x00007ffe57600000 - 0x00007ffe5770b000 	C:\WINDOWS\System32\gdi32full.dll
0x00007ffe57310000 - 0x00007ffe573ad000 	C:\WINDOWS\System32\msvcp_win.dll
0x00007ffe3f810000 - 0x00007ffe3faaa000 	C:\WINDOWS\WinSxS\amd64_microsoft.windows.common-controls_6595b64144ccf1df_6.0.19041.1110_none_60b5254171f9507e\COMCTL32.dll
0x00007ffe58740000 - 0x00007ffe587de000 	C:\WINDOWS\System32\msvcrt.dll
0x00007ffe58320000 - 0x00007ffe58350000 	C:\WINDOWS\System32\IMM32.DLL
0x00007ffe1a530000 - 0x00007ffe1a5cd000 	C:\Program Files\Android\Android Studio\jre\bin\msvcp140.dll
0x00007ffdff260000 - 0x00007ffdffd45000 	C:\Program Files\Android\Android Studio\jre\bin\server\jvm.dll
0x00007ffe59390000 - 0x00007ffe5943e000 	C:\WINDOWS\System32\ADVAPI32.dll
0x00007ffe58350000 - 0x00007ffe583ec000 	C:\WINDOWS\System32\sechost.dll
0x00007ffe58a40000 - 0x00007ffe58b65000 	C:\WINDOWS\System32\RPCRT4.dll
0x00007ffe582a0000 - 0x00007ffe582a8000 	C:\WINDOWS\System32\PSAPI.DLL
0x00007ffe55a90000 - 0x00007ffe55a99000 	C:\WINDOWS\SYSTEM32\WSOCK32.dll
0x00007ffe59b40000 - 0x00007ffe59bab000 	C:\WINDOWS\System32\WS2_32.dll
0x00007ffe43820000 - 0x00007ffe43847000 	C:\WINDOWS\SYSTEM32\WINMM.dll
0x00007ffe4d370000 - 0x00007ffe4d37a000 	C:\WINDOWS\SYSTEM32\VERSION.dll
0x00007ffe55bf0000 - 0x00007ffe55c02000 	C:\WINDOWS\SYSTEM32\kernel.appcore.dll
0x00007ffe4f250000 - 0x00007ffe4f261000 	C:\Program Files\Android\Android Studio\jre\bin\verify.dll
0x00007ffe55870000 - 0x00007ffe55a54000 	C:\WINDOWS\SYSTEM32\DBGHELP.DLL
0x00007ffe466c0000 - 0x00007ffe466ec000 	C:\WINDOWS\SYSTEM32\dbgcore.DLL
0x00007ffe57570000 - 0x00007ffe575f2000 	C:\WINDOWS\System32\bcryptPrimitives.dll
0x00007ffe38050000 - 0x00007ffe38079000 	C:\Program Files\Android\Android Studio\jre\bin\java.dll
0x00007ffe50b90000 - 0x00007ffe50b9b000 	C:\Program Files\Android\Android Studio\jre\bin\jimage.dll
0x00007ffe4f230000 - 0x00007ffe4f248000 	C:\Program Files\Android\Android Studio\jre\bin\zip.dll
0x00007ffe58b70000 - 0x00007ffe592b4000 	C:\WINDOWS\System32\SHELL32.dll
0x00007ffe550d0000 - 0x00007ffe55864000 	C:\WINDOWS\SYSTEM32\windows.storage.dll
0x00007ffe57e60000 - 0x00007ffe581b4000 	C:\WINDOWS\System32\combase.dll
0x00007ffe56ca0000 - 0x00007ffe56cd0000 	C:\WINDOWS\SYSTEM32\Wldp.dll
0x00007ffe587e0000 - 0x00007ffe5888d000 	C:\WINDOWS\System32\SHCORE.dll
0x00007ffe59a50000 - 0x00007ffe59aa5000 	C:\WINDOWS\System32\shlwapi.dll
0x00007ffe57250000 - 0x00007ffe5726f000 	C:\WINDOWS\SYSTEM32\profapi.dll
0x00007ffe342c0000 - 0x00007ffe342da000 	C:\Program Files\Android\Android Studio\jre\bin\net.dll
0x00007ffe48360000 - 0x00007ffe4846a000 	C:\WINDOWS\SYSTEM32\WINHTTP.dll
0x00007ffe56a00000 - 0x00007ffe56a6a000 	C:\WINDOWS\system32\mswsock.dll
0x00007ffe2fb00000 - 0x00007ffe2fb14000 	C:\Program Files\Android\Android Studio\jre\bin\nio.dll
0x00007ffe2f610000 - 0x00007ffe2f637000 	C:\Users\renzo\.gradle\native\e1d6ef7f7dcc3fd88c89a11ec53ec762bb8ba0a96d01ffa2cd45eb1d1d8dd5c5\windows-amd64\native-platform.dll
0x00007ffe04060000 - 0x00007ffe041a4000 	C:\Users\renzo\.gradle\native\5664cfc778a61ccfe75a443a1ab52a65af34e5dc3c78e0209fed803814484fcb\windows-amd64\native-platform-file-events.dll
0x00007ffe50a40000 - 0x00007ffe50a4a000 	C:\Program Files\Android\Android Studio\jre\bin\management.dll
0x00007ffe4f1e0000 - 0x00007ffe4f1ed000 	C:\Program Files\Android\Android Studio\jre\bin\management_ext.dll
0x00007ffe56bf0000 - 0x00007ffe56c08000 	C:\WINDOWS\SYSTEM32\CRYPTSP.dll
0x00007ffe56380000 - 0x00007ffe563b4000 	C:\WINDOWS\system32\rsaenh.dll
0x00007ffe573b0000 - 0x00007ffe573d7000 	C:\WINDOWS\System32\bcrypt.dll
0x00007ffe57210000 - 0x00007ffe5723e000 	C:\WINDOWS\SYSTEM32\USERENV.dll
0x00007ffe56c10000 - 0x00007ffe56c1c000 	C:\WINDOWS\SYSTEM32\CRYPTBASE.dll
0x00007ffe566f0000 - 0x00007ffe5672b000 	C:\WINDOWS\SYSTEM32\IPHLPAPI.DLL
0x00007ffe57e20000 - 0x00007ffe57e28000 	C:\WINDOWS\System32\NSI.dll
0x00007ffe4ca30000 - 0x00007ffe4ca47000 	C:\WINDOWS\SYSTEM32\dhcpcsvc6.DLL
0x00007ffe4d2e0000 - 0x00007ffe4d2fd000 	C:\WINDOWS\SYSTEM32\dhcpcsvc.DLL
0x00007ffe56730000 - 0x00007ffe567fa000 	C:\WINDOWS\SYSTEM32\DNSAPI.dll

dbghelp: loaded successfully - version: 4.0.5 - missing functions: none
symbol engine: initialized successfully - sym options: 0x614 - pdb path: .;C:\Program Files\Android\Android Studio\jre\bin;C:\WINDOWS\SYSTEM32;C:\WINDOWS\WinSxS\amd64_microsoft.windows.common-controls_6595b64144ccf1df_6.0.19041.1110_none_60b5254171f9507e;C:\Program Files\Android\Android Studio\jre\bin\server;C:\Users\renzo\.gradle\native\e1d6ef7f7dcc3fd88c89a11ec53ec762bb8ba0a96d01ffa2cd45eb1d1d8dd5c5\windows-amd64;C:\Users\renzo\.gradle\native\5664cfc778a61ccfe75a443a1ab52a65af34e5dc3c78e0209fed803814484fcb\windows-amd64

VM Arguments:
jvm_args: --add-opens=java.base/java.util=ALL-UNNAMED --add-opens=java.base/java.lang=ALL-UNNAMED --add-opens=java.base/java.lang.invoke=ALL-UNNAMED --add-opens=java.base/java.util=ALL-UNNAMED --add-opens=java.prefs/java.util.prefs=ALL-UNNAMED --add-opens=java.prefs/java.util.prefs=ALL-UNNAMED --add-opens=java.base/java.nio.charset=ALL-UNNAMED --add-opens=java.base/java.net=ALL-UNNAMED --add-opens=java.base/java.util.concurrent.atomic=ALL-UNNAMED -Xmx2048m -Dfile.encoding=UTF-8 -Duser.country=GB -Duser.language=en -Duser.variant 
java_command: org.gradle.launcher.daemon.bootstrap.GradleDaemon 7.3.3
java_class_path (initial): C:\Users\renzo\.gradle\wrapper\dists\gradle-7.3.3-bin\6a41zxkdtcxs8rphpq6y0069z\gradle-7.3.3\lib\gradle-launcher-7.3.3.jar
Launcher Type: SUN_STANDARD

[Global flags]
     intx CICompilerCount                          = 3                                         {product} {ergonomic}
     uint ConcGCThreads                            = 1                                         {product} {ergonomic}
     uint G1ConcRefinementThreads                  = 4                                         {product} {ergonomic}
   size_t G1HeapRegionSize                         = 1048576                                   {product} {ergonomic}
    uintx GCDrainStackTargetSize                   = 64                                        {product} {ergonomic}
   size_t InitialHeapSize                          = 132120576                                 {product} {ergonomic}
   size_t MarkStackSize                            = 4194304                                   {product} {ergonomic}
   size_t MaxHeapSize                              = 2147483648                                {product} {command line}
   size_t MaxNewSize                               = 1287651328                                {product} {ergonomic}
   size_t MinHeapDeltaBytes                        = 1048576                                   {product} {ergonomic}
    uintx NonNMethodCodeHeapSize                   = 5830732                                {pd product} {ergonomic}
    uintx NonProfiledCodeHeapSize                  = 122913754                              {pd product} {ergonomic}
    uintx ProfiledCodeHeapSize                     = 122913754                              {pd product} {ergonomic}
    uintx ReservedCodeCacheSize                    = 251658240                              {pd product} {ergonomic}
     bool SegmentedCodeCache                       = true                                      {product} {ergonomic}
     bool UseCompressedClassPointers               = true                                 {lp64_product} {ergonomic}
     bool UseCompressedOops                        = true                                 {lp64_product} {ergonomic}
     bool UseG1GC                                  = true                                      {product} {ergonomic}
     bool UseLargePagesIndividualAllocation        = false                                  {pd product} {ergonomic}

Logging:
Log output configuration:
 #0: stdout all=warning uptime,level,tags
 #1: stderr all=off uptime,level,tags

Environment Variables:
PATH=C:\ProgramData\Oracle\Java\javapath;C:\Program Files (x86)\Intel\iCLS Client\;C:\Program Files\Intel\iCLS Client\;C:\WINDOWS\system32;C:\WINDOWS;C:\WINDOWS\System32\Wbem;C:\WINDOWS\System32\WindowsPowerShell\v1.0\;C:\Program Files (x86)\Intel\Intel(R) Management Engine Components\DAL;C:\Program Files\Intel\Intel(R) Management Engine Components\DAL;C:\Program Files (x86)\Intel\Intel(R) Management Engine Components\IPT;C:\Program Files\Intel\Intel(R) Management Engine Components\IPT;C:\WINDOWS\System32\OpenSSH\;C:\Program Files\Microsoft SQL Server\Client SDK\ODBC\170\Tools\Binn\;C:\Program Files (x86)\Microsoft SQL Server\150\Tools\Binn\;C:\Program Files\Microsoft SQL Server\150\Tools\Binn\;C:\Program Files\Microsoft SQL Server\150\DTS\Binn\;C:\Program Files\dotnet\;D:\Program Files (x86)\Git\cmd;C:\Program Files (x86)\Calibre2\;D:\Program Files (x86)\nvm;C:\Program Files\nodejs;D:\MinGW\bin;;D:\Program Files (x86)\Cloud Foundry;C:\Program Files\Cloud Foundry;C:\Program Files\Microsoft SQL Server\130\Tools\Binn\;C:\Users\renzo\AppData\Local\Programs\Python\Python39\Scripts\;C:\Users\renzo\AppData\Local\Programs\Python\Python39\;C:\Users\renzo\AppData\Local\Microsoft\WindowsApps;C:\Users\renzo\AppData\Local\Programs\Microsoft VS Code\bin;C:\Program Files\JetBrains\PyCharm Community Edition 2019.3.3\bin;;C:\Users\renzo\.dotnet\tools;C:\Users\renzo\AppData\Roaming\npm;D:\Program Files (x86)\nvm;C:\Program Files\nodejs;D:\MinGW\bin;;C:\Users\renzo\AppData\Local\JetBrains\Toolbox\scripts
USERNAME=renzo
OS=Windows_NT
PROCESSOR_IDENTIFIER=Intel64 Family 6 Model 78 Stepping 3, GenuineIntel



---------------  S Y S T E M  ---------------

OS: Windows 10 , 64 bit Build 19041 (10.0.19041.1889)
OS uptime: 8 days 4:04 hours

CPU:total 4 (initial active 4) (2 cores per cpu, 2 threads per core) family 6 model 78 stepping 3 microcode 0xcc, cmov, cx8, fxsr, mmx, sse, sse2, sse3, ssse3, sse4.1, sse4.2, popcnt, avx, avx2, aes, clmul, erms, 3dnowpref, lzcnt, ht, tsc, tscinvbit, bmi1, bmi2, adx, fma

Memory: 4k page, system-wide physical 8056M (326M free)
TotalPageFile size 18604M (AvailPageFile size 11M)
current process WorkingSet (physical memory assigned to process): 294M, peak: 298M
current process commit charge ("private bytes"): 332M, peak: 357M

vm_info: OpenJDK 64-Bit Server VM (11.0.12+7-b1504.28-7817840) for windows-amd64 JRE (11.0.12+7-b1504.28-7817840), built on Oct 13 2021 22:12:33 by "builder" with MS VC++ 14.0 (VS2015)

END.
