#
# There is insufficient memory for the Java Runtime Environment to continue.
# Native memory allocation (malloc) failed to allocate 1406896 bytes for Chunk::new
# Possible reasons:
#   The system is out of physical RAM or swap space
#   The process is running with CompressedOops enabled, and the Java Heap may be blocking the growth of the native heap
# Possible solutions:
#   Reduce memory load on the system
#   Increase physical memory or swap space
#   Check if swap backing store is full
#   Decrease Java heap size (-Xmx/-Xms)
#   Decrease number of Java threads
#   Decrease Java thread stack sizes (-Xss)
#   Set larger code cache with -XX:ReservedCodeCacheSize=
#   JVM is running with Unscaled Compressed Oops mode in which the Java heap is
#     placed in the first 4GB address space. The Java Heap base address is the
#     maximum limit for the native heap growth. Please use -XX:HeapBaseMinAddress
#     to set the Java Heap base and to place the Java Heap above 4GB virtual address.
# This output file may be truncated or incomplete.
#
#  Out of Memory Error (./src/hotspot/share/memory/arena.cpp:197), pid=2432, tid=8896
#
# JRE version: OpenJDK Runtime Environment (11.0.12+7) (build 11.0.12+7-b1504.28-7817840)
# Java VM: OpenJDK 64-Bit Server VM (11.0.12+7-b1504.28-7817840, mixed mode, tiered, compressed oops, g1 gc, windows-amd64)
# No core dump will be written. Minidumps are not enabled by default on client versions of Windows
#

---------------  S U M M A R Y ------------

Command Line: --add-opens=java.base/java.util=ALL-UNNAMED --add-opens=java.base/java.lang=ALL-UNNAMED --add-opens=java.base/java.lang.invoke=ALL-UNNAMED --add-opens=java.base/java.util=ALL-UNNAMED --add-opens=java.prefs/java.util.prefs=ALL-UNNAMED --add-opens=java.prefs/java.util.prefs=ALL-UNNAMED --add-opens=java.base/java.nio.charset=ALL-UNNAMED --add-opens=java.base/java.net=ALL-UNNAMED --add-opens=java.base/java.util.concurrent.atomic=ALL-UNNAMED -Xmx2048m -Dfile.encoding=UTF-8 -Duser.country=GB -Duser.language=en -Duser.variant org.gradle.launcher.daemon.bootstrap.GradleDaemon 7.3.3

Host: Intel(R) Core(TM) i5-6200U CPU @ 2.30GHz, 4 cores, 7G,  Windows 10 , 64 bit Build 19041 (10.0.19041.1889)
Time: Thu Sep  8 14:57:35 2022 SA Pacific Standard Time elapsed time: 13.037846 seconds (0d 0h 0m 13s)

---------------  T H R E A D  ---------------

Current thread (0x000002452e116000):  JavaThread "C2 CompilerThread0" daemon [_thread_in_native, id=8896, stack(0x000000faab500000,0x000000faab600000)]


Current CompileTask:
C2:  13037 3917       4       java.lang.invoke.LambdaForm$Name::replaceNames (174 bytes)

Stack: [0x000000faab500000,0x000000faab600000]
Native frames: (J=compiled Java code, j=interpreted, Vv=VM code, C=native code)
V  [jvm.dll+0x5fbcea]
V  [jvm.dll+0x731905]
V  [jvm.dll+0x732f1d]
V  [jvm.dll+0x7335d3]
V  [jvm.dll+0x247bf8]
V  [jvm.dll+0xc018c]
V  [jvm.dll+0xc06cc]
V  [jvm.dll+0x35b31d]
V  [jvm.dll+0x19cebc]
V  [jvm.dll+0x20070e]
V  [jvm.dll+0x1ff794]
V  [jvm.dll+0x18868c]
V  [jvm.dll+0x20e0d7]
V  [jvm.dll+0x20c901]
V  [jvm.dll+0x6f9b7f]
V  [jvm.dll+0x6f26a5]
V  [jvm.dll+0x5fabf6]
C  [ucrtbase.dll+0x21bb2]
C  [KERNEL32.DLL+0x17034]
C  [ntdll.dll+0x52651]


---------------  P R O C E S S  ---------------

Threads class SMR info:
_java_thread_list=0x0000024532c37060, length=37, elements={
0x0000024512585800, 0x000002452e0f2000, 0x000002452e0f5800, 0x000002452ea83800,
0x000002452e10f000, 0x000002452e111000, 0x000002452e116000, 0x000002452e122800,
0x000002452e12c000, 0x000002452ebdb800, 0x0000024530110800, 0x000002452ee90800,
0x0000024530b1d800, 0x00000245317a9800, 0x000002453021a800, 0x00000245305d8800,
0x000002452f71a000, 0x0000024531168000, 0x0000024531971800, 0x0000024531622800,
0x0000024531625800, 0x0000024531626800, 0x0000024531627000, 0x0000024531623000,
0x0000024531621800, 0x0000024531628000, 0x0000024531624000, 0x0000024531624800,
0x000002452fd6e000, 0x000002452fd72800, 0x0000024530f2f000, 0x000002452fd70800,
0x000002452fd73000, 0x000002452fd76800, 0x000002452fd74000, 0x000002452fd75800,
0x000002452fd74800
}

Java Threads: ( => current thread )
  0x0000024512585800 JavaThread "main" [_thread_blocked, id=21176, stack(0x000000faaa900000,0x000000faaaa00000)]
  0x000002452e0f2000 JavaThread "Reference Handler" daemon [_thread_blocked, id=10892, stack(0x000000faab000000,0x000000faab100000)]
  0x000002452e0f5800 JavaThread "Finalizer" daemon [_thread_blocked, id=10348, stack(0x000000faab100000,0x000000faab200000)]
  0x000002452ea83800 JavaThread "Signal Dispatcher" daemon [_thread_blocked, id=22392, stack(0x000000faab200000,0x000000faab300000)]
  0x000002452e10f000 JavaThread "Attach Listener" daemon [_thread_blocked, id=18440, stack(0x000000faab300000,0x000000faab400000)]
  0x000002452e111000 JavaThread "Service Thread" daemon [_thread_blocked, id=22404, stack(0x000000faab400000,0x000000faab500000)]
=>0x000002452e116000 JavaThread "C2 CompilerThread0" daemon [_thread_in_native, id=8896, stack(0x000000faab500000,0x000000faab600000)]
  0x000002452e122800 JavaThread "C1 CompilerThread0" daemon [_thread_in_native, id=9924, stack(0x000000faab600000,0x000000faab700000)]
  0x000002452e12c000 JavaThread "Sweeper thread" daemon [_thread_blocked, id=18804, stack(0x000000faab700000,0x000000faab800000)]
  0x000002452ebdb800 JavaThread "Common-Cleaner" daemon [_thread_blocked, id=8504, stack(0x000000faab800000,0x000000faab900000)]
  0x0000024530110800 JavaThread "Daemon health stats" [_thread_blocked, id=11600, stack(0x000000faabd00000,0x000000faabe00000)]
  0x000002452ee90800 JavaThread "Incoming local TCP Connector on port 57438" [_thread_in_native, id=22560, stack(0x000000faaba00000,0x000000faabb00000)]
  0x0000024530b1d800 JavaThread "Daemon periodic checks" [_thread_blocked, id=3932, stack(0x000000faabe00000,0x000000faabf00000)]
  0x00000245317a9800 JavaThread "Daemon" [_thread_blocked, id=6080, stack(0x000000faabf00000,0x000000faac000000)]
  0x000002453021a800 JavaThread "Handler for socket connection from /127.0.0.1:57438 to /127.0.0.1:57439" [_thread_in_native, id=20656, stack(0x000000faac000000,0x000000faac100000)]
  0x00000245305d8800 JavaThread "Cancel handler" [_thread_blocked, id=23856, stack(0x000000faac100000,0x000000faac200000)]
  0x000002452f71a000 JavaThread "Daemon worker" [_thread_in_Java, id=7204, stack(0x000000faac200000,0x000000faac300000)]
  0x0000024531168000 JavaThread "Asynchronous log dispatcher for DefaultDaemonConnection: socket connection from /127.0.0.1:57438 to /127.0.0.1:57439" [_thread_blocked, id=4120, stack(0x000000faac300000,0x000000faac400000)]
  0x0000024531971800 JavaThread "Stdin handler" [_thread_blocked, id=17872, stack(0x000000faac400000,0x000000faac500000)]
  0x0000024531622800 JavaThread "Daemon client event forwarder" [_thread_blocked, id=22896, stack(0x000000faac500000,0x000000faac600000)]
  0x0000024531625800 JavaThread "Cache worker for journal cache (C:\Users\renzo\.gradle\caches\journal-1)" [_thread_blocked, id=6184, stack(0x000000faac700000,0x000000faac800000)]
  0x0000024531626800 JavaThread "File lock request listener" [_thread_in_native, id=16348, stack(0x000000faac800000,0x000000faac900000)]
  0x0000024531627000 JavaThread "Cache worker for file hash cache (C:\Users\renzo\.gradle\caches\7.3.3\fileHashes)" [_thread_blocked, id=2796, stack(0x000000faac900000,0x000000faaca00000)]
  0x0000024531623000 JavaThread "Cache worker for file hash cache (D:\renzo\Dev\UPC-CICLO-VI\Mobile Apps\GeoQuiz\.gradle\7.3.3\fileHashes)" [_thread_blocked, id=15616, stack(0x000000faacb00000,0x000000faacc00000)]
  0x0000024531621800 JavaThread "File watcher server" daemon [_thread_in_native, id=13372, stack(0x000000faacc00000,0x000000faacd00000)]
  0x0000024531628000 JavaThread "File watcher consumer" daemon [_thread_blocked, id=22368, stack(0x000000faacd00000,0x000000faace00000)]
  0x0000024531624000 JavaThread "Cache worker for checksums cache (D:\renzo\Dev\UPC-CICLO-VI\Mobile Apps\GeoQuiz\.gradle\7.3.3\checksums)" [_thread_blocked, id=15880, stack(0x000000faace00000,0x000000faacf00000)]
  0x0000024531624800 JavaThread "Cache worker for cache directory md-supplier (C:\Users\renzo\.gradle\caches\7.3.3\md-supplier)" [_thread_blocked, id=6468, stack(0x000000faacf00000,0x000000faad000000)]
  0x000002452fd6e000 JavaThread "Cache worker for cache directory md-rule (C:\Users\renzo\.gradle\caches\7.3.3\md-rule)" [_thread_blocked, id=4016, stack(0x000000faaca00000,0x000000faacb00000)]
  0x000002452fd72800 JavaThread "Cache worker for execution history cache (C:\Users\renzo\.gradle\caches\7.3.3\executionHistory)" [_thread_blocked, id=9248, stack(0x000000faad000000,0x000000faad100000)]
  0x0000024530f2f000 JavaThread "C2 CompilerThread1" daemon [_thread_in_native, id=11260, stack(0x000000faad100000,0x000000faad200000)]
  0x000002452fd70800 JavaThread "jar transforms" [_thread_blocked, id=14932, stack(0x000000faad200000,0x000000faad300000)]
  0x000002452fd73000 JavaThread "Cache worker for file content cache (C:\Users\renzo\.gradle\caches\7.3.3\fileContent)" [_thread_blocked, id=1276, stack(0x000000faad300000,0x000000faad400000)]
  0x000002452fd76800 JavaThread "jar transforms Thread 2" [_thread_blocked, id=880, stack(0x000000faad400000,0x000000faad500000)]
  0x000002452fd74000 JavaThread "Cache worker for dependencies-accessors (D:\renzo\Dev\UPC-CICLO-VI\Mobile Apps\GeoQuiz\.gradle\7.3.3\dependencies-accessors)" [_thread_blocked, id=5024, stack(0x000000faad500000,0x000000faad600000)]
  0x000002452fd75800 JavaThread "jar transforms Thread 3" [_thread_blocked, id=22876, stack(0x000000faad600000,0x000000faad700000)]
  0x000002452fd74800 JavaThread "Cache worker for Build Output Cleanup Cache (D:\renzo\Dev\UPC-CICLO-VI\Mobile Apps\GeoQuiz\.gradle\buildOutputCleanup)" [_thread_blocked, id=19528, stack(0x000000faad700000,0x000000faad800000)]

Other Threads:
  0x000002452e0ee000 VMThread "VM Thread" [stack: 0x000000faaaf00000,0x000000faab000000] [id=23880]
  0x000002452ec0c000 WatcherThread [stack: 0x000000faab900000,0x000000faaba00000] [id=5728]
  0x000002451259a000 GCTaskThread "GC Thread#0" [stack: 0x000000faaaa00000,0x000000faaab00000] [id=496]
  0x000002452f073000 GCTaskThread "GC Thread#1" [stack: 0x000000faabb00000,0x000000faabc00000] [id=292]
  0x000002452f073800 GCTaskThread "GC Thread#2" [stack: 0x000000faabc00000,0x000000faabd00000] [id=9720]
  0x00000245301bf000 GCTaskThread "GC Thread#3" [stack: 0x000000faac600000,0x000000faac700000] [id=15908]
  0x00000245125c9800 ConcurrentGCThread "G1 Main Marker" [stack: 0x000000faaab00000,0x000000faaac00000] [id=10956]
  0x00000245125cb000 ConcurrentGCThread "G1 Conc#0" [stack: 0x000000faaac00000,0x000000faaad00000] [id=3392]
  0x000002451265c000 ConcurrentGCThread "G1 Refine#0" [stack: 0x000000faaad00000,0x000000faaae00000] [id=17204]
  0x000002451265d000 ConcurrentGCThread "G1 Young RemSet Sampling" [stack: 0x000000faaae00000,0x000000faaaf00000] [id=17868]

Threads with active compile tasks:
C2 CompilerThread0  13112 3917       4       java.lang.invoke.LambdaForm$Name::replaceNames (174 bytes)
C2 CompilerThread1  13112 3930       4       java.lang.invoke.MethodType::makeImpl (108 bytes)

VM state:not at safepoint (normal execution)

VM Mutex/Monitor currently owned by a thread: None

Heap address: 0x0000000080000000, size: 2048 MB, Compressed Oops mode: 32-bit
Narrow klass base: 0x0000000000000000, Narrow klass shift: 3
Compressed class space size: 1073741824 Address: 0x0000000100000000

Heap:
 garbage-first heap   total 155648K, used 32213K [0x0000000080000000, 0x0000000100000000)
  region size 1024K, 11 young (11264K), 9 survivors (9216K)
 Metaspace       used 47509K, capacity 48661K, committed 48768K, reserved 1091584K
  class space    used 6108K, capacity 6516K, committed 6528K, reserved 1048576K
Heap Regions: E=young(eden), S=young(survivor), O=old, HS=humongous(starts), HC=humongous(continues), CS=collection set, F=free, A=archive, TAMS=top-at-mark-start (previous, next)
|   0|0x0000000080000000, 0x0000000080100000, 0x0000000080100000|100%| O|  |TAMS 0x0000000080100000, 0x0000000080000000| Untracked 
|   1|0x0000000080100000, 0x0000000080200000, 0x0000000080200000|100%| O|  |TAMS 0x0000000080200000, 0x0000000080100000| Untracked 
|   2|0x0000000080200000, 0x0000000080300000, 0x0000000080300000|100%| O|  |TAMS 0x0000000080300000, 0x0000000080200000| Untracked 
|   3|0x0000000080300000, 0x0000000080400000, 0x0000000080400000|100%|HS|  |TAMS 0x0000000080400000, 0x0000000080300000| Complete 
|   4|0x0000000080400000, 0x0000000080500000, 0x0000000080500000|100%|HC|  |TAMS 0x0000000080500000, 0x0000000080400000| Complete 
|   5|0x0000000080500000, 0x0000000080600000, 0x0000000080600000|100%|HC|  |TAMS 0x0000000080600000, 0x0000000080500000| Complete 
|   6|0x0000000080600000, 0x0000000080700000, 0x0000000080700000|100%| O|  |TAMS 0x0000000080700000, 0x0000000080600000| Untracked 
|   7|0x0000000080700000, 0x0000000080800000, 0x0000000080800000|100%| O|  |TAMS 0x0000000080800000, 0x0000000080700000| Untracked 
|   8|0x0000000080800000, 0x0000000080900000, 0x0000000080900000|100%| O|  |TAMS 0x0000000080900000, 0x0000000080800000| Untracked 
|   9|0x0000000080900000, 0x0000000080a00000, 0x0000000080a00000|100%| O|  |TAMS 0x0000000080a00000, 0x0000000080900000| Untracked 
|  10|0x0000000080a00000, 0x0000000080b00000, 0x0000000080b00000|100%| O|  |TAMS 0x0000000080b00000, 0x0000000080a00000| Untracked 
|  11|0x0000000080b00000, 0x0000000080c00000, 0x0000000080c00000|100%| O|  |TAMS 0x0000000080c00000, 0x0000000080b00000| Untracked 
|  12|0x0000000080c00000, 0x0000000080d00000, 0x0000000080d00000|100%| O|  |TAMS 0x0000000080d00000, 0x0000000080c00000| Untracked 
|  13|0x0000000080d00000, 0x0000000080e00000, 0x0000000080e00000|100%| O|  |TAMS 0x0000000080e00000, 0x0000000080d00000| Untracked 
|  14|0x0000000080e00000, 0x0000000080f00000, 0x0000000080f00000|100%| O|  |TAMS 0x0000000080f00000, 0x0000000080e00000| Untracked 
|  15|0x0000000080f00000, 0x0000000081000000, 0x0000000081000000|100%| O|  |TAMS 0x0000000080f76400, 0x0000000080f00000| Untracked 
|  16|0x0000000081000000, 0x0000000081000000, 0x0000000081100000|  0%| F|  |TAMS 0x0000000081000000, 0x0000000081000000| Untracked 
|  17|0x0000000081100000, 0x0000000081200000, 0x0000000081200000|100%| O|  |TAMS 0x0000000081100000, 0x0000000081100000| Untracked 
|  18|0x0000000081200000, 0x0000000081300000, 0x0000000081300000|100%| O|  |TAMS 0x0000000081200000, 0x0000000081200000| Untracked 
|  19|0x0000000081300000, 0x0000000081400000, 0x0000000081400000|100%| O|  |TAMS 0x0000000081300000, 0x0000000081300000| Untracked 
|  20|0x0000000081400000, 0x0000000081500000, 0x0000000081500000|100%| O|  |TAMS 0x0000000081400000, 0x0000000081400000| Untracked 
|  21|0x0000000081500000, 0x0000000081600000, 0x0000000081600000|100%| O|  |TAMS 0x0000000081500000, 0x0000000081500000| Untracked 
|  22|0x0000000081600000, 0x00000000816bae00, 0x0000000081700000| 72%| O|  |TAMS 0x0000000081600000, 0x0000000081600000| Untracked 
|  23|0x0000000081700000, 0x0000000081700000, 0x0000000081800000|  0%| F|  |TAMS 0x0000000081700000, 0x0000000081700000| Untracked 
|  24|0x0000000081800000, 0x0000000081800000, 0x0000000081900000|  0%| F|  |TAMS 0x0000000081800000, 0x0000000081800000| Untracked 
|  25|0x0000000081900000, 0x0000000081900000, 0x0000000081a00000|  0%| F|  |TAMS 0x0000000081900000, 0x0000000081900000| Untracked 
|  26|0x0000000081a00000, 0x0000000081a00000, 0x0000000081b00000|  0%| F|  |TAMS 0x0000000081a00000, 0x0000000081a00000| Untracked 
|  27|0x0000000081b00000, 0x0000000081b00000, 0x0000000081c00000|  0%| F|  |TAMS 0x0000000081b00000, 0x0000000081b00000| Untracked 
|  28|0x0000000081c00000, 0x0000000081c00000, 0x0000000081d00000|  0%| F|  |TAMS 0x0000000081c00000, 0x0000000081c00000| Untracked 
|  29|0x0000000081d00000, 0x0000000081d00000, 0x0000000081e00000|  0%| F|  |TAMS 0x0000000081d00000, 0x0000000081d00000| Untracked 
|  30|0x0000000081e00000, 0x0000000081e00000, 0x0000000081f00000|  0%| F|  |TAMS 0x0000000081e00000, 0x0000000081e00000| Untracked 
|  31|0x0000000081f00000, 0x0000000081f00000, 0x0000000082000000|  0%| F|  |TAMS 0x0000000081f00000, 0x0000000081f00000| Untracked 
|  32|0x0000000082000000, 0x0000000082000000, 0x0000000082100000|  0%| F|  |TAMS 0x0000000082000000, 0x0000000082000000| Untracked 
|  33|0x0000000082100000, 0x0000000082100000, 0x0000000082200000|  0%| F|  |TAMS 0x0000000082100000, 0x0000000082100000| Untracked 
|  34|0x0000000082200000, 0x0000000082200000, 0x0000000082300000|  0%| F|  |TAMS 0x0000000082200000, 0x0000000082200000| Untracked 
|  35|0x0000000082300000, 0x0000000082300000, 0x0000000082400000|  0%| F|  |TAMS 0x0000000082300000, 0x0000000082300000| Untracked 
|  36|0x0000000082400000, 0x0000000082400000, 0x0000000082500000|  0%| F|  |TAMS 0x0000000082400000, 0x0000000082400000| Untracked 
|  37|0x0000000082500000, 0x0000000082500000, 0x0000000082600000|  0%| F|  |TAMS 0x0000000082500000, 0x0000000082500000| Untracked 
|  38|0x0000000082600000, 0x0000000082600000, 0x0000000082700000|  0%| F|  |TAMS 0x0000000082600000, 0x0000000082600000| Untracked 
|  39|0x0000000082700000, 0x0000000082700000, 0x0000000082800000|  0%| F|  |TAMS 0x0000000082700000, 0x0000000082700000| Untracked 
|  40|0x0000000082800000, 0x0000000082800000, 0x0000000082900000|  0%| F|  |TAMS 0x0000000082800000, 0x0000000082800000| Untracked 
|  41|0x0000000082900000, 0x0000000082900000, 0x0000000082a00000|  0%| F|  |TAMS 0x0000000082900000, 0x0000000082900000| Untracked 
|  42|0x0000000082a00000, 0x0000000082a00000, 0x0000000082b00000|  0%| F|  |TAMS 0x0000000082a00000, 0x0000000082a00000| Untracked 
|  43|0x0000000082b00000, 0x0000000082b00000, 0x0000000082c00000|  0%| F|  |TAMS 0x0000000082b00000, 0x0000000082b00000| Untracked 
|  44|0x0000000082c00000, 0x0000000082c00000, 0x0000000082d00000|  0%| F|  |TAMS 0x0000000082c00000, 0x0000000082c00000| Untracked 
|  45|0x0000000082d00000, 0x0000000082d00000, 0x0000000082e00000|  0%| F|  |TAMS 0x0000000082d00000, 0x0000000082d00000| Untracked 
|  46|0x0000000082e00000, 0x0000000082e00000, 0x0000000082f00000|  0%| F|  |TAMS 0x0000000082e00000, 0x0000000082e00000| Untracked 
|  47|0x0000000082f00000, 0x0000000082f00000, 0x0000000083000000|  0%| F|  |TAMS 0x0000000082f00000, 0x0000000082f00000| Untracked 
|  48|0x0000000083000000, 0x0000000083000000, 0x0000000083100000|  0%| F|  |TAMS 0x0000000083000000, 0x0000000083000000| Untracked 
|  49|0x0000000083100000, 0x0000000083100000, 0x0000000083200000|  0%| F|  |TAMS 0x0000000083100000, 0x0000000083100000| Untracked 
|  50|0x0000000083200000, 0x0000000083200000, 0x0000000083300000|  0%| F|  |TAMS 0x0000000083200000, 0x0000000083200000| Untracked 
|  51|0x0000000083300000, 0x0000000083300000, 0x0000000083400000|  0%| F|  |TAMS 0x0000000083300000, 0x0000000083300000| Untracked 
|  52|0x0000000083400000, 0x0000000083400000, 0x0000000083500000|  0%| F|  |TAMS 0x0000000083400000, 0x0000000083400000| Untracked 
|  53|0x0000000083500000, 0x0000000083500000, 0x0000000083600000|  0%| F|  |TAMS 0x0000000083500000, 0x0000000083500000| Untracked 
|  54|0x0000000083600000, 0x0000000083600000, 0x0000000083700000|  0%| F|  |TAMS 0x0000000083600000, 0x0000000083600000| Untracked 
|  55|0x0000000083700000, 0x0000000083700000, 0x0000000083800000|  0%| F|  |TAMS 0x0000000083700000, 0x0000000083700000| Untracked 
|  56|0x0000000083800000, 0x0000000083800000, 0x0000000083900000|  0%| F|  |TAMS 0x0000000083800000, 0x0000000083800000| Untracked 
|  57|0x0000000083900000, 0x0000000083900000, 0x0000000083a00000|  0%| F|  |TAMS 0x0000000083900000, 0x0000000083900000| Untracked 
|  58|0x0000000083a00000, 0x0000000083a00000, 0x0000000083b00000|  0%| F|  |TAMS 0x0000000083a00000, 0x0000000083a00000| Untracked 
|  59|0x0000000083b00000, 0x0000000083b00000, 0x0000000083c00000|  0%| F|  |TAMS 0x0000000083b00000, 0x0000000083b00000| Untracked 
|  60|0x0000000083c00000, 0x0000000083c00000, 0x0000000083d00000|  0%| F|  |TAMS 0x0000000083c00000, 0x0000000083c00000| Untracked 
|  61|0x0000000083d00000, 0x0000000083d00000, 0x0000000083e00000|  0%| F|  |TAMS 0x0000000083d00000, 0x0000000083d00000| Untracked 
|  62|0x0000000083e00000, 0x0000000083e00000, 0x0000000083f00000|  0%| F|  |TAMS 0x0000000083e00000, 0x0000000083e00000| Untracked 
|  63|0x0000000083f00000, 0x0000000083f00000, 0x0000000084000000|  0%| F|  |TAMS 0x0000000083f00000, 0x0000000083f00000| Untracked 
|  64|0x0000000084000000, 0x0000000084000000, 0x0000000084100000|  0%| F|  |TAMS 0x0000000084000000, 0x0000000084000000| Untracked 
|  65|0x0000000084100000, 0x00000000841ba770, 0x0000000084200000| 72%| S|CS|TAMS 0x0000000084100000, 0x0000000084100000| Complete 
|  66|0x0000000084200000, 0x0000000084300000, 0x0000000084300000|100%| S|CS|TAMS 0x0000000084200000, 0x0000000084200000| Complete 
|  67|0x0000000084300000, 0x0000000084400000, 0x0000000084400000|100%| S|CS|TAMS 0x0000000084300000, 0x0000000084300000| Complete 
|  68|0x0000000084400000, 0x0000000084500000, 0x0000000084500000|100%| S|CS|TAMS 0x0000000084400000, 0x0000000084400000| Complete 
|  69|0x0000000084500000, 0x0000000084600000, 0x0000000084600000|100%| S|CS|TAMS 0x0000000084500000, 0x0000000084500000| Complete 
|  70|0x0000000084600000, 0x0000000084700000, 0x0000000084700000|100%| S|CS|TAMS 0x0000000084600000, 0x0000000084600000| Complete 
|  71|0x0000000084700000, 0x0000000084800000, 0x0000000084800000|100%| S|CS|TAMS 0x0000000084700000, 0x0000000084700000| Complete 
|  72|0x0000000084800000, 0x0000000084900000, 0x0000000084900000|100%| S|CS|TAMS 0x0000000084800000, 0x0000000084800000| Complete 
|  73|0x0000000084900000, 0x0000000084a00000, 0x0000000084a00000|100%| S|CS|TAMS 0x0000000084900000, 0x0000000084900000| Complete 
|  74|0x0000000084a00000, 0x0000000084a00000, 0x0000000084b00000|  0%| F|  |TAMS 0x0000000084a00000, 0x0000000084a00000| Untracked 
|  75|0x0000000084b00000, 0x0000000084b00000, 0x0000000084c00000|  0%| F|  |TAMS 0x0000000084b00000, 0x0000000084b00000| Untracked 
|  76|0x0000000084c00000, 0x0000000084c00000, 0x0000000084d00000|  0%| F|  |TAMS 0x0000000084c00000, 0x0000000084c00000| Untracked 
|  77|0x0000000084d00000, 0x0000000084d00000, 0x0000000084e00000|  0%| F|  |TAMS 0x0000000084d00000, 0x0000000084d00000| Untracked 
|  78|0x0000000084e00000, 0x0000000084e00000, 0x0000000084f00000|  0%| F|  |TAMS 0x0000000084e00000, 0x0000000084e00000| Untracked 
|  79|0x0000000084f00000, 0x0000000084f00000, 0x0000000085000000|  0%| F|  |TAMS 0x0000000084f00000, 0x0000000084f00000| Untracked 
|  80|0x0000000085000000, 0x0000000085000000, 0x0000000085100000|  0%| F|  |TAMS 0x0000000085000000, 0x0000000085000000| Untracked 
|  81|0x0000000085100000, 0x0000000085100000, 0x0000000085200000|  0%| F|  |TAMS 0x0000000085100000, 0x0000000085100000| Untracked 
|  82|0x0000000085200000, 0x0000000085200000, 0x0000000085300000|  0%| F|  |TAMS 0x0000000085200000, 0x0000000085200000| Untracked 
|  83|0x0000000085300000, 0x0000000085300000, 0x0000000085400000|  0%| F|  |TAMS 0x0000000085300000, 0x0000000085300000| Untracked 
|  84|0x0000000085400000, 0x0000000085400000, 0x0000000085500000|  0%| F|  |TAMS 0x0000000085400000, 0x0000000085400000| Untracked 
|  85|0x0000000085500000, 0x0000000085500000, 0x0000000085600000|  0%| F|  |TAMS 0x0000000085500000, 0x0000000085500000| Untracked 
|  86|0x0000000085600000, 0x0000000085600000, 0x0000000085700000|  0%| F|  |TAMS 0x0000000085600000, 0x0000000085600000| Untracked 
|  87|0x0000000085700000, 0x0000000085700000, 0x0000000085800000|  0%| F|  |TAMS 0x0000000085700000, 0x0000000085700000| Untracked 
|  88|0x0000000085800000, 0x0000000085800000, 0x0000000085900000|  0%| F|  |TAMS 0x0000000085800000, 0x0000000085800000| Untracked 
|  89|0x0000000085900000, 0x0000000085900000, 0x0000000085a00000|  0%| F|  |TAMS 0x0000000085900000, 0x0000000085900000| Untracked 
|  90|0x0000000085a00000, 0x0000000085a00000, 0x0000000085b00000|  0%| F|  |TAMS 0x0000000085a00000, 0x0000000085a00000| Untracked 
|  91|0x0000000085b00000, 0x0000000085b00000, 0x0000000085c00000|  0%| F|  |TAMS 0x0000000085b00000, 0x0000000085b00000| Untracked 
|  92|0x0000000085c00000, 0x0000000085c00000, 0x0000000085d00000|  0%| F|  |TAMS 0x0000000085c00000, 0x0000000085c00000| Untracked 
|  93|0x0000000085d00000, 0x0000000085d00000, 0x0000000085e00000|  0%| F|  |TAMS 0x0000000085d00000, 0x0000000085d00000| Untracked 
|  94|0x0000000085e00000, 0x0000000085e00000, 0x0000000085f00000|  0%| F|  |TAMS 0x0000000085e00000, 0x0000000085e00000| Untracked 
|  95|0x0000000085f00000, 0x0000000085f00000, 0x0000000086000000|  0%| F|  |TAMS 0x0000000085f00000, 0x0000000085f00000| Untracked 
|  96|0x0000000086000000, 0x0000000086000000, 0x0000000086100000|  0%| F|  |TAMS 0x0000000086000000, 0x0000000086000000| Untracked 
|  97|0x0000000086100000, 0x0000000086100000, 0x0000000086200000|  0%| F|  |TAMS 0x0000000086100000, 0x0000000086100000| Untracked 
|  98|0x0000000086200000, 0x0000000086200000, 0x0000000086300000|  0%| F|  |TAMS 0x0000000086200000, 0x0000000086200000| Untracked 
|  99|0x0000000086300000, 0x0000000086300000, 0x0000000086400000|  0%| F|  |TAMS 0x0000000086300000, 0x0000000086300000| Untracked 
| 100|0x0000000086400000, 0x0000000086400000, 0x0000000086500000|  0%| F|  |TAMS 0x0000000086400000, 0x0000000086400000| Untracked 
| 101|0x0000000086500000, 0x0000000086500000, 0x0000000086600000|  0%| F|  |TAMS 0x0000000086500000, 0x0000000086500000| Untracked 
| 102|0x0000000086600000, 0x0000000086600000, 0x0000000086700000|  0%| F|  |TAMS 0x0000000086600000, 0x0000000086600000| Untracked 
| 103|0x0000000086700000, 0x0000000086700000, 0x0000000086800000|  0%| F|  |TAMS 0x0000000086700000, 0x0000000086700000| Untracked 
| 104|0x0000000086800000, 0x0000000086800000, 0x0000000086900000|  0%| F|  |TAMS 0x0000000086800000, 0x0000000086800000| Untracked 
| 105|0x0000000086900000, 0x0000000086900000, 0x0000000086a00000|  0%| F|  |TAMS 0x0000000086900000, 0x0000000086900000| Untracked 
| 106|0x0000000086a00000, 0x0000000086a00000, 0x0000000086b00000|  0%| F|  |TAMS 0x0000000086a00000, 0x0000000086a00000| Untracked 
| 107|0x0000000086b00000, 0x0000000086b00000, 0x0000000086c00000|  0%| F|  |TAMS 0x0000000086b00000, 0x0000000086b00000| Untracked 
| 108|0x0000000086c00000, 0x0000000086c00000, 0x0000000086d00000|  0%| F|  |TAMS 0x0000000086c00000, 0x0000000086c00000| Untracked 
| 109|0x0000000086d00000, 0x0000000086d00000, 0x0000000086e00000|  0%| F|  |TAMS 0x0000000086d00000, 0x0000000086d00000| Untracked 
| 110|0x0000000086e00000, 0x0000000086e00000, 0x0000000086f00000|  0%| F|  |TAMS 0x0000000086e00000, 0x0000000086e00000| Untracked 
| 111|0x0000000086f00000, 0x0000000086f00000, 0x0000000087000000|  0%| F|  |TAMS 0x0000000086f00000, 0x0000000086f00000| Untracked 
| 112|0x0000000087000000, 0x0000000087000000, 0x0000000087100000|  0%| F|  |TAMS 0x0000000087000000, 0x0000000087000000| Untracked 
| 113|0x0000000087100000, 0x0000000087100000, 0x0000000087200000|  0%| F|  |TAMS 0x0000000087100000, 0x0000000087100000| Untracked 
| 114|0x0000000087200000, 0x0000000087200000, 0x0000000087300000|  0%| F|  |TAMS 0x0000000087200000, 0x0000000087200000| Untracked 
| 115|0x0000000087300000, 0x0000000087300000, 0x0000000087400000|  0%| F|  |TAMS 0x0000000087300000, 0x0000000087300000| Untracked 
| 116|0x0000000087400000, 0x0000000087400000, 0x0000000087500000|  0%| F|  |TAMS 0x0000000087400000, 0x0000000087400000| Untracked 
| 117|0x0000000087500000, 0x0000000087500000, 0x0000000087600000|  0%| F|  |TAMS 0x0000000087500000, 0x0000000087500000| Untracked 
| 118|0x0000000087600000, 0x0000000087600000, 0x0000000087700000|  0%| F|  |TAMS 0x0000000087600000, 0x0000000087600000| Untracked 
| 119|0x0000000087700000, 0x0000000087700000, 0x0000000087800000|  0%| F|  |TAMS 0x0000000087700000, 0x0000000087700000| Untracked 
| 120|0x0000000087800000, 0x0000000087800000, 0x0000000087900000|  0%| F|  |TAMS 0x0000000087800000, 0x0000000087800000| Untracked 
| 121|0x0000000087900000, 0x0000000087900000, 0x0000000087a00000|  0%| F|  |TAMS 0x0000000087900000, 0x0000000087900000| Untracked 
| 122|0x0000000087a00000, 0x0000000087a00000, 0x0000000087b00000|  0%| F|  |TAMS 0x0000000087a00000, 0x0000000087a00000| Untracked 
| 123|0x0000000087b00000, 0x0000000087b00000, 0x0000000087c00000|  0%| F|  |TAMS 0x0000000087b00000, 0x0000000087b00000| Untracked 
| 124|0x0000000087c00000, 0x0000000087c00000, 0x0000000087d00000|  0%| F|  |TAMS 0x0000000087c00000, 0x0000000087c00000| Untracked 
| 125|0x0000000087d00000, 0x0000000087d00000, 0x0000000087e00000|  0%| F|  |TAMS 0x0000000087d00000, 0x0000000087d00000| Untracked 
| 126|0x0000000087e00000, 0x0000000087e00000, 0x0000000087f00000|  0%| F|  |TAMS 0x0000000087e00000, 0x0000000087e00000| Untracked 
| 127|0x0000000087f00000, 0x0000000087f00000, 0x0000000088000000|  0%| F|  |TAMS 0x0000000087f00000, 0x0000000087f00000| Untracked 
| 128|0x0000000088000000, 0x0000000088000000, 0x0000000088100000|  0%| F|  |TAMS 0x0000000088000000, 0x0000000088000000| Untracked 
| 129|0x0000000088100000, 0x0000000088100000, 0x0000000088200000|  0%| F|  |TAMS 0x0000000088100000, 0x0000000088100000| Untracked 
| 130|0x0000000088200000, 0x0000000088200000, 0x0000000088300000|  0%| F|  |TAMS 0x0000000088200000, 0x0000000088200000| Untracked 
| 131|0x0000000088300000, 0x0000000088300000, 0x0000000088400000|  0%| F|  |TAMS 0x0000000088300000, 0x0000000088300000| Untracked 
| 132|0x0000000088400000, 0x0000000088400000, 0x0000000088500000|  0%| F|  |TAMS 0x0000000088400000, 0x0000000088400000| Untracked 
| 133|0x0000000088500000, 0x0000000088500000, 0x0000000088600000|  0%| F|  |TAMS 0x0000000088500000, 0x0000000088500000| Untracked 
| 134|0x0000000088600000, 0x0000000088600000, 0x0000000088700000|  0%| F|  |TAMS 0x0000000088600000, 0x0000000088600000| Untracked 
| 135|0x0000000088700000, 0x0000000088700000, 0x0000000088800000|  0%| F|  |TAMS 0x0000000088700000, 0x0000000088700000| Untracked 
| 136|0x0000000088800000, 0x0000000088800000, 0x0000000088900000|  0%| F|  |TAMS 0x0000000088800000, 0x0000000088800000| Untracked 
| 137|0x0000000088900000, 0x0000000088900000, 0x0000000088a00000|  0%| F|  |TAMS 0x0000000088900000, 0x0000000088900000| Untracked 
| 138|0x0000000088a00000, 0x0000000088a00000, 0x0000000088b00000|  0%| F|  |TAMS 0x0000000088a00000, 0x0000000088a00000| Untracked 
| 139|0x0000000088b00000, 0x0000000088b00000, 0x0000000088c00000|  0%| F|  |TAMS 0x0000000088b00000, 0x0000000088b00000| Untracked 
| 140|0x0000000088c00000, 0x0000000088c00000, 0x0000000088d00000|  0%| F|  |TAMS 0x0000000088c00000, 0x0000000088c00000| Untracked 
| 141|0x0000000088d00000, 0x0000000088d00000, 0x0000000088e00000|  0%| F|  |TAMS 0x0000000088d00000, 0x0000000088d00000| Untracked 
| 142|0x0000000088e00000, 0x0000000088e00000, 0x0000000088f00000|  0%| F|  |TAMS 0x0000000088e00000, 0x0000000088e00000| Untracked 
| 143|0x0000000088f00000, 0x0000000088f00000, 0x0000000089000000|  0%| F|  |TAMS 0x0000000088f00000, 0x0000000088f00000| Untracked 
| 144|0x0000000089000000, 0x0000000089000000, 0x0000000089100000|  0%| F|  |TAMS 0x0000000089000000, 0x0000000089000000| Untracked 
| 145|0x0000000089100000, 0x0000000089100000, 0x0000000089200000|  0%| F|  |TAMS 0x0000000089100000, 0x0000000089100000| Untracked 
| 146|0x0000000089200000, 0x0000000089200000, 0x0000000089300000|  0%| F|  |TAMS 0x0000000089200000, 0x0000000089200000| Untracked 
| 147|0x0000000089300000, 0x0000000089300000, 0x0000000089400000|  0%| F|  |TAMS 0x0000000089300000, 0x0000000089300000| Untracked 
| 148|0x0000000089400000, 0x0000000089400000, 0x0000000089500000|  0%| F|  |TAMS 0x0000000089400000, 0x0000000089400000| Untracked 
| 149|0x0000000089500000, 0x0000000089500000, 0x0000000089600000|  0%| F|  |TAMS 0x0000000089500000, 0x0000000089500000| Untracked 
| 150|0x0000000089600000, 0x0000000089681010, 0x0000000089700000| 50%| E|  |TAMS 0x0000000089600000, 0x0000000089600000| Complete 
| 151|0x0000000089700000, 0x0000000089800000, 0x0000000089800000|100%| E|CS|TAMS 0x0000000089700000, 0x0000000089700000| Complete 

Card table byte_map: [0x00000245272a0000,0x00000245276a0000] _byte_map_base: 0x0000024526ea0000

Marking Bits (Prev, Next): (CMBitMap*) 0x00000245125c0e48, (CMBitMap*) 0x00000245125c0e80
 Prev Bits: [0x0000024527aa0000, 0x0000024529aa0000)
 Next Bits: [0x0000024529aa0000, 0x000002452baa0000)

Polling page: 0x0000024512440000

Metaspace:

Usage:
  Non-class:     41.16 MB capacity,    40.44 MB ( 98%) used,   613.34 KB (  1%) free+waste,   120.06 KB ( <1%) overhead. 
      Class:      6.36 MB capacity,     5.97 MB ( 94%) used,   349.84 KB (  5%) free+waste,    57.50 KB ( <1%) overhead. 
       Both:     47.52 MB capacity,    46.41 MB ( 98%) used,   963.19 KB (  2%) free+waste,   177.56 KB ( <1%) overhead. 

Virtual space:
  Non-class space:       42.00 MB reserved,      41.25 MB ( 98%) committed 
      Class space:        1.00 GB reserved,       6.38 MB ( <1%) committed 
             Both:        1.04 GB reserved,      47.63 MB (  4%) committed 

Chunk freelists:
   Non-Class:  31.00 KB
       Class:  12.00 KB
        Both:  43.00 KB

MaxMetaspaceSize: 17179869184.00 GB
CompressedClassSpaceSize: 1.00 GB
Initial GC threshold: 20.80 MB
Current GC threshold: 58.54 MB
CDS: off

CodeHeap 'non-profiled nmethods': size=120064Kb used=2406Kb max_used=2406Kb free=117657Kb
 bounds [0x000002451f340000, 0x000002451f5b0000, 0x0000024526880000]
CodeHeap 'profiled nmethods': size=120000Kb used=8914Kb max_used=8914Kb free=111085Kb
 bounds [0x0000024517e10000, 0x00000245186d0000, 0x000002451f340000]
CodeHeap 'non-nmethods': size=5696Kb used=2290Kb max_used=2345Kb free=3405Kb
 bounds [0x0000024517880000, 0x0000024517af0000, 0x0000024517e10000]
 total_blobs=5112 nmethods=4325 adapters=698
 compilation: enabled
              stopped_count=0, restarted_count=0
 full_count=0

Compilation events (20 events):
Event: 13.030 Thread 0x000002452e122800 nmethod 4216 0x00000245186a6790 code [0x00000245186a6960, 0x00000245186a6ba8]
Event: 13.031 Thread 0x000002452e122800 4217       2       com.google.common.collect.ImmutableList::iterator (5 bytes)
Event: 13.031 Thread 0x000002452e122800 nmethod 4217 0x00000245186a6c90 code [0x00000245186a6e40, 0x00000245186a6f68]
Event: 13.031 Thread 0x000002452e122800 4218       1       org.gradle.internal.component.external.model.AbstractConfigurationMetadata::getArtifacts (5 bytes)
Event: 13.031 Thread 0x000002452e122800 nmethod 4218 0x000002451f591810 code [0x000002451f5919c0, 0x000002451f591a78]
Event: 13.031 Thread 0x000002452e122800 4219       2       org.gradle.internal.component.external.model.VariantMetadataRules::applyCapabilitiesRules (86 bytes)
Event: 13.032 Thread 0x000002452e122800 nmethod 4219 0x00000245186a7010 code [0x00000245186a7240, 0x00000245186a7878]
Event: 13.032 Thread 0x000002452e122800 4220       2       org.gradle.internal.component.external.model.VariantMetadataRules::applyVariantAttributeRules (24 bytes)
Event: 13.033 Thread 0x000002452e122800 nmethod 4220 0x00000245186a7d10 code [0x00000245186a7ee0, 0x00000245186a8038]
Event: 13.033 Thread 0x000002452e122800 4221       2       com.google.common.collect.Iterators::singletonIterator (9 bytes)
Event: 13.033 Thread 0x000002452e122800 nmethod 4221 0x00000245186a8110 code [0x00000245186a82c0, 0x00000245186a8438]
Event: 13.033 Thread 0x000002452e122800 4222       2       com.google.common.collect.Iterators$9::<init> (10 bytes)
Event: 13.033 Thread 0x000002452e122800 nmethod 4222 0x00000245186a8510 code [0x00000245186a86c0, 0x00000245186a87f8]
Event: 13.033 Thread 0x000002452e122800 4223       2       com.google.common.collect.Iterators$9::next (25 bytes)
Event: 13.033 Thread 0x000002452e122800 nmethod 4223 0x00000245186a8890 code [0x00000245186a8a40, 0x00000245186a8c08]
Event: 13.033 Thread 0x000002452e122800 4224       1       java.util.stream.FindOps$FindOp::getOpFlags (5 bytes)
Event: 13.034 Thread 0x000002452e122800 nmethod 4224 0x000002451f591b10 code [0x000002451f591cc0, 0x000002451f591d78]
Event: 13.034 Thread 0x000002452e122800 4225       2       org.gradle.internal.component.external.model.DefaultConfigurationMetadata::getAttributes (28 bytes)
Event: 13.034 Thread 0x000002452e122800 nmethod 4225 0x00000245186a8d10 code [0x00000245186a8ee0, 0x00000245186a90b8]
Event: 13.035 Thread 0x000002452e122800 4226       1       org.gradle.internal.component.external.model.ConfigurationBoundExternalDependencyMetadata::isConstraint (5 bytes)

GC Heap History (16 events):
Event: 0.853 GC heap before
{Heap before GC invocations=0 (full 0):
 garbage-first heap   total 129024K, used 20480K [0x0000000080000000, 0x0000000100000000)
  region size 1024K, 14 young (14336K), 0 survivors (0K)
 Metaspace       used 6736K, capacity 6929K, committed 7168K, reserved 1056768K
  class space    used 582K, capacity 650K, committed 768K, reserved 1048576K
}
Event: 0.858 GC heap after
{Heap after GC invocations=1 (full 0):
 garbage-first heap   total 129024K, used 7873K [0x0000000080000000, 0x0000000100000000)
  region size 1024K, 2 young (2048K), 2 survivors (2048K)
 Metaspace       used 6736K, capacity 6929K, committed 7168K, reserved 1056768K
  class space    used 582K, capacity 650K, committed 768K, reserved 1048576K
}
Event: 1.242 GC heap before
{Heap before GC invocations=1 (full 0):
 garbage-first heap   total 129024K, used 17089K [0x0000000080000000, 0x0000000100000000)
  region size 1024K, 11 young (11264K), 2 survivors (2048K)
 Metaspace       used 10079K, capacity 10269K, committed 10368K, reserved 1058816K
  class space    used 1047K, capacity 1108K, committed 1152K, reserved 1048576K
}
Event: 1.246 GC heap after
{Heap after GC invocations=2 (full 0):
 garbage-first heap   total 129024K, used 9210K [0x0000000080000000, 0x0000000100000000)
  region size 1024K, 2 young (2048K), 2 survivors (2048K)
 Metaspace       used 10079K, capacity 10269K, committed 10368K, reserved 1058816K
  class space    used 1047K, capacity 1108K, committed 1152K, reserved 1048576K
}
Event: 1.950 GC heap before
{Heap before GC invocations=2 (full 0):
 garbage-first heap   total 129024K, used 35834K [0x0000000080000000, 0x0000000100000000)
  region size 1024K, 28 young (28672K), 2 survivors (2048K)
 Metaspace       used 11226K, capacity 11450K, committed 11520K, reserved 1058816K
  class space    used 1174K, capacity 1246K, committed 1280K, reserved 1048576K
}
Event: 1.954 GC heap after
{Heap after GC invocations=3 (full 0):
 garbage-first heap   total 129024K, used 10121K [0x0000000080000000, 0x0000000100000000)
  region size 1024K, 3 young (3072K), 3 survivors (3072K)
 Metaspace       used 11226K, capacity 11450K, committed 11520K, reserved 1058816K
  class space    used 1174K, capacity 1246K, committed 1280K, reserved 1048576K
}
Event: 4.367 GC heap before
{Heap before GC invocations=3 (full 0):
 garbage-first heap   total 129024K, used 52105K [0x0000000080000000, 0x0000000100000000)
  region size 1024K, 44 young (45056K), 3 survivors (3072K)
 Metaspace       used 17145K, capacity 17465K, committed 17792K, reserved 1064960K
  class space    used 1990K, capacity 2101K, committed 2176K, reserved 1048576K
}
Event: 4.377 GC heap after
{Heap after GC invocations=4 (full 0):
 garbage-first heap   total 129024K, used 15604K [0x0000000080000000, 0x0000000100000000)
  region size 1024K, 6 young (6144K), 6 survivors (6144K)
 Metaspace       used 17145K, capacity 17465K, committed 17792K, reserved 1064960K
  class space    used 1990K, capacity 2101K, committed 2176K, reserved 1048576K
}
Event: 5.007 GC heap before
{Heap before GC invocations=4 (full 0):
 garbage-first heap   total 129024K, used 49396K [0x0000000080000000, 0x0000000100000000)
  region size 1024K, 40 young (40960K), 6 survivors (6144K)
 Metaspace       used 20676K, capacity 21081K, committed 21248K, reserved 1067008K
  class space    used 2545K, capacity 2712K, committed 2816K, reserved 1048576K
}
Event: 5.020 GC heap after
{Heap after GC invocations=5 (full 0):
 garbage-first heap   total 129024K, used 17405K [0x0000000080000000, 0x0000000100000000)
  region size 1024K, 2 young (2048K), 2 survivors (2048K)
 Metaspace       used 20676K, capacity 21081K, committed 21248K, reserved 1067008K
  class space    used 2545K, capacity 2712K, committed 2816K, reserved 1048576K
}
Event: 6.840 GC heap before
{Heap before GC invocations=6 (full 0):
 garbage-first heap   total 129024K, used 66557K [0x0000000080000000, 0x0000000100000000)
  region size 1024K, 51 young (52224K), 2 survivors (2048K)
 Metaspace       used 25986K, capacity 26528K, committed 26624K, reserved 1073152K
  class space    used 3359K, capacity 3554K, committed 3584K, reserved 1048576K
}
Event: 6.846 GC heap after
{Heap after GC invocations=7 (full 0):
 garbage-first heap   total 129024K, used 18985K [0x0000000080000000, 0x0000000100000000)
  region size 1024K, 4 young (4096K), 4 survivors (4096K)
 Metaspace       used 25986K, capacity 26528K, committed 26624K, reserved 1073152K
  class space    used 3359K, capacity 3554K, committed 3584K, reserved 1048576K
}
Event: 9.116 GC heap before
{Heap before GC invocations=7 (full 0):
 garbage-first heap   total 129024K, used 80425K [0x0000000080000000, 0x0000000100000000)
  region size 1024K, 65 young (66560K), 4 survivors (4096K)
 Metaspace       used 34968K, capacity 35791K, committed 35840K, reserved 1081344K
  class space    used 4533K, capacity 4839K, committed 4864K, reserved 1048576K
}
Event: 9.140 GC heap after
{Heap after GC invocations=8 (full 0):
 garbage-first heap   total 129024K, used 22241K [0x0000000080000000, 0x0000000100000000)
  region size 1024K, 7 young (7168K), 7 survivors (7168K)
 Metaspace       used 34968K, capacity 35791K, committed 35840K, reserved 1081344K
  class space    used 4533K, capacity 4839K, committed 4864K, reserved 1048576K
}
Event: 11.140 GC heap before
{Heap before GC invocations=9 (full 0):
 garbage-first heap   total 129024K, used 93921K [0x0000000080000000, 0x0000000100000000)
  region size 1024K, 75 young (76800K), 7 survivors (7168K)
 Metaspace       used 40721K, capacity 41664K, committed 41984K, reserved 1085440K
  class space    used 5184K, capacity 5513K, committed 5632K, reserved 1048576K
}
Event: 11.164 GC heap after
{Heap after GC invocations=10 (full 0):
 garbage-first heap   total 155648K, used 28521K [0x0000000080000000, 0x0000000100000000)
  region size 1024K, 10 young (10240K), 10 survivors (10240K)
 Metaspace       used 40721K, capacity 41664K, committed 41984K, reserved 1085440K
  class space    used 5184K, capacity 5513K, committed 5632K, reserved 1048576K
}

Deoptimization events (20 events):
Event: 12.819 Thread 0x000002452f71a000 DEOPT PACKING pc=0x000002451f57906c sp=0x000000faac2f90f0
Event: 12.819 Thread 0x000002452f71a000 DEOPT UNPACKING pc=0x00000245178ca1af sp=0x000000faac2f90c8 mode 2
Event: 12.834 Thread 0x000002452f71a000 Uncommon trap: trap_request=0xffffffde fr.pc=0x000002451f57906c relative=0x00000000000012cc
Event: 12.834 Thread 0x000002452f71a000 Uncommon trap: reason=class_check action=maybe_recompile pc=0x000002451f57906c method=java.util.HashMap.computeIfAbsent(Ljava/lang/Object;Ljava/util/function/Function;)Ljava/lang/Object; @ 142 c2
Event: 12.834 Thread 0x000002452f71a000 DEOPT PACKING pc=0x000002451f57906c sp=0x000000faac2f90f0
Event: 12.834 Thread 0x000002452f71a000 DEOPT UNPACKING pc=0x00000245178ca1af sp=0x000000faac2f90c8 mode 2
Event: 12.889 Thread 0x000002452f71a000 Uncommon trap: trap_request=0xffffffde fr.pc=0x000002451f57906c relative=0x00000000000012cc
Event: 12.889 Thread 0x000002452f71a000 Uncommon trap: reason=class_check action=maybe_recompile pc=0x000002451f57906c method=java.util.HashMap.computeIfAbsent(Ljava/lang/Object;Ljava/util/function/Function;)Ljava/lang/Object; @ 142 c2
Event: 12.889 Thread 0x000002452f71a000 DEOPT PACKING pc=0x000002451f57906c sp=0x000000faac2f93c0
Event: 12.890 Thread 0x000002452f71a000 DEOPT UNPACKING pc=0x00000245178ca1af sp=0x000000faac2f9398 mode 2
Event: 12.890 Thread 0x000002452f71a000 Uncommon trap: trap_request=0xffffffde fr.pc=0x000002451f57906c relative=0x00000000000012cc
Event: 12.890 Thread 0x000002452f71a000 Uncommon trap: reason=class_check action=maybe_recompile pc=0x000002451f57906c method=java.util.HashMap.computeIfAbsent(Ljava/lang/Object;Ljava/util/function/Function;)Ljava/lang/Object; @ 142 c2
Event: 12.890 Thread 0x000002452f71a000 DEOPT PACKING pc=0x000002451f57906c sp=0x000000faac2f9430
Event: 12.890 Thread 0x000002452f71a000 DEOPT UNPACKING pc=0x00000245178ca1af sp=0x000000faac2f9408 mode 2
Event: 12.953 Thread 0x000002452f71a000 DEOPT PACKING pc=0x0000024517ed0a1b sp=0x000000faac2f8760
Event: 12.953 Thread 0x000002452f71a000 DEOPT UNPACKING pc=0x00000245178ca95e sp=0x000000faac2f7ca0 mode 0
Event: 12.953 Thread 0x000002452f71a000 Uncommon trap: trap_request=0xffffff4d fr.pc=0x000002451f367200 relative=0x0000000000000060
Event: 12.954 Thread 0x000002452f71a000 Uncommon trap: reason=unstable_if action=reinterpret pc=0x000002451f367200 method=java.io.WinNTFileSystem.isSlash(C)Z @ 9 c2
Event: 12.954 Thread 0x000002452f71a000 DEOPT PACKING pc=0x000002451f367200 sp=0x000000faac2f87a0
Event: 12.954 Thread 0x000002452f71a000 DEOPT UNPACKING pc=0x00000245178ca1af sp=0x000000faac2f8728 mode 2

Classes redefined (0 events):
No events

Internal exceptions (20 events):
Event: 11.604 Thread 0x000002452f71a000 Implicit null exception at 0x000002451f429f74 to 0x000002451f42a184
Event: 11.840 Thread 0x000002452f71a000 Exception <a 'java/lang/ClassNotFoundException'{0x0000000087d737c8}: build_2sdy8s6zi90g8f4ttyozso9koBeanInfo> (0x0000000087d737c8) thrown at [./src/hotspot/share/classfile/systemDictionary.cpp, line 231]
Event: 11.840 Thread 0x000002452f71a000 Exception <a 'java/lang/ClassNotFoundException'{0x0000000087d8a760}: org/gradle/api/internal/project/ProjectScriptBeanInfo> (0x0000000087d8a760) thrown at [./src/hotspot/share/classfile/systemDictionary.cpp, line 231]
Event: 11.841 Thread 0x000002452f71a000 Exception <a 'java/lang/ClassNotFoundException'{0x0000000087da1620}: org/gradle/api/internal/project/ProjectScriptCustomizer> (0x0000000087da1620) thrown at [./src/hotspot/share/classfile/systemDictionary.cpp, line 231]
Event: 11.842 Thread 0x000002452f71a000 Exception <a 'java/lang/ClassNotFoundException'{0x0000000087dbc8d0}: build_2sdy8s6zi90g8f4ttyozso9koCustomizer> (0x0000000087dbc8d0) thrown at [./src/hotspot/share/classfile/systemDictionary.cpp, line 231]
Event: 11.863 Thread 0x000002452f71a000 Exception <a 'java/lang/ClassNotFoundException'{0x0000000087c50280}: org/gradle/plugin/use/internal/PluginRequestCollector$PluginDependenciesSpecImplBeanInfo> (0x0000000087c50280) thrown at [./src/hotspot/share/classfile/systemDictionary.cpp, line 231]
Event: 11.865 Thread 0x000002452f71a000 Exception <a 'java/lang/ClassNotFoundException'{0x0000000087c7f200}: org/gradle/plugin/use/internal/PluginRequestCollector$PluginDependenciesSpecImplCustomizer> (0x0000000087c7f200) thrown at [./src/hotspot/share/classfile/systemDictionary.cpp, line 231]
Event: 11.872 Thread 0x000002452f71a000 Exception <a 'java/lang/ClassNotFoundException'{0x0000000087ce7338}: org/gradle/plugin/use/internal/PluginRequestCollector$PluginDependencySpecImplBeanInfo> (0x0000000087ce7338) thrown at [./src/hotspot/share/classfile/systemDictionary.cpp, line 231]
Event: 11.874 Thread 0x000002452f71a000 Exception <a 'java/lang/ClassNotFoundException'{0x0000000087b15958}: org/gradle/plugin/use/internal/PluginRequestCollector$PluginDependencySpecImplCustomizer> (0x0000000087b15958) thrown at [./src/hotspot/share/classfile/systemDictionary.cpp, line 231]
Event: 12.334 Thread 0x000002452f71a000 Exception <a 'java/lang/NoSuchMethodError'{0x00000000863f6b78}: 'int java.lang.invoke.DirectMethodHandle$Holder.invokeInterface(java.lang.Object, java.lang.Object)'> (0x00000000863f6b78) thrown at [./src/hotspot/share/interpreter/linkResolver.cpp, line 773]
Event: 12.334 Thread 0x000002452f71a000 Exception <a 'java/lang/IncompatibleClassChangeError'{0x00000000863fa658}: Found class java.lang.Object, but interface was expected> (0x00000000863fa658) thrown at [./src/hotspot/share/interpreter/linkResolver.cpp, line 839]
Event: 12.465 Thread 0x000002452f71a000 Exception <a 'java/lang/NoSuchMethodError'{0x0000000085a27678}: 'int java.lang.invoke.DirectMethodHandle$Holder.invokeStaticInit(java.lang.Object)'> (0x0000000085a27678) thrown at [./src/hotspot/share/interpreter/linkResolver.cpp, line 773]
Event: 12.510 Thread 0x000002452f71a000 Exception <a 'java/lang/NoSuchMethodError'{0x00000000858f45b8}: 'void java.lang.invoke.DirectMethodHandle$Holder.invokeStatic(java.lang.Object, java.lang.Object, java.lang.Object, int, java.lang.Object)'> (0x00000000858f45b8) thrown at [./src/hotspot/share/interpreter/linkResolver.cpp, line 773]
Event: 12.645 Thread 0x000002452f71a000 Exception <a 'java/lang/NoSuchMethodError'{0x000000008516b130}: 'java.lang.Object java.lang.invoke.DelegatingMethodHandle$Holder.reinvoke_L(java.lang.Object, java.lang.Object, java.lang.Object, java.lang.Object, java.lang.Object, java.lang.Object, java.lang.Object, java.lang.Object, java.lang.Object, java.lang.Object, java.lang.Object, java.lang.Object, java.lang.Object, java.lang.Object, java.lang.Object, java.lang.Object, java.lang.Object, java.lang.Object, java.lang.Object, java.lang.Object)'> (0x000000
Event: 12.646 Thread 0x000002452f71a000 Exception <a 'java/lang/NoSuchMethodError'{0x0000000085176bd0}: 'java.lang.Object java.lang.invoke.DirectMethodHandle$Holder.invokeSpecial(java.lang.Object, java.lang.Object, java.lang.Object, java.lang.Object, java.lang.Object, java.lang.Object, java.lang.Object, java.lang.Object, java.lang.Object, java.lang.Object, java.lang.Object, java.lang.Object, java.lang.Object, java.lang.Object, java.lang.Object, java.lang.Object, java.lang.Object, java.lang.Object, java.lang.Object, java.lang.Object)'> (0x0000000
Event: 12.646 Thread 0x000002452f71a000 Exception <a 'java/lang/NoSuchMethodError'{0x000000008517cb10}: 'java.lang.Object java.lang.invoke.Invokers$Holder.invoker(java.lang.Object, java.lang.Object, java.lang.Object, java.lang.Object, java.lang.Object, java.lang.Object, java.lang.Object, java.lang.Object, java.lang.Object, java.lang.Object, java.lang.Object, java.lang.Object, java.lang.Object, java.lang.Object, java.lang.Object, java.lang.Object, java.lang.Object, java.lang.Object, java.lang.Object, java.lang.Object)'> (0x000000008517cb10) throw
Event: 12.647 Thread 0x000002452f71a000 Exception <a 'java/lang/NoSuchMethodError'{0x00000000851b0a98}: 'java.lang.Object java.lang.invoke.DelegatingMethodHandle$Holder.delegate(java.lang.Object, java.lang.Object, java.lang.Object, java.lang.Object, java.lang.Object, java.lang.Object, java.lang.Object, java.lang.Object, java.lang.Object, java.lang.Object, java.lang.Object, java.lang.Object, java.lang.Object, java.lang.Object, java.lang.Object, java.lang.Object, java.lang.Object, java.lang.Object, java.lang.Object, java.lang.Object)'> (0x00000000
Event: 12.660 Thread 0x000002452f71a000 Exception <a 'java/lang/NoSuchMethodError'{0x00000000851f8278}: 'java.lang.Object java.lang.invoke.DirectMethodHandle$Holder.invokeStatic(java.lang.Object, java.lang.Object, java.lang.Object, java.lang.Object, java.lang.Object, java.lang.Object, java.lang.Object, java.lang.Object, java.lang.Object, java.lang.Object, java.lang.Object, java.lang.Object, java.lang.Object, java.lang.Object, java.lang.Object)'> (0x00000000851f8278) thrown at [./src/hotspot/share/interpreter/linkResolver.cpp, line 773]
Event: 12.667 Thread 0x000002452f71a000 Exception <a 'java/lang/NoSuchMethodError'{0x0000000085008c78}: 'java.lang.Object java.lang.invoke.DirectMethodHandle$Holder.invokeStatic(java.lang.Object, java.lang.Object, java.lang.Object, java.lang.Object, java.lang.Object, java.lang.Object, java.lang.Object, java.lang.Object, java.lang.Object, java.lang.Object, java.lang.Object, java.lang.Object, java.lang.Object, java.lang.Object, java.lang.Object, java.lang.Object)'> (0x0000000085008c78) thrown at [./src/hotspot/share/interpreter/linkResolver.cpp, l
Event: 12.678 Thread 0x000002452f71a000 Exception <a 'java/lang/NoSuchMethodError'{0x0000000085018ea8}: 'java.lang.Object java.lang.invoke.DelegatingMethodHandle$Holder.reinvoke_L(java.lang.Object, java.lang.Object, java.lang.Object, java.lang.Object, java.lang.Object, java.lang.Object, java.lang.Object, java.lang.Object, java.lang.Object, java.lang.Object, java.lang.Object, java.lang.Object, java.lang.Object, java.lang.Object, java.lang.Object, java.lang.Object, java.lang.Object, java.lang.Object, java.lang.Object)'> (0x0000000085018ea8) thrown

Events (20 events):
Event: 12.841 loading class org/gradle/internal/component/external/model/AbstractMutableModuleComponentResolveMetadata$FileImpl
Event: 12.841 loading class org/gradle/internal/component/external/model/AbstractMutableModuleComponentResolveMetadata$FileImpl done
Event: 12.842 loading class org/gradle/internal/component/external/model/ComponentVariant$File
Event: 12.842 loading class org/gradle/internal/component/external/model/ComponentVariant$File done
Event: 12.852 loading class org/gradle/internal/component/external/model/AbstractMutableModuleComponentResolveMetadata$ImmutableVariantImpl
Event: 12.852 loading class org/gradle/internal/component/external/model/AbstractMutableModuleComponentResolveMetadata$ImmutableVariantImpl done
Event: 12.879 loading class org/gradle/internal/component/external/model/ComponentVariant
Event: 12.879 loading class org/gradle/internal/component/external/model/ComponentVariant done
Event: 12.881 loading class org/gradle/internal/component/external/model/LazyVariantBackedConfigurationMetadata
Event: 12.881 loading class org/gradle/internal/component/external/model/LazyVariantBackedConfigurationMetadata done
Event: 12.881 loading class org/gradle/internal/component/external/model/AbstractVariantBackedConfigurationMetadata
Event: 12.881 loading class org/gradle/internal/component/external/model/AbstractVariantBackedConfigurationMetadata done
Event: 12.885 loading class org/gradle/internal/component/external/model/LazyVariantBackedConfigurationMetadata$RuleAwareVariant
Event: 12.885 loading class org/gradle/internal/component/external/model/LazyVariantBackedConfigurationMetadata$RuleAwareVariant done
Event: 12.886 loading class org/gradle/internal/component/external/model/GradleDependencyMetadata
Event: 12.886 loading class org/gradle/internal/component/external/model/GradleDependencyMetadata done
Event: 12.892 loading class org/gradle/internal/component/external/descriptor/DefaultExclude
Event: 12.892 loading class org/gradle/internal/component/external/descriptor/DefaultExclude done
Event: 12.894 loading class org/gradle/internal/component/model/Exclude
Event: 12.894 loading class org/gradle/internal/component/model/Exclude done


Dynamic libraries:
0x00007ff7a8dc0000 - 0x00007ff7a8dca000 	C:\Program Files\Android\Android Studio\jre\bin\java.exe
0x00007ffe59bf0000 - 0x00007ffe59de8000 	C:\WINDOWS\SYSTEM32\ntdll.dll
0x00007ffe57c50000 - 0x00007ffe57d0d000 	C:\WINDOWS\System32\KERNEL32.DLL
0x00007ffe57880000 - 0x00007ffe57b4e000 	C:\WINDOWS\System32\KERNELBASE.dll
0x00007ffe57710000 - 0x00007ffe57810000 	C:\WINDOWS\System32\ucrtbase.dll
0x00007ffe51220000 - 0x00007ffe51237000 	C:\Program Files\Android\Android Studio\jre\bin\VCRUNTIME140.dll
0x00007ffe54750000 - 0x00007ffe54769000 	C:\Program Files\Android\Android Studio\jre\bin\jli.dll
0x00007ffe598b0000 - 0x00007ffe59a50000 	C:\WINDOWS\System32\USER32.dll
0x00007ffe57540000 - 0x00007ffe57562000 	C:\WINDOWS\System32\win32u.dll
0x00007ffe57e30000 - 0x00007ffe57e5a000 	C:\WINDOWS\System32\GDI32.dll
0x00007ffe57600000 - 0x00007ffe5770b000 	C:\WINDOWS\System32\gdi32full.dll
0x00007ffe57310000 - 0x00007ffe573ad000 	C:\WINDOWS\System32\msvcp_win.dll
0x00007ffe3f810000 - 0x00007ffe3faaa000 	C:\WINDOWS\WinSxS\amd64_microsoft.windows.common-controls_6595b64144ccf1df_6.0.19041.1110_none_60b5254171f9507e\COMCTL32.dll
0x00007ffe58740000 - 0x00007ffe587de000 	C:\WINDOWS\System32\msvcrt.dll
0x00007ffe58320000 - 0x00007ffe58350000 	C:\WINDOWS\System32\IMM32.DLL
0x00007ffe1a530000 - 0x00007ffe1a5cd000 	C:\Program Files\Android\Android Studio\jre\bin\msvcp140.dll
0x00007ffdff260000 - 0x00007ffdffd45000 	C:\Program Files\Android\Android Studio\jre\bin\server\jvm.dll
0x00007ffe59390000 - 0x00007ffe5943e000 	C:\WINDOWS\System32\ADVAPI32.dll
0x00007ffe58350000 - 0x00007ffe583ec000 	C:\WINDOWS\System32\sechost.dll
0x00007ffe58a40000 - 0x00007ffe58b65000 	C:\WINDOWS\System32\RPCRT4.dll
0x00007ffe582a0000 - 0x00007ffe582a8000 	C:\WINDOWS\System32\PSAPI.DLL
0x00007ffe43820000 - 0x00007ffe43847000 	C:\WINDOWS\SYSTEM32\WINMM.dll
0x00007ffe55a90000 - 0x00007ffe55a99000 	C:\WINDOWS\SYSTEM32\WSOCK32.dll
0x00007ffe4d370000 - 0x00007ffe4d37a000 	C:\WINDOWS\SYSTEM32\VERSION.dll
0x00007ffe59b40000 - 0x00007ffe59bab000 	C:\WINDOWS\System32\WS2_32.dll
0x00007ffe55bf0000 - 0x00007ffe55c02000 	C:\WINDOWS\SYSTEM32\kernel.appcore.dll
0x00007ffe4f250000 - 0x00007ffe4f261000 	C:\Program Files\Android\Android Studio\jre\bin\verify.dll
0x00007ffe55870000 - 0x00007ffe55a54000 	C:\WINDOWS\SYSTEM32\DBGHELP.DLL
0x00007ffe466c0000 - 0x00007ffe466ec000 	C:\WINDOWS\SYSTEM32\dbgcore.DLL
0x00007ffe57570000 - 0x00007ffe575f2000 	C:\WINDOWS\System32\bcryptPrimitives.dll
0x00007ffe38050000 - 0x00007ffe38079000 	C:\Program Files\Android\Android Studio\jre\bin\java.dll
0x00007ffe50b90000 - 0x00007ffe50b9b000 	C:\Program Files\Android\Android Studio\jre\bin\jimage.dll
0x00007ffe4f230000 - 0x00007ffe4f248000 	C:\Program Files\Android\Android Studio\jre\bin\zip.dll
0x00007ffe58b70000 - 0x00007ffe592b4000 	C:\WINDOWS\System32\SHELL32.dll
0x00007ffe550d0000 - 0x00007ffe55864000 	C:\WINDOWS\SYSTEM32\windows.storage.dll
0x00007ffe57e60000 - 0x00007ffe581b4000 	C:\WINDOWS\System32\combase.dll
0x00007ffe56ca0000 - 0x00007ffe56cd0000 	C:\WINDOWS\SYSTEM32\Wldp.dll
0x00007ffe587e0000 - 0x00007ffe5888d000 	C:\WINDOWS\System32\SHCORE.dll
0x00007ffe59a50000 - 0x00007ffe59aa5000 	C:\WINDOWS\System32\shlwapi.dll
0x00007ffe57250000 - 0x00007ffe5726f000 	C:\WINDOWS\SYSTEM32\profapi.dll
0x00007ffe342c0000 - 0x00007ffe342da000 	C:\Program Files\Android\Android Studio\jre\bin\net.dll
0x00007ffe48360000 - 0x00007ffe4846a000 	C:\WINDOWS\SYSTEM32\WINHTTP.dll
0x00007ffe56a00000 - 0x00007ffe56a6a000 	C:\WINDOWS\system32\mswsock.dll
0x00007ffe2fb00000 - 0x00007ffe2fb14000 	C:\Program Files\Android\Android Studio\jre\bin\nio.dll
0x00007ffe2f610000 - 0x00007ffe2f637000 	C:\Users\renzo\.gradle\native\e1d6ef7f7dcc3fd88c89a11ec53ec762bb8ba0a96d01ffa2cd45eb1d1d8dd5c5\windows-amd64\native-platform.dll
0x00007ffe1a7d0000 - 0x00007ffe1a914000 	C:\Users\renzo\.gradle\native\5664cfc778a61ccfe75a443a1ab52a65af34e5dc3c78e0209fed803814484fcb\windows-amd64\native-platform-file-events.dll
0x00007ffe50a40000 - 0x00007ffe50a4a000 	C:\Program Files\Android\Android Studio\jre\bin\management.dll
0x00007ffe4f1e0000 - 0x00007ffe4f1ed000 	C:\Program Files\Android\Android Studio\jre\bin\management_ext.dll
0x00007ffe56bf0000 - 0x00007ffe56c08000 	C:\WINDOWS\SYSTEM32\CRYPTSP.dll
0x00007ffe56380000 - 0x00007ffe563b4000 	C:\WINDOWS\system32\rsaenh.dll
0x00007ffe573b0000 - 0x00007ffe573d7000 	C:\WINDOWS\System32\bcrypt.dll
0x00007ffe57210000 - 0x00007ffe5723e000 	C:\WINDOWS\SYSTEM32\USERENV.dll
0x00007ffe56c10000 - 0x00007ffe56c1c000 	C:\WINDOWS\SYSTEM32\CRYPTBASE.dll
0x00007ffe566f0000 - 0x00007ffe5672b000 	C:\WINDOWS\SYSTEM32\IPHLPAPI.DLL
0x00007ffe57e20000 - 0x00007ffe57e28000 	C:\WINDOWS\System32\NSI.dll
0x00007ffe4ca30000 - 0x00007ffe4ca47000 	C:\WINDOWS\SYSTEM32\dhcpcsvc6.DLL
0x00007ffe4d2e0000 - 0x00007ffe4d2fd000 	C:\WINDOWS\SYSTEM32\dhcpcsvc.DLL
0x00007ffe56730000 - 0x00007ffe567fa000 	C:\WINDOWS\SYSTEM32\DNSAPI.dll

dbghelp: loaded successfully - version: 4.0.5 - missing functions: none
symbol engine: initialized successfully - sym options: 0x614 - pdb path: .;C:\Program Files\Android\Android Studio\jre\bin;C:\WINDOWS\SYSTEM32;C:\WINDOWS\WinSxS\amd64_microsoft.windows.common-controls_6595b64144ccf1df_6.0.19041.1110_none_60b5254171f9507e;C:\Program Files\Android\Android Studio\jre\bin\server;C:\Users\renzo\.gradle\native\e1d6ef7f7dcc3fd88c89a11ec53ec762bb8ba0a96d01ffa2cd45eb1d1d8dd5c5\windows-amd64;C:\Users\renzo\.gradle\native\5664cfc778a61ccfe75a443a1ab52a65af34e5dc3c78e0209fed803814484fcb\windows-amd64

VM Arguments:
jvm_args: --add-opens=java.base/java.util=ALL-UNNAMED --add-opens=java.base/java.lang=ALL-UNNAMED --add-opens=java.base/java.lang.invoke=ALL-UNNAMED --add-opens=java.base/java.util=ALL-UNNAMED --add-opens=java.prefs/java.util.prefs=ALL-UNNAMED --add-opens=java.prefs/java.util.prefs=ALL-UNNAMED --add-opens=java.base/java.nio.charset=ALL-UNNAMED --add-opens=java.base/java.net=ALL-UNNAMED --add-opens=java.base/java.util.concurrent.atomic=ALL-UNNAMED -Xmx2048m -Dfile.encoding=UTF-8 -Duser.country=GB -Duser.language=en -Duser.variant 
java_command: org.gradle.launcher.daemon.bootstrap.GradleDaemon 7.3.3
java_class_path (initial): C:\Users\renzo\.gradle\wrapper\dists\gradle-7.3.3-bin\6a41zxkdtcxs8rphpq6y0069z\gradle-7.3.3\lib\gradle-launcher-7.3.3.jar
Launcher Type: SUN_STANDARD

[Global flags]
     intx CICompilerCount                          = 3                                         {product} {ergonomic}
     uint ConcGCThreads                            = 1                                         {product} {ergonomic}
     uint G1ConcRefinementThreads                  = 4                                         {product} {ergonomic}
   size_t G1HeapRegionSize                         = 1048576                                   {product} {ergonomic}
    uintx GCDrainStackTargetSize                   = 64                                        {product} {ergonomic}
   size_t InitialHeapSize                          = 132120576                                 {product} {ergonomic}
   size_t MarkStackSize                            = 4194304                                   {product} {ergonomic}
   size_t MaxHeapSize                              = 2147483648                                {product} {command line}
   size_t MaxNewSize                               = 1287651328                                {product} {ergonomic}
   size_t MinHeapDeltaBytes                        = 1048576                                   {product} {ergonomic}
    uintx NonNMethodCodeHeapSize                   = 5830732                                {pd product} {ergonomic}
    uintx NonProfiledCodeHeapSize                  = 122913754                              {pd product} {ergonomic}
    uintx ProfiledCodeHeapSize                     = 122913754                              {pd product} {ergonomic}
    uintx ReservedCodeCacheSize                    = 251658240                              {pd product} {ergonomic}
     bool SegmentedCodeCache                       = true                                      {product} {ergonomic}
     bool UseCompressedClassPointers               = true                                 {lp64_product} {ergonomic}
     bool UseCompressedOops                        = true                                 {lp64_product} {ergonomic}
     bool UseG1GC                                  = true                                      {product} {ergonomic}
     bool UseLargePagesIndividualAllocation        = false                                  {pd product} {ergonomic}

Logging:
Log output configuration:
 #0: stdout all=warning uptime,level,tags
 #1: stderr all=off uptime,level,tags

Environment Variables:
PATH=C:\ProgramData\Oracle\Java\javapath;C:\Program Files (x86)\Intel\iCLS Client\;C:\Program Files\Intel\iCLS Client\;C:\WINDOWS\system32;C:\WINDOWS;C:\WINDOWS\System32\Wbem;C:\WINDOWS\System32\WindowsPowerShell\v1.0\;C:\Program Files (x86)\Intel\Intel(R) Management Engine Components\DAL;C:\Program Files\Intel\Intel(R) Management Engine Components\DAL;C:\Program Files (x86)\Intel\Intel(R) Management Engine Components\IPT;C:\Program Files\Intel\Intel(R) Management Engine Components\IPT;C:\WINDOWS\System32\OpenSSH\;C:\Program Files\Microsoft SQL Server\Client SDK\ODBC\170\Tools\Binn\;C:\Program Files (x86)\Microsoft SQL Server\150\Tools\Binn\;C:\Program Files\Microsoft SQL Server\150\Tools\Binn\;C:\Program Files\Microsoft SQL Server\150\DTS\Binn\;C:\Program Files\dotnet\;D:\Program Files (x86)\Git\cmd;C:\Program Files (x86)\Calibre2\;D:\Program Files (x86)\nvm;C:\Program Files\nodejs;D:\MinGW\bin;;D:\Program Files (x86)\Cloud Foundry;C:\Program Files\Cloud Foundry;C:\Program Files\Microsoft SQL Server\130\Tools\Binn\;C:\Users\renzo\AppData\Local\Programs\Python\Python39\Scripts\;C:\Users\renzo\AppData\Local\Programs\Python\Python39\;C:\Users\renzo\AppData\Local\Microsoft\WindowsApps;C:\Users\renzo\AppData\Local\Programs\Microsoft VS Code\bin;C:\Program Files\JetBrains\PyCharm Community Edition 2019.3.3\bin;;C:\Users\renzo\.dotnet\tools;C:\Users\renzo\AppData\Roaming\npm;D:\Program Files (x86)\nvm;C:\Program Files\nodejs;D:\MinGW\bin;;C:\Users\renzo\AppData\Local\JetBrains\Toolbox\scripts
USERNAME=renzo
OS=Windows_NT
PROCESSOR_IDENTIFIER=Intel64 Family 6 Model 78 Stepping 3, GenuineIntel



---------------  S Y S T E M  ---------------

OS: Windows 10 , 64 bit Build 19041 (10.0.19041.1889)
OS uptime: 8 days 4:05 hours

CPU:total 4 (initial active 4) (2 cores per cpu, 2 threads per core) family 6 model 78 stepping 3 microcode 0xcc, cmov, cx8, fxsr, mmx, sse, sse2, sse3, ssse3, sse4.1, sse4.2, popcnt, avx, avx2, aes, clmul, erms, 3dnowpref, lzcnt, ht, tsc, tscinvbit, bmi1, bmi2, adx, fma

Memory: 4k page, system-wide physical 8056M (355M free)
TotalPageFile size 18604M (AvailPageFile size 5M)
current process WorkingSet (physical memory assigned to process): 303M, peak: 306M
current process commit charge ("private bytes"): 352M, peak: 356M

vm_info: OpenJDK 64-Bit Server VM (11.0.12+7-b1504.28-7817840) for windows-amd64 JRE (11.0.12+7-b1504.28-7817840), built on Oct 13 2021 22:12:33 by "builder" with MS VC++ 14.0 (VS2015)

END.
