#
# There is insufficient memory for the Java Runtime Environment to continue.
# Native memory allocation (malloc) failed to allocate 1166416 bytes for Chunk::new
# Possible reasons:
#   The system is out of physical RAM or swap space
#   The process is running with CompressedOops enabled, and the Java Heap may be blocking the growth of the native heap
# Possible solutions:
#   Reduce memory load on the system
#   Increase physical memory or swap space
#   Check if swap backing store is full
#   Decrease Java heap size (-Xmx/-Xms)
#   Decrease number of Java threads
#   Decrease Java thread stack sizes (-Xss)
#   Set larger code cache with -XX:ReservedCodeCacheSize=
#   JVM is running with Unscaled Compressed Oops mode in which the Java heap is
#     placed in the first 4GB address space. The Java Heap base address is the
#     maximum limit for the native heap growth. Please use -XX:HeapBaseMinAddress
#     to set the Java Heap base and to place the Java Heap above 4GB virtual address.
# This output file may be truncated or incomplete.
#
#  Out of Memory Error (./src/hotspot/share/memory/arena.cpp:197), pid=10408, tid=13596
#
# JRE version: OpenJDK Runtime Environment (11.0.12+7) (build 11.0.12+7-b1504.28-7817840)
# Java VM: OpenJDK 64-Bit Server VM (11.0.12+7-b1504.28-7817840, mixed mode, tiered, compressed oops, g1 gc, windows-amd64)
# No core dump will be written. Minidumps are not enabled by default on client versions of Windows
#

---------------  S U M M A R Y ------------

Command Line: --add-opens=java.base/java.util=ALL-UNNAMED --add-opens=java.base/java.lang=ALL-UNNAMED --add-opens=java.base/java.lang.invoke=ALL-UNNAMED --add-opens=java.base/java.util=ALL-UNNAMED --add-opens=java.prefs/java.util.prefs=ALL-UNNAMED --add-opens=java.prefs/java.util.prefs=ALL-UNNAMED --add-opens=java.base/java.nio.charset=ALL-UNNAMED --add-opens=java.base/java.net=ALL-UNNAMED --add-opens=java.base/java.util.concurrent.atomic=ALL-UNNAMED -Xmx2048m -Dfile.encoding=UTF-8 -Duser.country=GB -Duser.language=en -Duser.variant org.gradle.launcher.daemon.bootstrap.GradleDaemon 7.3.3

Host: Intel(R) Core(TM) i5-6200U CPU @ 2.30GHz, 4 cores, 7G,  Windows 10 , 64 bit Build 19041 (10.0.19041.1889)
Time: Thu Sep  8 14:44:47 2022 SA Pacific Standard Time elapsed time: 52.801164 seconds (0d 0h 0m 52s)

---------------  T H R E A D  ---------------

Current thread (0x000002a6badb3800):  JavaThread "C2 CompilerThread0" daemon [_thread_in_native, id=13596, stack(0x000000b094200000,0x000000b094300000)]


Current CompileTask:
C2:  52801 9367       4       java.lang.reflect.Method::invoke (65 bytes)

Stack: [0x000000b094200000,0x000000b094300000]
Native frames: (J=compiled Java code, j=interpreted, Vv=VM code, C=native code)
V  [jvm.dll+0x5fbcea]
V  [jvm.dll+0x731905]
V  [jvm.dll+0x732f1d]
V  [jvm.dll+0x7335d3]
V  [jvm.dll+0x247bf8]
V  [jvm.dll+0xc018c]
V  [jvm.dll+0xc06cc]
V  [jvm.dll+0x35b2db]
V  [jvm.dll+0x19cebc]
V  [jvm.dll+0x20070e]
V  [jvm.dll+0x1ff794]
V  [jvm.dll+0x18868c]
V  [jvm.dll+0x20e0d7]
V  [jvm.dll+0x20c901]
V  [jvm.dll+0x6f9b7f]
V  [jvm.dll+0x6f26a5]
V  [jvm.dll+0x5fabf6]
C  [ucrtbase.dll+0x21bb2]
C  [KERNEL32.DLL+0x17034]
C  [ntdll.dll+0x52651]


---------------  P R O C E S S  ---------------

Threads class SMR info:
_java_thread_list=0x000002a6bebe47f0, length=84, elements={
0x000002a6a1195800, 0x000002a6bad85000, 0x000002a6bad88000, 0x000002a6bada0800,
0x000002a6bada1800, 0x000002a6bada3000, 0x000002a6badb3800, 0x000002a6badb4800,
0x000002a6badbe000, 0x000002a6bb851800, 0x000002a6bd94d000, 0x000002a6bd13a000,
0x000002a6bed34800, 0x000002a6be434000, 0x000002a6bc800800, 0x000002a6be8f8800,
0x000002a6bdeb2000, 0x000002a6be1f6800, 0x000002a6bd108000, 0x000002a6be905000,
0x000002a6be906000, 0x000002a6be907000, 0x000002a6be907800, 0x000002a6be90a000,
0x000002a6be908800, 0x000002a6be909800, 0x000002a6be904800, 0x000002a6be90b000,
0x000002a6be694000, 0x000002a6be68f000, 0x000002a6be690800, 0x000002a6be691800,
0x000002a6be68e000, 0x000002a6be695800, 0x000002a6be692000, 0x000002a6be698800,
0x000002a6be696800, 0x000002a6be694800, 0x000002a6be69d000, 0x000002a6be698000,
0x000002a6be69c000, 0x000002a6be697000, 0x000002a6be699800, 0x000002a6be69a800,
0x000002a6be69b000, 0x000002a6be263800, 0x000002a6be266000, 0x000002a6be266800,
0x000002a6be265000, 0x000002a6be26a000, 0x000002a6be269000, 0x000002a6be267800,
0x000002a6be264000, 0x000002a6be26e000, 0x000002a6be26a800, 0x000002a6be26b800,
0x000002a6be268000, 0x000002a6be271000, 0x000002a6be26f800, 0x000002a6be272000,
0x000002a6be26c800, 0x000002a6be26d000, 0x000002a6be270800, 0x000002a6be26f000,
0x000002a6c111b000, 0x000002a6c1120000, 0x000002a6c111e800, 0x000002a6c111f000,
0x000002a6c111a000, 0x000002a6c1121000, 0x000002a6c111c000, 0x000002a6c111d800,
0x000002a6c1121800, 0x000002a6c1122800, 0x000002a6c111c800, 0x000002a6c1125800,
0x000002a6c1124000, 0x000002a6c1127800, 0x000002a6c1125000, 0x000002a6c1128000,
0x000002a6c1129000, 0x000002a6c1123000, 0x000002a6bd6f9000, 0x000002a6bd6f6000
}

Java Threads: ( => current thread )
  0x000002a6a1195800 JavaThread "main" [_thread_blocked, id=8448, stack(0x000000b093600000,0x000000b093700000)]
  0x000002a6bad85000 JavaThread "Reference Handler" daemon [_thread_blocked, id=16688, stack(0x000000b093d00000,0x000000b093e00000)]
  0x000002a6bad88000 JavaThread "Finalizer" daemon [_thread_blocked, id=1132, stack(0x000000b093e00000,0x000000b093f00000)]
  0x000002a6bada0800 JavaThread "Signal Dispatcher" daemon [_thread_blocked, id=348, stack(0x000000b093f00000,0x000000b094000000)]
  0x000002a6bada1800 JavaThread "Attach Listener" daemon [_thread_blocked, id=16060, stack(0x000000b094000000,0x000000b094100000)]
  0x000002a6bada3000 JavaThread "Service Thread" daemon [_thread_blocked, id=8188, stack(0x000000b094100000,0x000000b094200000)]
=>0x000002a6badb3800 JavaThread "C2 CompilerThread0" daemon [_thread_in_native, id=13596, stack(0x000000b094200000,0x000000b094300000)]
  0x000002a6badb4800 JavaThread "C1 CompilerThread0" daemon [_thread_blocked, id=19452, stack(0x000000b094300000,0x000000b094400000)]
  0x000002a6badbe000 JavaThread "Sweeper thread" daemon [_thread_blocked, id=8980, stack(0x000000b094400000,0x000000b094500000)]
  0x000002a6bb851800 JavaThread "Common-Cleaner" daemon [_thread_blocked, id=24452, stack(0x000000b094500000,0x000000b094600000)]
  0x000002a6bd94d000 JavaThread "Daemon health stats" [_thread_in_Java, id=23580, stack(0x000000b094a00000,0x000000b094b00000)]
  0x000002a6bd13a000 JavaThread "Incoming local TCP Connector on port 60483" [_thread_in_native, id=14612, stack(0x000000b094700000,0x000000b094800000)]
  0x000002a6bed34800 JavaThread "Daemon periodic checks" [_thread_blocked, id=12504, stack(0x000000b094b00000,0x000000b094c00000)]
  0x000002a6be434000 JavaThread "Daemon" [_thread_blocked, id=15364, stack(0x000000b094c00000,0x000000b094d00000)]
  0x000002a6bc800800 JavaThread "Handler for socket connection from /127.0.0.1:60483 to /127.0.0.1:60484" [_thread_in_native, id=11232, stack(0x000000b094d00000,0x000000b094e00000)]
  0x000002a6be8f8800 JavaThread "Cancel handler" [_thread_blocked, id=12728, stack(0x000000b094e00000,0x000000b094f00000)]
  0x000002a6bdeb2000 JavaThread "Daemon worker" [_thread_in_native, id=20108, stack(0x000000b094f00000,0x000000b095000000)]
  0x000002a6be1f6800 JavaThread "Asynchronous log dispatcher for DefaultDaemonConnection: socket connection from /127.0.0.1:60483 to /127.0.0.1:60484" [_thread_blocked, id=1336, stack(0x000000b095000000,0x000000b095100000)]
  0x000002a6bd108000 JavaThread "Stdin handler" [_thread_blocked, id=17360, stack(0x000000b095100000,0x000000b095200000)]
  0x000002a6be905000 JavaThread "Daemon client event forwarder" [_thread_blocked, id=24056, stack(0x000000b095200000,0x000000b095300000)]
  0x000002a6be906000 JavaThread "Cache worker for journal cache (C:\Users\renzo\.gradle\caches\journal-1)" [_thread_blocked, id=22036, stack(0x000000b095400000,0x000000b095500000)]
  0x000002a6be907000 JavaThread "File lock request listener" [_thread_in_native, id=9736, stack(0x000000b095500000,0x000000b095600000)]
  0x000002a6be907800 JavaThread "Cache worker for file hash cache (C:\Users\renzo\.gradle\caches\7.3.3\fileHashes)" [_thread_blocked, id=24116, stack(0x000000b095600000,0x000000b095700000)]
  0x000002a6be90a000 JavaThread "Cache worker for file hash cache (D:\renzo\Dev\UPC-CICLO-VI\Mobile Apps\GeoQuiz\.gradle\7.3.3\fileHashes)" [_thread_blocked, id=9828, stack(0x000000b095700000,0x000000b095800000)]
  0x000002a6be908800 JavaThread "File watcher server" daemon [_thread_in_native, id=16768, stack(0x000000b095800000,0x000000b095900000)]
  0x000002a6be909800 JavaThread "File watcher consumer" daemon [_thread_blocked, id=23628, stack(0x000000b095900000,0x000000b095a00000)]
  0x000002a6be904800 JavaThread "Cache worker for checksums cache (D:\renzo\Dev\UPC-CICLO-VI\Mobile Apps\GeoQuiz\.gradle\7.3.3\checksums)" [_thread_blocked, id=13872, stack(0x000000b095a00000,0x000000b095b00000)]
  0x000002a6be90b000 JavaThread "Cache worker for cache directory md-supplier (C:\Users\renzo\.gradle\caches\7.3.3\md-supplier)" [_thread_blocked, id=20012, stack(0x000000b095b00000,0x000000b095c00000)]
  0x000002a6be694000 JavaThread "Cache worker for cache directory md-rule (C:\Users\renzo\.gradle\caches\7.3.3\md-rule)" [_thread_blocked, id=22472, stack(0x000000b095c00000,0x000000b095d00000)]
  0x000002a6be68f000 JavaThread "Cache worker for execution history cache (C:\Users\renzo\.gradle\caches\7.3.3\executionHistory)" [_thread_blocked, id=23556, stack(0x000000b095d00000,0x000000b095e00000)]
  0x000002a6be690800 JavaThread "jar transforms" [_thread_blocked, id=21868, stack(0x000000b095e00000,0x000000b095f00000)]
  0x000002a6be691800 JavaThread "Cache worker for file content cache (C:\Users\renzo\.gradle\caches\7.3.3\fileContent)" [_thread_blocked, id=4228, stack(0x000000b095f00000,0x000000b096000000)]
  0x000002a6be68e000 JavaThread "jar transforms Thread 2" [_thread_blocked, id=6632, stack(0x000000b096000000,0x000000b096100000)]
  0x000002a6be695800 JavaThread "Cache worker for dependencies-accessors (D:\renzo\Dev\UPC-CICLO-VI\Mobile Apps\GeoQuiz\.gradle\7.3.3\dependencies-accessors)" [_thread_blocked, id=19560, stack(0x000000b096200000,0x000000b096300000)]
  0x000002a6be692000 JavaThread "jar transforms Thread 3" [_thread_blocked, id=19028, stack(0x000000b096300000,0x000000b096400000)]
  0x000002a6be698800 JavaThread "Cache worker for Build Output Cleanup Cache (D:\renzo\Dev\UPC-CICLO-VI\Mobile Apps\GeoQuiz\.gradle\buildOutputCleanup)" [_thread_blocked, id=5180, stack(0x000000b096100000,0x000000b096200000)]
  0x000002a6be696800 JavaThread "Unconstrained build operations" [_thread_blocked, id=7876, stack(0x000000b096400000,0x000000b096500000)]
  0x000002a6be694800 JavaThread "Unconstrained build operations Thread 2" [_thread_blocked, id=20692, stack(0x000000b096500000,0x000000b096600000)]
  0x000002a6be69d000 JavaThread "Unconstrained build operations Thread 3" [_thread_blocked, id=12048, stack(0x000000b096600000,0x000000b096700000)]
  0x000002a6be698000 JavaThread "Unconstrained build operations Thread 4" [_thread_blocked, id=9840, stack(0x000000b096700000,0x000000b096800000)]
  0x000002a6be69c000 JavaThread "Unconstrained build operations Thread 5" [_thread_blocked, id=23196, stack(0x000000b096800000,0x000000b096900000)]
  0x000002a6be697000 JavaThread "Unconstrained build operations Thread 6" [_thread_blocked, id=12724, stack(0x000000b096900000,0x000000b096a00000)]
  0x000002a6be699800 JavaThread "Unconstrained build operations Thread 7" [_thread_blocked, id=13840, stack(0x000000b096a00000,0x000000b096b00000)]
  0x000002a6be69a800 JavaThread "Unconstrained build operations Thread 8" [_thread_blocked, id=15548, stack(0x000000b096b00000,0x000000b096c00000)]
  0x000002a6be69b000 JavaThread "Unconstrained build operations Thread 9" [_thread_blocked, id=21644, stack(0x000000b096c00000,0x000000b096d00000)]
  0x000002a6be263800 JavaThread "Unconstrained build operations Thread 10" [_thread_blocked, id=15524, stack(0x000000b096d00000,0x000000b096e00000)]
  0x000002a6be266000 JavaThread "Unconstrained build operations Thread 11" [_thread_blocked, id=14112, stack(0x000000b096e00000,0x000000b096f00000)]
  0x000002a6be266800 JavaThread "Unconstrained build operations Thread 12" [_thread_blocked, id=3316, stack(0x000000b096f00000,0x000000b097000000)]
  0x000002a6be265000 JavaThread "Unconstrained build operations Thread 13" [_thread_blocked, id=4664, stack(0x000000b097000000,0x000000b097100000)]
  0x000002a6be26a000 JavaThread "Unconstrained build operations Thread 14" [_thread_blocked, id=11580, stack(0x000000b097100000,0x000000b097200000)]
  0x000002a6be269000 JavaThread "Unconstrained build operations Thread 15" [_thread_blocked, id=23060, stack(0x000000b097200000,0x000000b097300000)]
  0x000002a6be267800 JavaThread "Unconstrained build operations Thread 16" [_thread_blocked, id=5408, stack(0x000000b097300000,0x000000b097400000)]
  0x000002a6be264000 JavaThread "Unconstrained build operations Thread 17" [_thread_blocked, id=11948, stack(0x000000b097400000,0x000000b097500000)]
  0x000002a6be26e000 JavaThread "Unconstrained build operations Thread 18" [_thread_blocked, id=2056, stack(0x000000b097500000,0x000000b097600000)]
  0x000002a6be26a800 JavaThread "Unconstrained build operations Thread 19" [_thread_blocked, id=7856, stack(0x000000b097600000,0x000000b097700000)]
  0x000002a6be26b800 JavaThread "Unconstrained build operations Thread 20" [_thread_blocked, id=11716, stack(0x000000b097700000,0x000000b097800000)]
  0x000002a6be268000 JavaThread "Unconstrained build operations Thread 21" [_thread_blocked, id=2520, stack(0x000000b097800000,0x000000b097900000)]
  0x000002a6be271000 JavaThread "Unconstrained build operations Thread 22" [_thread_blocked, id=14072, stack(0x000000b097900000,0x000000b097a00000)]
  0x000002a6be26f800 JavaThread "Unconstrained build operations Thread 23" [_thread_blocked, id=16240, stack(0x000000b097a00000,0x000000b097b00000)]
  0x000002a6be272000 JavaThread "Unconstrained build operations Thread 24" [_thread_blocked, id=16016, stack(0x000000b097b00000,0x000000b097c00000)]
  0x000002a6be26c800 JavaThread "Unconstrained build operations Thread 25" [_thread_blocked, id=20164, stack(0x000000b097c00000,0x000000b097d00000)]
  0x000002a6be26d000 JavaThread "Unconstrained build operations Thread 26" [_thread_blocked, id=22592, stack(0x000000b097d00000,0x000000b097e00000)]
  0x000002a6be270800 JavaThread "Unconstrained build operations Thread 27" [_thread_blocked, id=11432, stack(0x000000b097e00000,0x000000b097f00000)]
  0x000002a6be26f000 JavaThread "Unconstrained build operations Thread 28" [_thread_blocked, id=16436, stack(0x000000b097f00000,0x000000b098000000)]
  0x000002a6c111b000 JavaThread "Unconstrained build operations Thread 29" [_thread_blocked, id=6636, stack(0x000000b098000000,0x000000b098100000)]
  0x000002a6c1120000 JavaThread "Unconstrained build operations Thread 30" [_thread_blocked, id=22544, stack(0x000000b098100000,0x000000b098200000)]
  0x000002a6c111e800 JavaThread "Unconstrained build operations Thread 31" [_thread_blocked, id=9748, stack(0x000000b098200000,0x000000b098300000)]
  0x000002a6c111f000 JavaThread "Unconstrained build operations Thread 32" [_thread_blocked, id=22520, stack(0x000000b098300000,0x000000b098400000)]
  0x000002a6c111a000 JavaThread "Unconstrained build operations Thread 33" [_thread_blocked, id=13328, stack(0x000000b098400000,0x000000b098500000)]
  0x000002a6c1121000 JavaThread "Unconstrained build operations Thread 34" [_thread_blocked, id=17348, stack(0x000000b098500000,0x000000b098600000)]
  0x000002a6c111c000 JavaThread "Unconstrained build operations Thread 35" [_thread_blocked, id=21532, stack(0x000000b098600000,0x000000b098700000)]
  0x000002a6c111d800 JavaThread "Unconstrained build operations Thread 36" [_thread_blocked, id=23660, stack(0x000000b098700000,0x000000b098800000)]
  0x000002a6c1121800 JavaThread "Unconstrained build operations Thread 37" [_thread_blocked, id=18128, stack(0x000000b098800000,0x000000b098900000)]
  0x000002a6c1122800 JavaThread "Unconstrained build operations Thread 38" [_thread_blocked, id=23208, stack(0x000000b098900000,0x000000b098a00000)]
  0x000002a6c111c800 JavaThread "Unconstrained build operations Thread 39" [_thread_blocked, id=18164, stack(0x000000b098a00000,0x000000b098b00000)]
  0x000002a6c1125800 JavaThread "Unconstrained build operations Thread 40" [_thread_blocked, id=19588, stack(0x000000b098b00000,0x000000b098c00000)]
  0x000002a6c1124000 JavaThread "jar transforms Thread 4" [_thread_blocked, id=6824, stack(0x000000b098c00000,0x000000b098d00000)]
  0x000002a6c1127800 JavaThread "Memory manager" [_thread_blocked, id=20740, stack(0x000000b098d00000,0x000000b098e00000)]
  0x000002a6c1125000 JavaThread "build event listener" [_thread_blocked, id=24508, stack(0x000000b098e00000,0x000000b098f00000)]
  0x000002a6c1128000 JavaThread "build event listener" [_thread_blocked, id=21964, stack(0x000000b099000000,0x000000b099100000)]
  0x000002a6c1129000 JavaThread "Execution worker for ':'" [_thread_blocked, id=23172, stack(0x000000b099100000,0x000000b099200000)]
  0x000002a6c1123000 JavaThread "Execution worker for ':' Thread 2" [_thread_blocked, id=6164, stack(0x000000b099200000,0x000000b099300000)]
  0x000002a6bd6f9000 JavaThread "Execution worker for ':' Thread 3" [_thread_blocked, id=14884, stack(0x000000b099300000,0x000000b099400000)]
  0x000002a6bd6f6000 JavaThread "Cache worker for execution history cache (D:\renzo\Dev\UPC-CICLO-VI\Mobile Apps\GeoQuiz\.gradle\7.3.3\executionHistory)" [_thread_blocked, id=23756, stack(0x000000b099400000,0x000000b099500000)]

Other Threads:
  0x000002a6bad81000 VMThread "VM Thread" [stack: 0x000000b093c00000,0x000000b093d00000] [id=8528]
  0x000002a6bb876800 WatcherThread [stack: 0x000000b094600000,0x000000b094700000] [id=9064]
  0x000002a6a11aa000 GCTaskThread "GC Thread#0" [stack: 0x000000b093700000,0x000000b093800000] [id=20548]
  0x000002a6bb928000 GCTaskThread "GC Thread#1" [stack: 0x000000b094800000,0x000000b094900000] [id=15392]
  0x000002a6bc0aa800 GCTaskThread "GC Thread#2" [stack: 0x000000b094900000,0x000000b094a00000] [id=13448]
  0x000002a6bd6ba800 GCTaskThread "GC Thread#3" [stack: 0x000000b095300000,0x000000b095400000] [id=9868]
  0x000002a6a11d9800 ConcurrentGCThread "G1 Main Marker" [stack: 0x000000b093800000,0x000000b093900000] [id=16156]
  0x000002a6a11db000 ConcurrentGCThread "G1 Conc#0" [stack: 0x000000b093900000,0x000000b093a00000] [id=18572]
  0x000002a6a126d000 ConcurrentGCThread "G1 Refine#0" [stack: 0x000000b093a00000,0x000000b093b00000] [id=7460]
  0x000002a6a126e000 ConcurrentGCThread "G1 Young RemSet Sampling" [stack: 0x000000b093b00000,0x000000b093c00000] [id=15440]

Threads with active compile tasks:
C2 CompilerThread0  52960 9367       4       java.lang.reflect.Method::invoke (65 bytes)

VM state:not at safepoint (normal execution)

VM Mutex/Monitor currently owned by a thread: None

Heap address: 0x0000000080000000, size: 2048 MB, Compressed Oops mode: 32-bit
Narrow klass base: 0x0000000000000000, Narrow klass shift: 3
Compressed class space size: 1073741824 Address: 0x0000000100000000

Heap:
 garbage-first heap   total 155648K, used 91806K [0x0000000080000000, 0x0000000100000000)
  region size 1024K, 27 young (27648K), 8 survivors (8192K)
 Metaspace       used 85053K, capacity 87112K, committed 87340K, reserved 1124352K
  class space    used 11110K, capacity 11899K, committed 11904K, reserved 1048576K
Heap Regions: E=young(eden), S=young(survivor), O=old, HS=humongous(starts), HC=humongous(continues), CS=collection set, F=free, A=archive, TAMS=top-at-mark-start (previous, next)
|   0|0x0000000080000000, 0x0000000080100000, 0x0000000080100000|100%| O|  |TAMS 0x0000000080100000, 0x0000000080000000| Untracked 
|   1|0x0000000080100000, 0x0000000080200000, 0x0000000080200000|100%| O|  |TAMS 0x0000000080200000, 0x0000000080100000| Untracked 
|   2|0x0000000080200000, 0x0000000080300000, 0x0000000080300000|100%| O|  |TAMS 0x0000000080300000, 0x0000000080200000| Untracked 
|   3|0x0000000080300000, 0x0000000080400000, 0x0000000080400000|100%|HS|  |TAMS 0x0000000080400000, 0x0000000080300000| Complete 
|   4|0x0000000080400000, 0x0000000080500000, 0x0000000080500000|100%|HC|  |TAMS 0x0000000080500000, 0x0000000080400000| Complete 
|   5|0x0000000080500000, 0x0000000080600000, 0x0000000080600000|100%|HC|  |TAMS 0x0000000080600000, 0x0000000080500000| Complete 
|   6|0x0000000080600000, 0x0000000080700000, 0x0000000080700000|100%| O|  |TAMS 0x0000000080700000, 0x0000000080600000| Untracked 
|   7|0x0000000080700000, 0x0000000080800000, 0x0000000080800000|100%| O|  |TAMS 0x0000000080800000, 0x0000000080700000| Untracked 
|   8|0x0000000080800000, 0x0000000080900000, 0x0000000080900000|100%| O|  |TAMS 0x0000000080900000, 0x0000000080800000| Untracked 
|   9|0x0000000080900000, 0x0000000080a00000, 0x0000000080a00000|100%| O|  |TAMS 0x0000000080a00000, 0x0000000080900000| Untracked 
|  10|0x0000000080a00000, 0x0000000080b00000, 0x0000000080b00000|100%| O|  |TAMS 0x0000000080b00000, 0x0000000080a00000| Untracked 
|  11|0x0000000080b00000, 0x0000000080c00000, 0x0000000080c00000|100%| O|  |TAMS 0x0000000080c00000, 0x0000000080b00000| Untracked 
|  12|0x0000000080c00000, 0x0000000080d00000, 0x0000000080d00000|100%| O|  |TAMS 0x0000000080d00000, 0x0000000080c00000| Untracked 
|  13|0x0000000080d00000, 0x0000000080e00000, 0x0000000080e00000|100%| O|  |TAMS 0x0000000080e00000, 0x0000000080d00000| Untracked 
|  14|0x0000000080e00000, 0x0000000080f00000, 0x0000000080f00000|100%| O|  |TAMS 0x0000000080f00000, 0x0000000080e00000| Untracked 
|  15|0x0000000080f00000, 0x0000000081000000, 0x0000000081000000|100%| O|  |TAMS 0x0000000081000000, 0x0000000080f00000| Untracked 
|  16|0x0000000081000000, 0x0000000081100000, 0x0000000081100000|100%| O|  |TAMS 0x0000000081100000, 0x0000000081000000| Untracked 
|  17|0x0000000081100000, 0x0000000081200000, 0x0000000081200000|100%| O|  |TAMS 0x0000000081200000, 0x0000000081100000| Untracked 
|  18|0x0000000081200000, 0x0000000081300000, 0x0000000081300000|100%| O|  |TAMS 0x0000000081300000, 0x0000000081200000| Untracked 
|  19|0x0000000081300000, 0x0000000081400000, 0x0000000081400000|100%| O|  |TAMS 0x0000000081400000, 0x0000000081300000| Untracked 
|  20|0x0000000081400000, 0x0000000081500000, 0x0000000081500000|100%| O|  |TAMS 0x0000000081500000, 0x0000000081400000| Untracked 
|  21|0x0000000081500000, 0x0000000081600000, 0x0000000081600000|100%| O|  |TAMS 0x0000000081600000, 0x0000000081500000| Untracked 
|  22|0x0000000081600000, 0x0000000081700000, 0x0000000081700000|100%| O|  |TAMS 0x0000000081700000, 0x0000000081600000| Untracked 
|  23|0x0000000081700000, 0x0000000081800000, 0x0000000081800000|100%| O|  |TAMS 0x0000000081800000, 0x0000000081700000| Untracked 
|  24|0x0000000081800000, 0x0000000081900000, 0x0000000081900000|100%| O|  |TAMS 0x0000000081900000, 0x0000000081800000| Untracked 
|  25|0x0000000081900000, 0x0000000081a00000, 0x0000000081a00000|100%| O|  |TAMS 0x0000000081a00000, 0x0000000081900000| Untracked 
|  26|0x0000000081a00000, 0x0000000081b00000, 0x0000000081b00000|100%| O|  |TAMS 0x0000000081b00000, 0x0000000081a00000| Untracked 
|  27|0x0000000081b00000, 0x0000000081c00000, 0x0000000081c00000|100%|HS|  |TAMS 0x0000000081c00000, 0x0000000081b00000| Complete 
|  28|0x0000000081c00000, 0x0000000081d00000, 0x0000000081d00000|100%|HS|  |TAMS 0x0000000081d00000, 0x0000000081c00000| Complete 
|  29|0x0000000081d00000, 0x0000000081e00000, 0x0000000081e00000|100%|HS|  |TAMS 0x0000000081e00000, 0x0000000081d00000| Complete 
|  30|0x0000000081e00000, 0x0000000081f00000, 0x0000000081f00000|100%|HS|  |TAMS 0x0000000081f00000, 0x0000000081e00000| Complete 
|  31|0x0000000081f00000, 0x0000000082000000, 0x0000000082000000|100%|HC|  |TAMS 0x0000000082000000, 0x0000000081f00000| Complete 
|  32|0x0000000082000000, 0x0000000082100000, 0x0000000082100000|100%|HC|  |TAMS 0x0000000082100000, 0x0000000082000000| Complete 
|  33|0x0000000082100000, 0x0000000082200000, 0x0000000082200000|100%|HS|  |TAMS 0x0000000082200000, 0x0000000082100000| Complete 
|  34|0x0000000082200000, 0x0000000082300000, 0x0000000082300000|100%|HC|  |TAMS 0x0000000082300000, 0x0000000082200000| Complete 
|  35|0x0000000082300000, 0x0000000082400000, 0x0000000082400000|100%| O|  |TAMS 0x0000000082400000, 0x0000000082300000| Untracked 
|  36|0x0000000082400000, 0x0000000082500000, 0x0000000082500000|100%| O|  |TAMS 0x0000000082500000, 0x0000000082400000| Untracked 
|  37|0x0000000082500000, 0x0000000082600000, 0x0000000082600000|100%| O|  |TAMS 0x0000000082600000, 0x0000000082500000| Untracked 
|  38|0x0000000082600000, 0x0000000082700000, 0x0000000082700000|100%| O|  |TAMS 0x0000000082700000, 0x0000000082600000| Untracked 
|  39|0x0000000082700000, 0x0000000082800000, 0x0000000082800000|100%| O|  |TAMS 0x0000000082800000, 0x0000000082700000| Untracked 
|  40|0x0000000082800000, 0x0000000082900000, 0x0000000082900000|100%| O|  |TAMS 0x0000000082900000, 0x0000000082800000| Untracked 
|  41|0x0000000082900000, 0x0000000082a00000, 0x0000000082a00000|100%| O|  |TAMS 0x0000000082a00000, 0x0000000082900000| Untracked 
|  42|0x0000000082a00000, 0x0000000082b00000, 0x0000000082b00000|100%| O|  |TAMS 0x0000000082b00000, 0x0000000082a00000| Untracked 
|  43|0x0000000082b00000, 0x0000000082c00000, 0x0000000082c00000|100%| O|  |TAMS 0x0000000082c00000, 0x0000000082b00000| Untracked 
|  44|0x0000000082c00000, 0x0000000082d00000, 0x0000000082d00000|100%| O|  |TAMS 0x0000000082d00000, 0x0000000082c00000| Untracked 
|  45|0x0000000082d00000, 0x0000000082e00000, 0x0000000082e00000|100%| O|  |TAMS 0x0000000082e00000, 0x0000000082d00000| Untracked 
|  46|0x0000000082e00000, 0x0000000082f00000, 0x0000000082f00000|100%| O|  |TAMS 0x0000000082f00000, 0x0000000082e00000| Untracked 
|  47|0x0000000082f00000, 0x0000000083000000, 0x0000000083000000|100%| O|  |TAMS 0x0000000083000000, 0x0000000082f00000| Untracked 
|  48|0x0000000083000000, 0x0000000083100000, 0x0000000083100000|100%| O|  |TAMS 0x0000000083100000, 0x0000000083000000| Untracked 
|  49|0x0000000083100000, 0x0000000083200000, 0x0000000083200000|100%| O|  |TAMS 0x0000000083100000, 0x0000000083100000| Untracked 
|  50|0x0000000083200000, 0x0000000083300000, 0x0000000083300000|100%| O|  |TAMS 0x0000000083200000, 0x0000000083200000| Untracked 
|  51|0x0000000083300000, 0x0000000083400000, 0x0000000083400000|100%| O|  |TAMS 0x0000000083300000, 0x0000000083300000| Untracked 
|  52|0x0000000083400000, 0x0000000083500000, 0x0000000083500000|100%| O|  |TAMS 0x0000000083400000, 0x0000000083400000| Untracked 
|  53|0x0000000083500000, 0x0000000083600000, 0x0000000083600000|100%| O|  |TAMS 0x0000000083500000, 0x0000000083500000| Untracked 
|  54|0x0000000083600000, 0x0000000083700000, 0x0000000083700000|100%| O|  |TAMS 0x0000000083600000, 0x0000000083600000| Untracked 
|  55|0x0000000083700000, 0x0000000083800000, 0x0000000083800000|100%| O|  |TAMS 0x0000000083700000, 0x0000000083700000| Untracked 
|  56|0x0000000083800000, 0x0000000083900000, 0x0000000083900000|100%| O|  |TAMS 0x0000000083800000, 0x0000000083800000| Untracked 
|  57|0x0000000083900000, 0x0000000083a00000, 0x0000000083a00000|100%| O|  |TAMS 0x0000000083900000, 0x0000000083900000| Untracked 
|  58|0x0000000083a00000, 0x0000000083b00000, 0x0000000083b00000|100%| O|  |TAMS 0x0000000083a00000, 0x0000000083a00000| Untracked 
|  59|0x0000000083b00000, 0x0000000083c00000, 0x0000000083c00000|100%| O|  |TAMS 0x0000000083b00000, 0x0000000083b00000| Untracked 
|  60|0x0000000083c00000, 0x0000000083d00000, 0x0000000083d00000|100%| O|  |TAMS 0x0000000083c00000, 0x0000000083c00000| Untracked 
|  61|0x0000000083d00000, 0x0000000083e00000, 0x0000000083e00000|100%| O|  |TAMS 0x0000000083d00000, 0x0000000083d00000| Untracked 
|  62|0x0000000083e00000, 0x0000000083f00000, 0x0000000083f00000|100%| O|  |TAMS 0x0000000083e00000, 0x0000000083e00000| Untracked 
|  63|0x0000000083f00000, 0x0000000084000000, 0x0000000084000000|100%| O|  |TAMS 0x0000000083f00000, 0x0000000083f00000| Untracked 
|  64|0x0000000084000000, 0x0000000084100000, 0x0000000084100000|100%| O|  |TAMS 0x0000000084000000, 0x0000000084000000| Untracked 
|  65|0x0000000084100000, 0x0000000084154a00, 0x0000000084200000| 33%| O|  |TAMS 0x0000000084100000, 0x0000000084100000| Untracked 
|  66|0x0000000084200000, 0x0000000084200000, 0x0000000084300000|  0%| F|  |TAMS 0x0000000084200000, 0x0000000084200000| Untracked 
|  67|0x0000000084300000, 0x0000000084300000, 0x0000000084400000|  0%| F|  |TAMS 0x0000000084300000, 0x0000000084300000| Untracked 
|  68|0x0000000084400000, 0x0000000084400000, 0x0000000084500000|  0%| F|  |TAMS 0x0000000084400000, 0x0000000084400000| Untracked 
|  69|0x0000000084500000, 0x0000000084500000, 0x0000000084600000|  0%| F|  |TAMS 0x0000000084500000, 0x0000000084500000| Untracked 
|  70|0x0000000084600000, 0x0000000084600000, 0x0000000084700000|  0%| F|  |TAMS 0x0000000084600000, 0x0000000084600000| Untracked 
|  71|0x0000000084700000, 0x0000000084700000, 0x0000000084800000|  0%| F|  |TAMS 0x0000000084700000, 0x0000000084700000| Untracked 
|  72|0x0000000084800000, 0x0000000084800000, 0x0000000084900000|  0%| F|  |TAMS 0x0000000084800000, 0x0000000084800000| Untracked 
|  73|0x0000000084900000, 0x0000000084900000, 0x0000000084a00000|  0%| F|  |TAMS 0x0000000084900000, 0x0000000084900000| Untracked 
|  74|0x0000000084a00000, 0x0000000084a00000, 0x0000000084b00000|  0%| F|  |TAMS 0x0000000084a00000, 0x0000000084a00000| Untracked 
|  75|0x0000000084b00000, 0x0000000084b00000, 0x0000000084c00000|  0%| F|  |TAMS 0x0000000084b00000, 0x0000000084b00000| Untracked 
|  76|0x0000000084c00000, 0x0000000084c00000, 0x0000000084d00000|  0%| F|  |TAMS 0x0000000084c00000, 0x0000000084c00000| Untracked 
|  77|0x0000000084d00000, 0x0000000084d00000, 0x0000000084e00000|  0%| F|  |TAMS 0x0000000084d00000, 0x0000000084d00000| Untracked 
|  78|0x0000000084e00000, 0x0000000084e00000, 0x0000000084f00000|  0%| F|  |TAMS 0x0000000084e00000, 0x0000000084e00000| Untracked 
|  79|0x0000000084f00000, 0x0000000084f00000, 0x0000000085000000|  0%| F|  |TAMS 0x0000000084f00000, 0x0000000084f00000| Untracked 
|  80|0x0000000085000000, 0x0000000085000000, 0x0000000085100000|  0%| F|  |TAMS 0x0000000085000000, 0x0000000085000000| Untracked 
|  81|0x0000000085100000, 0x0000000085100000, 0x0000000085200000|  0%| F|  |TAMS 0x0000000085100000, 0x0000000085100000| Untracked 
|  82|0x0000000085200000, 0x0000000085200000, 0x0000000085300000|  0%| F|  |TAMS 0x0000000085200000, 0x0000000085200000| Untracked 
|  83|0x0000000085300000, 0x0000000085300000, 0x0000000085400000|  0%| F|  |TAMS 0x0000000085300000, 0x0000000085300000| Untracked 
|  84|0x0000000085400000, 0x0000000085400000, 0x0000000085500000|  0%| F|  |TAMS 0x0000000085400000, 0x0000000085400000| Untracked 
|  85|0x0000000085500000, 0x0000000085500000, 0x0000000085600000|  0%| F|  |TAMS 0x0000000085500000, 0x0000000085500000| Untracked 
|  86|0x0000000085600000, 0x0000000085653118, 0x0000000085700000| 32%| S|CS|TAMS 0x0000000085600000, 0x0000000085600000| Complete 
|  87|0x0000000085700000, 0x0000000085800000, 0x0000000085800000|100%| S|CS|TAMS 0x0000000085700000, 0x0000000085700000| Complete 
|  88|0x0000000085800000, 0x0000000085900000, 0x0000000085900000|100%| S|CS|TAMS 0x0000000085800000, 0x0000000085800000| Complete 
|  89|0x0000000085900000, 0x0000000085a00000, 0x0000000085a00000|100%| S|CS|TAMS 0x0000000085900000, 0x0000000085900000| Complete 
|  90|0x0000000085a00000, 0x0000000085b00000, 0x0000000085b00000|100%| S|CS|TAMS 0x0000000085a00000, 0x0000000085a00000| Complete 
|  91|0x0000000085b00000, 0x0000000085b00000, 0x0000000085c00000|  0%| F|  |TAMS 0x0000000085b00000, 0x0000000085b00000| Untracked 
|  92|0x0000000085c00000, 0x0000000085c00000, 0x0000000085d00000|  0%| F|  |TAMS 0x0000000085c00000, 0x0000000085c00000| Untracked 
|  93|0x0000000085d00000, 0x0000000085d00000, 0x0000000085e00000|  0%| F|  |TAMS 0x0000000085d00000, 0x0000000085d00000| Untracked 
|  94|0x0000000085e00000, 0x0000000085e00000, 0x0000000085f00000|  0%| F|  |TAMS 0x0000000085e00000, 0x0000000085e00000| Untracked 
|  95|0x0000000085f00000, 0x0000000085f00000, 0x0000000086000000|  0%| F|  |TAMS 0x0000000085f00000, 0x0000000085f00000| Untracked 
|  96|0x0000000086000000, 0x0000000086100000, 0x0000000086100000|100%| S|CS|TAMS 0x0000000086000000, 0x0000000086000000| Complete 
|  97|0x0000000086100000, 0x0000000086200000, 0x0000000086200000|100%| S|CS|TAMS 0x0000000086100000, 0x0000000086100000| Complete 
|  98|0x0000000086200000, 0x0000000086200000, 0x0000000086300000|  0%| F|  |TAMS 0x0000000086200000, 0x0000000086200000| Untracked 
|  99|0x0000000086300000, 0x0000000086300000, 0x0000000086400000|  0%| F|  |TAMS 0x0000000086300000, 0x0000000086300000| Untracked 
| 100|0x0000000086400000, 0x0000000086500000, 0x0000000086500000|100%| S|CS|TAMS 0x0000000086400000, 0x0000000086400000| Complete 
| 101|0x0000000086500000, 0x0000000086500000, 0x0000000086600000|  0%| F|  |TAMS 0x0000000086500000, 0x0000000086500000| Untracked 
| 102|0x0000000086600000, 0x0000000086600000, 0x0000000086700000|  0%| F|  |TAMS 0x0000000086600000, 0x0000000086600000| Untracked 
| 103|0x0000000086700000, 0x0000000086700000, 0x0000000086800000|  0%| F|  |TAMS 0x0000000086700000, 0x0000000086700000| Untracked 
| 104|0x0000000086800000, 0x0000000086800000, 0x0000000086900000|  0%| F|  |TAMS 0x0000000086800000, 0x0000000086800000| Untracked 
| 105|0x0000000086900000, 0x0000000086900000, 0x0000000086a00000|  0%| F|  |TAMS 0x0000000086900000, 0x0000000086900000| Untracked 
| 106|0x0000000086a00000, 0x0000000086a00000, 0x0000000086b00000|  0%| F|  |TAMS 0x0000000086a00000, 0x0000000086a00000| Untracked 
| 107|0x0000000086b00000, 0x0000000086b00000, 0x0000000086c00000|  0%| F|  |TAMS 0x0000000086b00000, 0x0000000086b00000| Untracked 
| 108|0x0000000086c00000, 0x0000000086c00000, 0x0000000086d00000|  0%| F|  |TAMS 0x0000000086c00000, 0x0000000086c00000| Untracked 
| 109|0x0000000086d00000, 0x0000000086d00000, 0x0000000086e00000|  0%| F|  |TAMS 0x0000000086d00000, 0x0000000086d00000| Untracked 
| 110|0x0000000086e00000, 0x0000000086e00000, 0x0000000086f00000|  0%| F|  |TAMS 0x0000000086e00000, 0x0000000086e00000| Untracked 
| 111|0x0000000086f00000, 0x0000000086f00000, 0x0000000087000000|  0%| F|  |TAMS 0x0000000086f00000, 0x0000000086f00000| Untracked 
| 112|0x0000000087000000, 0x0000000087000000, 0x0000000087100000|  0%| F|  |TAMS 0x0000000087000000, 0x0000000087000000| Untracked 
| 113|0x0000000087100000, 0x0000000087100000, 0x0000000087200000|  0%| F|  |TAMS 0x0000000087100000, 0x0000000087100000| Untracked 
| 114|0x0000000087200000, 0x0000000087200000, 0x0000000087300000|  0%| F|  |TAMS 0x0000000087200000, 0x0000000087200000| Untracked 
| 115|0x0000000087300000, 0x0000000087300000, 0x0000000087400000|  0%| F|  |TAMS 0x0000000087300000, 0x0000000087300000| Untracked 
| 116|0x0000000087400000, 0x0000000087400000, 0x0000000087500000|  0%| F|  |TAMS 0x0000000087400000, 0x0000000087400000| Untracked 
| 117|0x0000000087500000, 0x0000000087500000, 0x0000000087600000|  0%| F|  |TAMS 0x0000000087500000, 0x0000000087500000| Untracked 
| 118|0x0000000087600000, 0x0000000087600000, 0x0000000087700000|  0%| F|  |TAMS 0x0000000087600000, 0x0000000087600000| Untracked 
| 119|0x0000000087700000, 0x0000000087700000, 0x0000000087800000|  0%| F|  |TAMS 0x0000000087700000, 0x0000000087700000| Untracked 
| 120|0x0000000087800000, 0x0000000087800000, 0x0000000087900000|  0%| F|  |TAMS 0x0000000087800000, 0x0000000087800000| Untracked 
| 121|0x0000000087900000, 0x0000000087900000, 0x0000000087a00000|  0%| F|  |TAMS 0x0000000087900000, 0x0000000087900000| Untracked 
| 122|0x0000000087a00000, 0x0000000087a00000, 0x0000000087b00000|  0%| F|  |TAMS 0x0000000087a00000, 0x0000000087a00000| Untracked 
| 123|0x0000000087b00000, 0x0000000087b00000, 0x0000000087c00000|  0%| F|  |TAMS 0x0000000087b00000, 0x0000000087b00000| Untracked 
| 124|0x0000000087c00000, 0x0000000087c00000, 0x0000000087d00000|  0%| F|  |TAMS 0x0000000087c00000, 0x0000000087c00000| Untracked 
| 125|0x0000000087d00000, 0x0000000087d00000, 0x0000000087e00000|  0%| F|  |TAMS 0x0000000087d00000, 0x0000000087d00000| Untracked 
| 126|0x0000000087e00000, 0x0000000087e00000, 0x0000000087f00000|  0%| F|  |TAMS 0x0000000087e00000, 0x0000000087e00000| Untracked 
| 127|0x0000000087f00000, 0x0000000087f00000, 0x0000000088000000|  0%| F|  |TAMS 0x0000000087f00000, 0x0000000087f00000| Untracked 
| 128|0x0000000088000000, 0x0000000088000000, 0x0000000088100000|  0%| F|  |TAMS 0x0000000088000000, 0x0000000088000000| Untracked 
| 129|0x0000000088100000, 0x0000000088100000, 0x0000000088200000|  0%| F|  |TAMS 0x0000000088100000, 0x0000000088100000| Untracked 
| 130|0x0000000088200000, 0x0000000088200000, 0x0000000088300000|  0%| F|  |TAMS 0x0000000088200000, 0x0000000088200000| Untracked 
| 131|0x0000000088300000, 0x0000000088300000, 0x0000000088400000|  0%| F|  |TAMS 0x0000000088300000, 0x0000000088300000| Untracked 
| 132|0x0000000088400000, 0x0000000088400000, 0x0000000088500000|  0%| F|  |TAMS 0x0000000088400000, 0x0000000088400000| Untracked 
| 133|0x0000000088500000, 0x0000000088592760, 0x0000000088600000| 57%| E|  |TAMS 0x0000000088500000, 0x0000000088500000| Complete 
| 134|0x0000000088600000, 0x0000000088700000, 0x0000000088700000|100%| E|CS|TAMS 0x0000000088600000, 0x0000000088600000| Complete 
| 135|0x0000000088700000, 0x0000000088800000, 0x0000000088800000|100%| E|CS|TAMS 0x0000000088700000, 0x0000000088700000| Complete 
| 136|0x0000000088800000, 0x0000000088900000, 0x0000000088900000|100%| E|  |TAMS 0x0000000088800000, 0x0000000088800000| Complete 
| 137|0x0000000088900000, 0x0000000088a00000, 0x0000000088a00000|100%| E|CS|TAMS 0x0000000088900000, 0x0000000088900000| Complete 
| 138|0x0000000088a00000, 0x0000000088b00000, 0x0000000088b00000|100%| E|CS|TAMS 0x0000000088a00000, 0x0000000088a00000| Complete 
| 139|0x0000000088b00000, 0x0000000088c00000, 0x0000000088c00000|100%| E|CS|TAMS 0x0000000088b00000, 0x0000000088b00000| Complete 
| 140|0x0000000088c00000, 0x0000000088d00000, 0x0000000088d00000|100%| E|CS|TAMS 0x0000000088c00000, 0x0000000088c00000| Complete 
| 141|0x0000000088d00000, 0x0000000088e00000, 0x0000000088e00000|100%| E|CS|TAMS 0x0000000088d00000, 0x0000000088d00000| Complete 
| 142|0x0000000088e00000, 0x0000000088f00000, 0x0000000088f00000|100%| E|CS|TAMS 0x0000000088e00000, 0x0000000088e00000| Complete 
| 143|0x0000000088f00000, 0x0000000089000000, 0x0000000089000000|100%| E|CS|TAMS 0x0000000088f00000, 0x0000000088f00000| Complete 
| 144|0x0000000089000000, 0x0000000089100000, 0x0000000089100000|100%| E|CS|TAMS 0x0000000089000000, 0x0000000089000000| Complete 
| 145|0x0000000089100000, 0x0000000089200000, 0x0000000089200000|100%| E|CS|TAMS 0x0000000089100000, 0x0000000089100000| Complete 
| 146|0x0000000089200000, 0x0000000089300000, 0x0000000089300000|100%| E|CS|TAMS 0x0000000089200000, 0x0000000089200000| Complete 
| 147|0x0000000089300000, 0x0000000089400000, 0x0000000089400000|100%| E|CS|TAMS 0x0000000089300000, 0x0000000089300000| Complete 
| 148|0x0000000089400000, 0x0000000089500000, 0x0000000089500000|100%| E|CS|TAMS 0x0000000089400000, 0x0000000089400000| Complete 
| 149|0x0000000089500000, 0x0000000089600000, 0x0000000089600000|100%| E|CS|TAMS 0x0000000089500000, 0x0000000089500000| Complete 
| 150|0x0000000089600000, 0x0000000089700000, 0x0000000089700000|100%| E|CS|TAMS 0x0000000089600000, 0x0000000089600000| Complete 
| 151|0x0000000089700000, 0x0000000089800000, 0x0000000089800000|100%| E|CS|TAMS 0x0000000089700000, 0x0000000089700000| Complete 

Card table byte_map: [0x000002a6b40a0000,0x000002a6b44a0000] _byte_map_base: 0x000002a6b3ca0000

Marking Bits (Prev, Next): (CMBitMap*) 0x000002a6a11d0ed8, (CMBitMap*) 0x000002a6a11d0f10
 Prev Bits: [0x000002a6b48a0000, 0x000002a6b68a0000)
 Next Bits: [0x000002a6b68a0000, 0x000002a6b88a0000)

Polling page: 0x000002a69f050000

Metaspace:

Usage:
  Non-class:     73.45 MB capacity,    72.21 MB ( 98%) used,     1.01 MB (  1%) free+waste,   232.88 KB ( <1%) overhead. 
      Class:     11.62 MB capacity,    10.85 MB ( 93%) used,   681.91 KB (  6%) free+waste,   106.38 KB ( <1%) overhead. 
       Both:     85.07 MB capacity,    83.06 MB ( 98%) used,     1.68 MB (  2%) free+waste,   339.25 KB ( <1%) overhead. 

Virtual space:
  Non-class space:       74.00 MB reserved,      73.67 MB (>99%) committed 
      Class space:        1.00 GB reserved,      11.63 MB (  1%) committed 
             Both:        1.07 GB reserved,      85.29 MB (  8%) committed 

Chunk freelists:
   Non-Class:  31.00 KB
       Class:  5.00 KB
        Both:  36.00 KB

MaxMetaspaceSize: 17179869184.00 GB
CompressedClassSpaceSize: 1.00 GB
Initial GC threshold: 20.80 MB
Current GC threshold: 107.99 MB
CDS: off

CodeHeap 'non-profiled nmethods': size=120064Kb used=5208Kb max_used=5208Kb free=114855Kb
 bounds [0x000002a6ac760000, 0x000002a6acc80000, 0x000002a6b3ca0000]
CodeHeap 'profiled nmethods': size=120000Kb used=20272Kb max_used=20272Kb free=99728Kb
 bounds [0x000002a6a5230000, 0x000002a6a6600000, 0x000002a6ac760000]
CodeHeap 'non-nmethods': size=5696Kb used=2367Kb max_used=2417Kb free=3329Kb
 bounds [0x000002a6a4ca0000, 0x000002a6a4f10000, 0x000002a6a5230000]
 total_blobs=10182 nmethods=9303 adapters=791
 compilation: enabled
              stopped_count=0, restarted_count=0
 full_count=0

Compilation events (20 events):
Event: 52.342 Thread 0x000002a6badb4800 9375       3       org.gradle.api.internal.tasks.properties.AbstractPropertySpec::compareTo (14 bytes)
Event: 52.343 Thread 0x000002a6badb4800 nmethod 9375 0x000002a6a65f4810 code [0x000002a6a65f49e0, 0x000002a6a65f4ca8]
Event: 52.343 Thread 0x000002a6badb4800 9373       3       org.gradle.api.internal.tasks.properties.annotations.InputFilesPropertyAnnotationHandler::getFilePropertyType (4 bytes)
Event: 52.343 Thread 0x000002a6badb4800 nmethod 9373 0x000002a6a65f4e10 code [0x000002a6a65f4fc0, 0x000002a6a65f50d8]
Event: 52.343 Thread 0x000002a6badb4800 9376       1       org.gradle.execution.plan.Node::getDependencySuccessors (5 bytes)
Event: 52.343 Thread 0x000002a6badb4800 nmethod 9376 0x000002a6acc75910 code [0x000002a6acc75ac0, 0x000002a6acc75b78]
Event: 52.346 Thread 0x000002a6badb4800 9380       1       org.gradle.internal.logging.events.ProgressStartEvent::getProgressOperationId (5 bytes)
Event: 52.346 Thread 0x000002a6badb4800 nmethod 9380 0x000002a6acc75c10 code [0x000002a6acc75dc0, 0x000002a6acc75e78]
Event: 52.347 Thread 0x000002a6badb4800 9381       3       org.gradle.internal.snapshot.impl.KnownImplementationSnapshot::<init> (11 bytes)
Event: 52.348 Thread 0x000002a6badb4800 nmethod 9381 0x000002a6a65f5190 code [0x000002a6a65f5360, 0x000002a6a65f55d8]
Event: 52.348 Thread 0x000002a6badb4800 9382       3       org.gradle.internal.snapshot.impl.ImplementationSnapshot::<init> (10 bytes)
Event: 52.348 Thread 0x000002a6badb4800 nmethod 9382 0x000002a6a65f5710 code [0x000002a6a65f58c0, 0x000002a6a65f5a78]
Event: 52.351 Thread 0x000002a6badb4800 9383       3       org.gradle.internal.execution.history.impl.FingerprintMapSerializer::read (68 bytes)
Event: 52.352 Thread 0x000002a6badb4800 nmethod 9383 0x000002a6a65f5b10 code [0x000002a6a65f5dc0, 0x000002a6a65f6bd8]
Event: 52.368 Thread 0x000002a6badb4800 9384   !   3       java.nio.file.Files::walkFileTree (294 bytes)
Event: 52.371 Thread 0x000002a6badb4800 nmethod 9384 0x000002a6a65f7090 code [0x000002a6a65f74a0, 0x000002a6a65f9068]
Event: 52.375 Thread 0x000002a6badb4800 9385       3       org.gradle.internal.file.FileHierarchySet$Node::isChildOfOrThis (110 bytes)
Event: 52.378 Thread 0x000002a6badb4800 nmethod 9385 0x000002a6a65f9e90 code [0x000002a6a65fa1c0, 0x000002a6a65fb738]
Event: 52.386 Thread 0x000002a6badb4800 9386       1       org.gradle.api.internal.tasks.properties.AbstractFilePropertySpec::getPropertyFiles (5 bytes)
Event: 52.386 Thread 0x000002a6badb4800 nmethod 9386 0x000002a6acc75f10 code [0x000002a6acc760c0, 0x000002a6acc76178]

GC Heap History (20 events):
Event: 16.136 GC heap before
{Heap before GC invocations=11 (full 0):
 garbage-first heap   total 129024K, used 83415K [0x0000000080000000, 0x0000000100000000)
  region size 1024K, 61 young (62464K), 8 survivors (8192K)
 Metaspace       used 44334K, capacity 45369K, committed 45568K, reserved 1089536K
  class space    used 5678K, capacity 6057K, committed 6144K, reserved 1048576K
}
Event: 16.155 GC heap after
{Heap after GC invocations=12 (full 0):
 garbage-first heap   total 129024K, used 30527K [0x0000000080000000, 0x0000000100000000)
  region size 1024K, 7 young (7168K), 7 survivors (7168K)
 Metaspace       used 44334K, capacity 45369K, committed 45568K, reserved 1089536K
  class space    used 5678K, capacity 6057K, committed 6144K, reserved 1048576K
}
Event: 18.313 GC heap before
{Heap before GC invocations=12 (full 0):
 garbage-first heap   total 129024K, used 86847K [0x0000000080000000, 0x0000000100000000)
  region size 1024K, 62 young (63488K), 7 survivors (7168K)
 Metaspace       used 48088K, capacity 49287K, committed 49408K, reserved 1091584K
  class space    used 6174K, capacity 6639K, committed 6656K, reserved 1048576K
}
Event: 18.328 GC heap after
{Heap after GC invocations=13 (full 0):
 garbage-first heap   total 155648K, used 32583K [0x0000000080000000, 0x0000000100000000)
  region size 1024K, 5 young (5120K), 5 survivors (5120K)
 Metaspace       used 48088K, capacity 49287K, committed 49408K, reserved 1091584K
  class space    used 6174K, capacity 6639K, committed 6656K, reserved 1048576K
}
Event: 21.648 GC heap before
{Heap before GC invocations=13 (full 0):
 garbage-first heap   total 155648K, used 105287K [0x0000000080000000, 0x0000000100000000)
  region size 1024K, 69 young (70656K), 5 survivors (5120K)
 Metaspace       used 52547K, capacity 53775K, committed 54016K, reserved 1095680K
  class space    used 6701K, capacity 7152K, committed 7168K, reserved 1048576K
}
Event: 21.663 GC heap after
{Heap after GC invocations=14 (full 0):
 garbage-first heap   total 155648K, used 49980K [0x0000000080000000, 0x0000000100000000)
  region size 1024K, 9 young (9216K), 9 survivors (9216K)
 Metaspace       used 52547K, capacity 53775K, committed 54016K, reserved 1095680K
  class space    used 6701K, capacity 7152K, committed 7168K, reserved 1048576K
}
Event: 23.933 GC heap before
{Heap before GC invocations=14 (full 0):
 garbage-first heap   total 155648K, used 90940K [0x0000000080000000, 0x0000000100000000)
  region size 1024K, 50 young (51200K), 9 survivors (9216K)
 Metaspace       used 58411K, capacity 59795K, committed 59948K, reserved 1101824K
  class space    used 7433K, capacity 7984K, committed 8064K, reserved 1048576K
}
Event: 23.959 GC heap after
{Heap after GC invocations=15 (full 0):
 garbage-first heap   total 155648K, used 52115K [0x0000000080000000, 0x0000000100000000)
  region size 1024K, 2 young (2048K), 2 survivors (2048K)
 Metaspace       used 58411K, capacity 59795K, committed 59948K, reserved 1101824K
  class space    used 7433K, capacity 7984K, committed 8064K, reserved 1048576K
}
Event: 25.903 GC heap before
{Heap before GC invocations=16 (full 0):
 garbage-first heap   total 155648K, used 106387K [0x0000000080000000, 0x0000000100000000)
  region size 1024K, 56 young (57344K), 2 survivors (2048K)
 Metaspace       used 64068K, capacity 65542K, committed 65708K, reserved 1105920K
  class space    used 8115K, capacity 8656K, committed 8704K, reserved 1048576K
}
Event: 25.914 GC heap after
{Heap after GC invocations=17 (full 0):
 garbage-first heap   total 155648K, used 56264K [0x0000000080000000, 0x0000000100000000)
  region size 1024K, 6 young (6144K), 6 survivors (6144K)
 Metaspace       used 64068K, capacity 65542K, committed 65708K, reserved 1105920K
  class space    used 8115K, capacity 8656K, committed 8704K, reserved 1048576K
}
Event: 27.401 GC heap before
{Heap before GC invocations=18 (full 0):
 garbage-first heap   total 155648K, used 112584K [0x0000000080000000, 0x0000000100000000)
  region size 1024K, 60 young (61440K), 6 survivors (6144K)
 Metaspace       used 67883K, capacity 69453K, committed 69548K, reserved 1110016K
  class space    used 8626K, capacity 9180K, committed 9216K, reserved 1048576K
}
Event: 27.416 GC heap after
{Heap after GC invocations=19 (full 0):
 garbage-first heap   total 155648K, used 59904K [0x0000000080000000, 0x0000000100000000)
  region size 1024K, 4 young (4096K), 4 survivors (4096K)
 Metaspace       used 67883K, capacity 69453K, committed 69548K, reserved 1110016K
  class space    used 8626K, capacity 9180K, committed 9216K, reserved 1048576K
}
Event: 29.104 GC heap before
{Heap before GC invocations=19 (full 0):
 garbage-first heap   total 155648K, used 114176K [0x0000000080000000, 0x0000000100000000)
  region size 1024K, 57 young (58368K), 4 survivors (4096K)
 Metaspace       used 71865K, capacity 73460K, committed 73644K, reserved 1114112K
  class space    used 9288K, capacity 9898K, committed 9984K, reserved 1048576K
}
Event: 29.115 GC heap after
{Heap after GC invocations=20 (full 0):
 garbage-first heap   total 155648K, used 63372K [0x0000000080000000, 0x0000000100000000)
  region size 1024K, 7 young (7168K), 7 survivors (7168K)
 Metaspace       used 71865K, capacity 73460K, committed 73644K, reserved 1114112K
  class space    used 9288K, capacity 9898K, committed 9984K, reserved 1048576K
}
Event: 31.652 GC heap before
{Heap before GC invocations=20 (full 0):
 garbage-first heap   total 155648K, used 117644K [0x0000000080000000, 0x0000000100000000)
  region size 1024K, 60 young (61440K), 7 survivors (7168K)
 Metaspace       used 76387K, capacity 78099K, committed 78380K, reserved 1118208K
  class space    used 9927K, capacity 10568K, committed 10624K, reserved 1048576K
}
Event: 31.669 GC heap after
{Heap after GC invocations=21 (full 0):
 garbage-first heap   total 155648K, used 67280K [0x0000000080000000, 0x0000000100000000)
  region size 1024K, 8 young (8192K), 8 survivors (8192K)
 Metaspace       used 76387K, capacity 78099K, committed 78380K, reserved 1118208K
  class space    used 9927K, capacity 10568K, committed 10624K, reserved 1048576K
}
Event: 44.562 GC heap before
{Heap before GC invocations=21 (full 0):
 garbage-first heap   total 155648K, used 120528K [0x0000000080000000, 0x0000000100000000)
  region size 1024K, 60 young (61440K), 8 survivors (8192K)
 Metaspace       used 82022K, capacity 83737K, committed 84012K, reserved 1122304K
  class space    used 10675K, capacity 11339K, committed 11392K, reserved 1048576K
}
Event: 44.580 GC heap after
{Heap after GC invocations=22 (full 0):
 garbage-first heap   total 155648K, used 70676K [0x0000000080000000, 0x0000000100000000)
  region size 1024K, 7 young (7168K), 7 survivors (7168K)
 Metaspace       used 82022K, capacity 83737K, committed 84012K, reserved 1122304K
  class space    used 10675K, capacity 11339K, committed 11392K, reserved 1048576K
}
Event: 51.154 GC heap before
{Heap before GC invocations=22 (full 0):
 garbage-first heap   total 155648K, used 122900K [0x0000000080000000, 0x0000000100000000)
  region size 1024K, 58 young (59392K), 7 survivors (7168K)
 Metaspace       used 84801K, capacity 86814K, committed 86828K, reserved 1124352K
  class space    used 11104K, capacity 11891K, committed 11904K, reserved 1048576K
}
Event: 51.172 GC heap after
{Heap after GC invocations=23 (full 0):
 garbage-first heap   total 155648K, used 74398K [0x0000000080000000, 0x0000000100000000)
  region size 1024K, 8 young (8192K), 8 survivors (8192K)
 Metaspace       used 84801K, capacity 86814K, committed 86828K, reserved 1124352K
  class space    used 11104K, capacity 11891K, committed 11904K, reserved 1048576K
}

Deoptimization events (20 events):
Event: 52.164 Thread 0x000002a6c111c000 DEOPT PACKING pc=0x000002a6acc6d04c sp=0x000000b0986fd9c0
Event: 52.164 Thread 0x000002a6c111c000 DEOPT UNPACKING pc=0x000002a6a4cea1af sp=0x000000b0986fd968 mode 2
Event: 52.171 Thread 0x000002a6be69a800 Uncommon trap: trap_request=0xffffffd6 fr.pc=0x000002a6acc6d04c relative=0x000000000000078c
Event: 52.171 Thread 0x000002a6be69a800 Uncommon trap: reason=array_check action=maybe_recompile pc=0x000002a6acc6d04c method=java.util.TimSort.binarySort([Ljava/lang/Object;IIILjava/util/Comparator;)V @ 193 c2
Event: 52.171 Thread 0x000002a6be69a800 DEOPT PACKING pc=0x000002a6acc6d04c sp=0x000000b096bfd840
Event: 52.171 Thread 0x000002a6be69a800 DEOPT UNPACKING pc=0x000002a6a4cea1af sp=0x000000b096bfd7e8 mode 2
Event: 52.182 Thread 0x000002a6be69a800 DEOPT PACKING pc=0x000002a6a6303844 sp=0x000000b096bfbc10
Event: 52.182 Thread 0x000002a6be69a800 DEOPT UNPACKING pc=0x000002a6a4cea95e sp=0x000000b096bfb1b0 mode 0
Event: 52.251 Thread 0x000002a6be699800 Uncommon trap: trap_request=0xffffffd6 fr.pc=0x000002a6acc719d0 relative=0x0000000000000710
Event: 52.251 Thread 0x000002a6be699800 Uncommon trap: reason=array_check action=maybe_recompile pc=0x000002a6acc719d0 method=java.util.TimSort.binarySort([Ljava/lang/Object;IIILjava/util/Comparator;)V @ 215 c2
Event: 52.251 Thread 0x000002a6be699800 DEOPT PACKING pc=0x000002a6acc719d0 sp=0x000000b096afdc00
Event: 52.251 Thread 0x000002a6be699800 DEOPT UNPACKING pc=0x000002a6a4cea1af sp=0x000000b096afdba8 mode 2
Event: 52.255 Thread 0x000002a6c111a000 Uncommon trap: trap_request=0xffffffd6 fr.pc=0x000002a6acc719d0 relative=0x0000000000000710
Event: 52.255 Thread 0x000002a6c111a000 Uncommon trap: reason=array_check action=maybe_recompile pc=0x000002a6acc719d0 method=java.util.TimSort.binarySort([Ljava/lang/Object;IIILjava/util/Comparator;)V @ 215 c2
Event: 52.255 Thread 0x000002a6c111a000 DEOPT PACKING pc=0x000002a6acc719d0 sp=0x000000b0984fd870
Event: 52.255 Thread 0x000002a6c111a000 DEOPT UNPACKING pc=0x000002a6a4cea1af sp=0x000000b0984fd818 mode 2
Event: 52.326 Thread 0x000002a6bdeb2000 Uncommon trap: trap_request=0xffffff4d fr.pc=0x000002a6acc3ec5c relative=0x00000000000001fc
Event: 52.326 Thread 0x000002a6bdeb2000 Uncommon trap: reason=unstable_if action=reinterpret pc=0x000002a6acc3ec5c method=org.gradle.internal.file.FileHierarchySet$Node.isChildOfOrThis(Ljava/lang/String;I)Z @ 72 c2
Event: 52.326 Thread 0x000002a6bdeb2000 DEOPT PACKING pc=0x000002a6acc3ec5c sp=0x000000b094ff99f0
Event: 52.326 Thread 0x000002a6bdeb2000 DEOPT UNPACKING pc=0x000002a6a4cea1af sp=0x000000b094ff9978 mode 2

Classes redefined (0 events):
No events

Internal exceptions (20 events):
Event: 46.658 Thread 0x000002a6be905000 Exception <a 'java/lang/NoSuchMethodError'{0x0000000088ccce38}: <clinit>> (0x0000000088ccce38) thrown at [./src/hotspot/share/prims/jni.cpp, line 1365]
Event: 46.660 Thread 0x000002a6be905000 Exception <a 'java/lang/NoSuchMethodError'{0x0000000088cd9860}: <clinit>> (0x0000000088cd9860) thrown at [./src/hotspot/share/prims/jni.cpp, line 1365]
Event: 46.686 Thread 0x000002a6be905000 Exception <a 'java/lang/NoSuchMethodError'{0x0000000088b2a778}: <clinit>> (0x0000000088b2a778) thrown at [./src/hotspot/share/prims/jni.cpp, line 1365]
Event: 46.694 Thread 0x000002a6be905000 Exception <a 'java/lang/NoSuchMethodError'{0x0000000088b91398}: <clinit>> (0x0000000088b91398) thrown at [./src/hotspot/share/prims/jni.cpp, line 1365]
Event: 46.695 Thread 0x000002a6be905000 Exception <a 'java/lang/NoSuchMethodError'{0x0000000088b9b6b8}: <clinit>> (0x0000000088b9b6b8) thrown at [./src/hotspot/share/prims/jni.cpp, line 1365]
Event: 46.756 Thread 0x000002a6c1128000 Exception <a 'java/lang/NoSuchMethodError'{0x00000000889c07a0}: <clinit>> (0x00000000889c07a0) thrown at [./src/hotspot/share/prims/jni.cpp, line 1365]
Event: 46.766 Thread 0x000002a6c1128000 Exception <a 'java/lang/NoSuchMethodError'{0x00000000889d5a00}: <clinit>> (0x00000000889d5a00) thrown at [./src/hotspot/share/prims/jni.cpp, line 1365]
Event: 46.808 Thread 0x000002a6c1128000 Exception <a 'java/lang/NoSuchMethodError'{0x00000000889f84c0}: <clinit>> (0x00000000889f84c0) thrown at [./src/hotspot/share/prims/jni.cpp, line 1365]
Event: 46.810 Thread 0x000002a6c1128000 Exception <a 'java/lang/NoSuchMethodError'{0x000000008880bab0}: 'void java.lang.invoke.DirectMethodHandle$Holder.invokeSpecial(java.lang.Object, java.lang.Object, java.lang.Object, int)'> (0x000000008880bab0) thrown at [./src/hotspot/share/interpreter/linkResolver.cpp, line 773]
Event: 46.869 Thread 0x000002a6bd6f9000 Exception <a 'java/lang/IncompatibleClassChangeError'{0x00000000888d4970}: Found class java.lang.Object, but interface was expected> (0x00000000888d4970) thrown at [./src/hotspot/share/interpreter/linkResolver.cpp, line 839]
Event: 46.907 Thread 0x000002a6be905000 Exception <a 'java/lang/NoSuchMethodError'{0x0000000088607ea0}: <clinit>> (0x0000000088607ea0) thrown at [./src/hotspot/share/prims/jni.cpp, line 1365]
Event: 46.907 Thread 0x000002a6bd6f9000 Exception <a 'java/lang/NoSuchMethodError'{0x00000000887d7ad0}: 'java.lang.Object java.lang.invoke.DirectMethodHandle$Holder.invokeInterface(java.lang.Object, java.lang.Object, int)'> (0x00000000887d7ad0) thrown at [./src/hotspot/share/interpreter/linkResolver.cpp, line 773]
Event: 46.910 Thread 0x000002a6bd6f9000 Exception <a 'java/lang/NoSuchMethodError'{0x000000008860dd38}: 'void java.lang.invoke.DirectMethodHandle$Holder.invokeStatic(java.lang.Object, java.lang.Object, java.lang.Object, int)'> (0x000000008860dd38) thrown at [./src/hotspot/share/interpreter/linkResolver.cpp, line 773]
Event: 46.974 Thread 0x000002a6bd6f9000 Implicit null exception at 0x000002a6ac9f0277 to 0x000002a6ac9f0410
Event: 47.014 Thread 0x000002a6bd6f9000 Exception <a 'java/lang/IncompatibleClassChangeError'{0x00000000885a51f0}: Found class java.lang.Object, but interface was expected> (0x00000000885a51f0) thrown at [./src/hotspot/share/interpreter/linkResolver.cpp, line 839]
Event: 47.113 Thread 0x000002a6bd6f9000 Exception <a 'java/lang/NoSuchMethodError'{0x0000000088229708}: 'int java.lang.invoke.DirectMethodHandle$Holder.invokeStaticInit(java.lang.Object, java.lang.Object, java.lang.Object, java.lang.Object, java.lang.Object)'> (0x0000000088229708) thrown at [./src/hotspot/share/interpreter/linkResolver.cpp, line 773]
Event: 49.382 Thread 0x000002a6bdeb2000 Exception <a 'java/lang/NoSuchMethodError'{0x0000000087b6f530}: 'void java.lang.invoke.DirectMethodHandle$Holder.invokeStatic(java.lang.Object, java.lang.Object, java.lang.Object, java.lang.Object, int, java.lang.Object, java.lang.Object)'> (0x0000000087b6f530) thrown at [./src/hotspot/share/interpreter/linkResolver.cpp, line 773]
Event: 49.506 Thread 0x000002a6bdeb2000 Exception <a 'java/lang/NoSuchMethodError'{0x00000000879fed50}: 'java.lang.Object java.lang.invoke.DirectMethodHandle$Holder.invokeSpecialIFC(java.lang.Object, java.lang.Object, java.lang.Object)'> (0x00000000879fed50) thrown at [./src/hotspot/share/interpreter/linkResolver.cpp, line 773]
Event: 50.733 Thread 0x000002a6bdeb2000 Implicit null exception at 0x000002a6acc448a4 to 0x000002a6acc44a44
Event: 51.805 Thread 0x000002a6be26f800 Exception <a 'java/lang/NoSuchMethodError'{0x0000000089011cd8}: 'void java.lang.invoke.DirectMethodHandle$Holder.invokeVirtual(java.lang.Object, java.lang.Object)'> (0x0000000089011cd8) thrown at [./src/hotspot/share/interpreter/linkResolver.cpp, line 773]

Events (20 events):
Event: 52.322 Executing VM operation: RevokeBias
Event: 52.322 Executing VM operation: RevokeBias done
Event: 52.322 Executing VM operation: RevokeBias
Event: 52.322 Executing VM operation: RevokeBias done
Event: 52.322 Executing VM operation: RevokeBias
Event: 52.323 Executing VM operation: RevokeBias done
Event: 52.323 Executing VM operation: BulkRevokeBias
Event: 52.324 Executing VM operation: BulkRevokeBias done
Event: 52.328 Executing VM operation: RevokeBias
Event: 52.328 Executing VM operation: RevokeBias done
Event: 52.329 loading class org/gradle/execution/plan/LocalTaskNode
Event: 52.329 loading class org/gradle/execution/plan/LocalTaskNode done
Event: 52.329 loading class org/gradle/execution/plan/LocalTaskNodeExecutor
Event: 52.329 loading class org/gradle/execution/plan/LocalTaskNodeExecutor done
Event: 52.330 loading class org/gradle/execution/plan/LocalTaskNode
Event: 52.330 loading class org/gradle/execution/plan/LocalTaskNode done
Event: 52.330 loading class org/gradle/execution/plan/LocalTaskNodeExecutor
Event: 52.330 loading class org/gradle/execution/plan/LocalTaskNodeExecutor done
Event: 52.348 loading class org/gradle/internal/snapshot/impl/SetValueSnapshot
Event: 52.348 loading class org/gradle/internal/snapshot/impl/SetValueSnapshot done


Dynamic libraries:
0x00007ff7bc7d0000 - 0x00007ff7bc7da000 	C:\Program Files\Android\Android Studio\jre\bin\java.exe
0x00007ffe59bf0000 - 0x00007ffe59de8000 	C:\WINDOWS\SYSTEM32\ntdll.dll
0x00007ffe57c50000 - 0x00007ffe57d0d000 	C:\WINDOWS\System32\KERNEL32.DLL
0x00007ffe57880000 - 0x00007ffe57b4e000 	C:\WINDOWS\System32\KERNELBASE.dll
0x00007ffe57710000 - 0x00007ffe57810000 	C:\WINDOWS\System32\ucrtbase.dll
0x00007ffe28de0000 - 0x00007ffe28df7000 	C:\Program Files\Android\Android Studio\jre\bin\VCRUNTIME140.dll
0x00007ffe28300000 - 0x00007ffe28319000 	C:\Program Files\Android\Android Studio\jre\bin\jli.dll
0x00007ffe598b0000 - 0x00007ffe59a50000 	C:\WINDOWS\System32\USER32.dll
0x00007ffe57540000 - 0x00007ffe57562000 	C:\WINDOWS\System32\win32u.dll
0x00007ffe57e30000 - 0x00007ffe57e5a000 	C:\WINDOWS\System32\GDI32.dll
0x00007ffe57600000 - 0x00007ffe5770b000 	C:\WINDOWS\System32\gdi32full.dll
0x00007ffe57310000 - 0x00007ffe573ad000 	C:\WINDOWS\System32\msvcp_win.dll
0x00007ffe3f810000 - 0x00007ffe3faaa000 	C:\WINDOWS\WinSxS\amd64_microsoft.windows.common-controls_6595b64144ccf1df_6.0.19041.1110_none_60b5254171f9507e\COMCTL32.dll
0x00007ffe58740000 - 0x00007ffe587de000 	C:\WINDOWS\System32\msvcrt.dll
0x00007ffe58320000 - 0x00007ffe58350000 	C:\WINDOWS\System32\IMM32.DLL
0x00007ffe1a3c0000 - 0x00007ffe1a45d000 	C:\Program Files\Android\Android Studio\jre\bin\msvcp140.dll
0x00007ffdff260000 - 0x00007ffdffd45000 	C:\Program Files\Android\Android Studio\jre\bin\server\jvm.dll
0x00007ffe59390000 - 0x00007ffe5943e000 	C:\WINDOWS\System32\ADVAPI32.dll
0x00007ffe58350000 - 0x00007ffe583ec000 	C:\WINDOWS\System32\sechost.dll
0x00007ffe58a40000 - 0x00007ffe58b65000 	C:\WINDOWS\System32\RPCRT4.dll
0x00007ffe582a0000 - 0x00007ffe582a8000 	C:\WINDOWS\System32\PSAPI.DLL
0x00007ffe55a90000 - 0x00007ffe55a99000 	C:\WINDOWS\SYSTEM32\WSOCK32.dll
0x00007ffe43820000 - 0x00007ffe43847000 	C:\WINDOWS\SYSTEM32\WINMM.dll
0x00007ffe4d370000 - 0x00007ffe4d37a000 	C:\WINDOWS\SYSTEM32\VERSION.dll
0x00007ffe59b40000 - 0x00007ffe59bab000 	C:\WINDOWS\System32\WS2_32.dll
0x00007ffe55bf0000 - 0x00007ffe55c02000 	C:\WINDOWS\SYSTEM32\kernel.appcore.dll
0x00007ffe4f250000 - 0x00007ffe4f261000 	C:\Program Files\Android\Android Studio\jre\bin\verify.dll
0x00007ffe55870000 - 0x00007ffe55a54000 	C:\WINDOWS\SYSTEM32\DBGHELP.DLL
0x00007ffe466c0000 - 0x00007ffe466ec000 	C:\WINDOWS\SYSTEM32\dbgcore.DLL
0x00007ffe57570000 - 0x00007ffe575f2000 	C:\WINDOWS\System32\bcryptPrimitives.dll
0x00007ffe38050000 - 0x00007ffe38079000 	C:\Program Files\Android\Android Studio\jre\bin\java.dll
0x00007ffe50b90000 - 0x00007ffe50b9b000 	C:\Program Files\Android\Android Studio\jre\bin\jimage.dll
0x00007ffe4f230000 - 0x00007ffe4f248000 	C:\Program Files\Android\Android Studio\jre\bin\zip.dll
0x00007ffe58b70000 - 0x00007ffe592b4000 	C:\WINDOWS\System32\SHELL32.dll
0x00007ffe550d0000 - 0x00007ffe55864000 	C:\WINDOWS\SYSTEM32\windows.storage.dll
0x00007ffe57e60000 - 0x00007ffe581b4000 	C:\WINDOWS\System32\combase.dll
0x00007ffe56ca0000 - 0x00007ffe56cd0000 	C:\WINDOWS\SYSTEM32\Wldp.dll
0x00007ffe587e0000 - 0x00007ffe5888d000 	C:\WINDOWS\System32\SHCORE.dll
0x00007ffe59a50000 - 0x00007ffe59aa5000 	C:\WINDOWS\System32\shlwapi.dll
0x00007ffe57250000 - 0x00007ffe5726f000 	C:\WINDOWS\SYSTEM32\profapi.dll
0x00007ffe342c0000 - 0x00007ffe342da000 	C:\Program Files\Android\Android Studio\jre\bin\net.dll
0x00007ffe48360000 - 0x00007ffe4846a000 	C:\WINDOWS\SYSTEM32\WINHTTP.dll
0x00007ffe56a00000 - 0x00007ffe56a6a000 	C:\WINDOWS\system32\mswsock.dll
0x00007ffe2fb00000 - 0x00007ffe2fb14000 	C:\Program Files\Android\Android Studio\jre\bin\nio.dll
0x00007ffe2f610000 - 0x00007ffe2f637000 	C:\Users\renzo\.gradle\native\e1d6ef7f7dcc3fd88c89a11ec53ec762bb8ba0a96d01ffa2cd45eb1d1d8dd5c5\windows-amd64\native-platform.dll
0x00007ffe0d350000 - 0x00007ffe0d494000 	C:\Users\renzo\.gradle\native\5664cfc778a61ccfe75a443a1ab52a65af34e5dc3c78e0209fed803814484fcb\windows-amd64\native-platform-file-events.dll
0x00007ffe50a40000 - 0x00007ffe50a4a000 	C:\Program Files\Android\Android Studio\jre\bin\management.dll
0x00007ffe4f1e0000 - 0x00007ffe4f1ed000 	C:\Program Files\Android\Android Studio\jre\bin\management_ext.dll
0x00007ffe56bf0000 - 0x00007ffe56c08000 	C:\WINDOWS\SYSTEM32\CRYPTSP.dll
0x00007ffe56380000 - 0x00007ffe563b4000 	C:\WINDOWS\system32\rsaenh.dll
0x00007ffe573b0000 - 0x00007ffe573d7000 	C:\WINDOWS\System32\bcrypt.dll
0x00007ffe57210000 - 0x00007ffe5723e000 	C:\WINDOWS\SYSTEM32\USERENV.dll
0x00007ffe56c10000 - 0x00007ffe56c1c000 	C:\WINDOWS\SYSTEM32\CRYPTBASE.dll
0x00007ffe566f0000 - 0x00007ffe5672b000 	C:\WINDOWS\SYSTEM32\IPHLPAPI.DLL
0x00007ffe57e20000 - 0x00007ffe57e28000 	C:\WINDOWS\System32\NSI.dll
0x00007ffe4ca30000 - 0x00007ffe4ca47000 	C:\WINDOWS\SYSTEM32\dhcpcsvc6.DLL
0x00007ffe4d2e0000 - 0x00007ffe4d2fd000 	C:\WINDOWS\SYSTEM32\dhcpcsvc.DLL
0x00007ffe56730000 - 0x00007ffe567fa000 	C:\WINDOWS\SYSTEM32\DNSAPI.dll

dbghelp: loaded successfully - version: 4.0.5 - missing functions: none
symbol engine: initialized successfully - sym options: 0x614 - pdb path: .;C:\Program Files\Android\Android Studio\jre\bin;C:\WINDOWS\SYSTEM32;C:\WINDOWS\WinSxS\amd64_microsoft.windows.common-controls_6595b64144ccf1df_6.0.19041.1110_none_60b5254171f9507e;C:\Program Files\Android\Android Studio\jre\bin\server;C:\Users\renzo\.gradle\native\e1d6ef7f7dcc3fd88c89a11ec53ec762bb8ba0a96d01ffa2cd45eb1d1d8dd5c5\windows-amd64;C:\Users\renzo\.gradle\native\5664cfc778a61ccfe75a443a1ab52a65af34e5dc3c78e0209fed803814484fcb\windows-amd64

VM Arguments:
jvm_args: --add-opens=java.base/java.util=ALL-UNNAMED --add-opens=java.base/java.lang=ALL-UNNAMED --add-opens=java.base/java.lang.invoke=ALL-UNNAMED --add-opens=java.base/java.util=ALL-UNNAMED --add-opens=java.prefs/java.util.prefs=ALL-UNNAMED --add-opens=java.prefs/java.util.prefs=ALL-UNNAMED --add-opens=java.base/java.nio.charset=ALL-UNNAMED --add-opens=java.base/java.net=ALL-UNNAMED --add-opens=java.base/java.util.concurrent.atomic=ALL-UNNAMED -Xmx2048m -Dfile.encoding=UTF-8 -Duser.country=GB -Duser.language=en -Duser.variant 
java_command: org.gradle.launcher.daemon.bootstrap.GradleDaemon 7.3.3
java_class_path (initial): C:\Users\renzo\.gradle\wrapper\dists\gradle-7.3.3-bin\6a41zxkdtcxs8rphpq6y0069z\gradle-7.3.3\lib\gradle-launcher-7.3.3.jar
Launcher Type: SUN_STANDARD

[Global flags]
     intx CICompilerCount                          = 3                                         {product} {ergonomic}
     uint ConcGCThreads                            = 1                                         {product} {ergonomic}
     uint G1ConcRefinementThreads                  = 4                                         {product} {ergonomic}
   size_t G1HeapRegionSize                         = 1048576                                   {product} {ergonomic}
    uintx GCDrainStackTargetSize                   = 64                                        {product} {ergonomic}
   size_t InitialHeapSize                          = 132120576                                 {product} {ergonomic}
   size_t MarkStackSize                            = 4194304                                   {product} {ergonomic}
   size_t MaxHeapSize                              = 2147483648                                {product} {command line}
   size_t MaxNewSize                               = 1287651328                                {product} {ergonomic}
   size_t MinHeapDeltaBytes                        = 1048576                                   {product} {ergonomic}
    uintx NonNMethodCodeHeapSize                   = 5830732                                {pd product} {ergonomic}
    uintx NonProfiledCodeHeapSize                  = 122913754                              {pd product} {ergonomic}
    uintx ProfiledCodeHeapSize                     = 122913754                              {pd product} {ergonomic}
    uintx ReservedCodeCacheSize                    = 251658240                              {pd product} {ergonomic}
     bool SegmentedCodeCache                       = true                                      {product} {ergonomic}
     bool UseCompressedClassPointers               = true                                 {lp64_product} {ergonomic}
     bool UseCompressedOops                        = true                                 {lp64_product} {ergonomic}
     bool UseG1GC                                  = true                                      {product} {ergonomic}
     bool UseLargePagesIndividualAllocation        = false                                  {pd product} {ergonomic}

Logging:
Log output configuration:
 #0: stdout all=warning uptime,level,tags
 #1: stderr all=off uptime,level,tags

Environment Variables:
PATH=C:\ProgramData\Oracle\Java\javapath;C:\Program Files (x86)\Intel\iCLS Client\;C:\Program Files\Intel\iCLS Client\;C:\WINDOWS\system32;C:\WINDOWS;C:\WINDOWS\System32\Wbem;C:\WINDOWS\System32\WindowsPowerShell\v1.0\;C:\Program Files (x86)\Intel\Intel(R) Management Engine Components\DAL;C:\Program Files\Intel\Intel(R) Management Engine Components\DAL;C:\Program Files (x86)\Intel\Intel(R) Management Engine Components\IPT;C:\Program Files\Intel\Intel(R) Management Engine Components\IPT;C:\WINDOWS\System32\OpenSSH\;C:\Program Files\Microsoft SQL Server\Client SDK\ODBC\170\Tools\Binn\;C:\Program Files (x86)\Microsoft SQL Server\150\Tools\Binn\;C:\Program Files\Microsoft SQL Server\150\Tools\Binn\;C:\Program Files\Microsoft SQL Server\150\DTS\Binn\;C:\Program Files\dotnet\;D:\Program Files (x86)\Git\cmd;C:\Program Files (x86)\Calibre2\;D:\Program Files (x86)\nvm;C:\Program Files\nodejs;D:\MinGW\bin;;D:\Program Files (x86)\Cloud Foundry;C:\Program Files\Cloud Foundry;C:\Program Files\Microsoft SQL Server\130\Tools\Binn\;C:\Users\renzo\AppData\Local\Programs\Python\Python39\Scripts\;C:\Users\renzo\AppData\Local\Programs\Python\Python39\;C:\Users\renzo\AppData\Local\Microsoft\WindowsApps;C:\Users\renzo\AppData\Local\Programs\Microsoft VS Code\bin;C:\Program Files\JetBrains\PyCharm Community Edition 2019.3.3\bin;;C:\Users\renzo\.dotnet\tools;C:\Users\renzo\AppData\Roaming\npm;D:\Program Files (x86)\nvm;C:\Program Files\nodejs;D:\MinGW\bin;;C:\Users\renzo\AppData\Local\JetBrains\Toolbox\scripts
USERNAME=renzo
OS=Windows_NT
PROCESSOR_IDENTIFIER=Intel64 Family 6 Model 78 Stepping 3, GenuineIntel



---------------  S Y S T E M  ---------------

OS: Windows 10 , 64 bit Build 19041 (10.0.19041.1889)
OS uptime: 8 days 3:52 hours

CPU:total 4 (initial active 4) (2 cores per cpu, 2 threads per core) family 6 model 78 stepping 3 microcode 0xcc, cmov, cx8, fxsr, mmx, sse, sse2, sse3, ssse3, sse4.1, sse4.2, popcnt, avx, avx2, aes, clmul, erms, 3dnowpref, lzcnt, ht, tsc, tscinvbit, bmi1, bmi2, adx, fma

Memory: 4k page, system-wide physical 8056M (145M free)
TotalPageFile size 18604M (AvailPageFile size 0M)
current process WorkingSet (physical memory assigned to process): 355M, peak: 381M
current process commit charge ("private bytes"): 415M, peak: 417M

vm_info: OpenJDK 64-Bit Server VM (11.0.12+7-b1504.28-7817840) for windows-amd64 JRE (11.0.12+7-b1504.28-7817840), built on Oct 13 2021 22:12:33 by "builder" with MS VC++ 14.0 (VS2015)

END.
